
[1mRooFit v3.60 -- Developed by Wouter Verkerke and David Kirkby[0m 
                Copyright (C) 2000-2013 NIKHEF, University of California & Stanford University
                All rights reserved, please read http://roofit.sourceforge.net/license.txt

 10 ./Templater
 10 -in
 10 -conf
 10 -flag
 10 -mc
 10 -ff
Configuring
 ::: Setting Fit Parameters from config/config_NorBin_IsoPIDCut_Q2.txt file ::: 
Read value :: 0 :: for param :: applyTauCut
 ::: Setting Fit Parameters from config/config_NorBin_IsoPIDCut_Q2.txt file ::: 
Read value :: 0 :: for param :: applyBMCut
 ::: Setting Fit Parameters from config/config_NorBin_IsoPIDCut_Q2.txt file ::: 
Read value :: 1 :: for param :: applyIsoCut
 ::: Setting Fit Parameters from config/config_NorBin_IsoPIDCut_Q2.txt file ::: 
Read value :: 20 :: for param :: nBinsMass
 ::: Setting Fit Parameters from config/config_NorBin_IsoPIDCut_Q2.txt file ::: 
Read value :: 11 :: for param :: nBinsQsq
 ::: Setting Fit Parameters from config/config_NorBin_IsoPIDCut_Q2.txt file ::: 
Read value :: 10 :: for param :: nBinsEmu
 ::: Setting Fit Parameters from config/config_NorBin_IsoPIDCut_Q2.txt file ::: 
Read value :: 20 :: for param :: nBinsMMsq
 ::: Setting Fit Parameters from config/config_NorBin_IsoPIDCut_Q2.txt file ::: 
Read value :: 0 :: for param :: doPhiPi
Setting output 
 Entering Do Template 
-------------------------
Set LHCb Style - Feb 2012
-------------------------
Going to write output file :: output/RootOutp_MCAll_bin0_NorBIsoPIDCutBdDstDs_Weight.root
 /afs/cern.ch/user/r/rvazquez/RDS/DaVinciDev_v41r3/Phys/BsDsMuNuForRDS/src/DsMass_WithSWeighted_Dsst_BdDD_NoCL_CB_Sim09b.root
TFile**		/afs/cern.ch/user/r/rvazquez/RDS/DaVinciDev_v41r3/Phys/BsDsMuNuForRDS/src/DsMass_WithSWeighted_Dsst_BdDD_NoCL_CB_Sim09b.root	
 TFile*		/afs/cern.ch/user/r/rvazquez/RDS/DaVinciDev_v41r3/Phys/BsDsMuNuForRDS/src/DsMass_WithSWeighted_Dsst_BdDD_NoCL_CB_Sim09b.root	
  KEY: TTree	DecayTree;1	tree with weights
nentries = 1903
With weight = ( McorrDsst > 3000 && McorrDsst < 8000 && (Ds_MM>1940 && Ds_MM<2000) && sq > 0. && ( Kpl_P>5000 && Kmi_P>5000 && pi_P>5000 && (Kpl_PT>800 || Kmi_PT>800 || pi_PT>800) && Ds_PT>2000 && Bs_0_BDTS_DOCA<0.50 && Bs_0_FDCHI2_TOPPV>50 && 1940<Ds_MM && 2000>Ds_MM  )  && ( mu_PIDmu > 0) && (mu_iso_MinBDT_Long>-0.5) )*sigw
1903
--- ... Processing event: 0
mass 3750.31, q2 982270
mass 4510.52, q2 870448
mass 4229.46, q2 2.19511e+06
mass 3913.55, q2 6.92631e+06
mass 3967.37, q2 2.96424e+06
mass 4896.46, q2 1.04509e+06
mass 4267.38, q2 3.18625e+06
mass 3565.75, q2 2.01788e+06
mass 4622.98, q2 1.9282e+06
mass 4888.8, q2 3.9267e+06
mass 4852.92, q2 79325.2
mass 3796.69, q2 9.6601e+06
mass 4270.9, q2 459222
mass 3666.96, q2 412526
mass 5549.93, q2 418476
mass 4095.93, q2 294622
mass 4135.26, q2 5.25421e+06
mass 4170.75, q2 2.20291e+06
mass 5223.15, q2 1.7915e+06
mass 3683.04, q2 820711
mass 4059.93, q2 2.1958e+06
mass 4858.9, q2 563518
mass 4714.61, q2 276848
mass 5104.97, q2 679813
mass 3936.71, q2 1.04524e+07
mass 4741.98, q2 4.86514e+06
mass 4166.89, q2 7.59146e+06
mass 4528.22, q2 3.46566e+06
mass 4020.44, q2 521731
mass 3724.94, q2 2.11118e+06
mass 4974.77, q2 2.32141e+06
mass 4530.11, q2 1.50472e+06
mass 4709.25, q2 4.82713e+06
mass 4508.56, q2 5.49543e+06
mass 4412.28, q2 363685
mass 3808.46, q2 6.52303e+06
mass 3937.38, q2 2.60307e+06
mass 6675.24, q2 -633070
mass 4111.89, q2 1.10319e+06
mass 3273.34, q2 1.3776e+06
mass 4101.18, q2 1.39612e+06
mass 3708.09, q2 3.44156e+06
mass 5692.98, q2 -1.20496e+06
mass 4142.97, q2 7.8534e+06
mass 5197.31, q2 1.88626e+06
mass 4228.4, q2 1.73161e+06
mass 3732.16, q2 754606
mass 3621.31, q2 2.51178e+06
mass 3709.82, q2 492566
mass 4667.27, q2 981279
mass 4072.33, q2 2.60371e+06
mass 5004.29, q2 2.92376e+06
mass 3329.62, q2 1.55511e+06
mass 4041.72, q2 7.69196e+06
mass 4060.09, q2 4.67431e+06
mass 3851.78, q2 5.22686e+06
mass 4387.96, q2 7.90822e+06
mass 4561.11, q2 4.5989e+06
mass 4642.08, q2 2.41029e+06
mass 3654.56, q2 4.32327e+06
mass 3961.47, q2 6.88616e+06
mass 3193.99, q2 7.74114e+06
mass 5008.71, q2 568193
mass 4406.97, q2 5.60117e+06
mass 3925.72, q2 2.51057e+06
mass 3740.25, q2 2.13815e+06
mass 3677.21, q2 5.02278e+06
mass 5306.22, q2 2.23351e+06
mass 4230.64, q2 1.26498e+06
mass 3792.67, q2 6.75926e+06
mass 3903.05, q2 5.51423e+06
mass 4325.58, q2 639933
mass 4513.68, q2 2.15069e+06
mass 4257.03, q2 7.56633e+06
mass 3810.85, q2 8.81463e+06
mass 3910.87, q2 964622
mass 4817.23, q2 1.87861e+06
mass 4447.35, q2 3.02141e+06
mass 4435.59, q2 2.59147e+06
mass 4769.39, q2 2.03301e+06
mass 4054.99, q2 1.57087e+06
mass 4784.72, q2 3.52568e+06
mass 3962.68, q2 1.49586e+06
mass 4292.22, q2 1.55252e+06
mass 4581.63, q2 2.01304e+06
mass 3649.72, q2 9.05856e+06
mass 3487.4, q2 4.27998e+06
mass 3805.14, q2 2.05207e+06
mass 3497.94, q2 545572
mass 4300.19, q2 9.20769e+06
mass 3753.68, q2 2.72256e+06
mass 4679.59, q2 5.25036e+06
mass 4575.67, q2 3.4724e+06
mass 3399.14, q2 4.23486e+06
mass 4047.11, q2 8.95595e+06
mass 3472.61, q2 2.34535e+06
mass 4688.79, q2 2.01195e+06
mass 4135.31, q2 7.47995e+06
mass 4203.22, q2 2.46069e+06
mass 3852.25, q2 2.42418e+06
mass 4364.53, q2 7.08503e+06
mass 3896.77, q2 9.53887e+06
mass 4510.92, q2 639743
mass 5087.66, q2 2.31825e+06
mass 3735.78, q2 1.00685e+06
mass 3972.63, q2 1.68926e+06
mass 5062.92, q2 47154.8
mass 7206.53, q2 -2.49459e+06
mass 4007.18, q2 3.2357e+06
mass 4036.96, q2 2.28846e+06
mass 4407.18, q2 7.65353e+06
mass 4973.14, q2 1.14462e+06
mass 4375.37, q2 142278
mass 4048, q2 1.72407e+06
mass 3743.1, q2 2.57238e+06
mass 4471.77, q2 1.9238e+06
mass 7797.85, q2 -7.54636e+06
mass 4598.41, q2 3.27915e+06
mass 4656.46, q2 2.422e+06
mass 3908.28, q2 1.03768e+06
mass 4709.38, q2 1.30823e+06
mass 3379.73, q2 204150
mass 3747.68, q2 2.71779e+06
mass 3523.68, q2 906863
mass 3704.54, q2 6.83934e+06
mass 3993.29, q2 487159
mass 4337.31, q2 2.20614e+06
mass 4718.48, q2 4.05299e+06
mass 5188.42, q2 1.52051e+06
mass 3741.27, q2 878631
mass 4393.99, q2 3.40451e+06
mass 4344.92, q2 7.1248e+06
mass 5727.55, q2 5.1123e+06
mass 4208.87, q2 3.22206e+06
mass 4504.55, q2 8.47528e+06
mass 5715.47, q2 6.9805e+06
mass 3781.96, q2 2.73179e+06
mass 4062.64, q2 5.91596e+06
mass 5627.89, q2 -120731
mass 4144.69, q2 3.89886e+06
mass 4582.79, q2 1.96432e+06
mass 3581.47, q2 1.88728e+06
mass 4404.71, q2 3.24001e+06
mass 5217.99, q2 935747
mass 4682.48, q2 4.5016e+06
mass 3879.34, q2 1.71909e+06
mass 3812.32, q2 1.47311e+06
mass 4778.51, q2 2.705e+06
mass 3968.25, q2 1.12236e+06
mass 4693.84, q2 2.75576e+06
mass 3870.09, q2 974053
mass 4125.85, q2 8.81723e+06
mass 5070.46, q2 539264
mass 4799.72, q2 2.40963e+06
mass 4314.54, q2 6.14077e+06
mass 3879.89, q2 1.6633e+06
mass 5342.02, q2 4.06181e+06
mass 4333.95, q2 3.34745e+06
mass 4517.06, q2 2.51863e+06
mass 4747.04, q2 659412
mass 4916.92, q2 240689
mass 5046.45, q2 87800.5
mass 4932.63, q2 1.16433e+06
mass 4469.29, q2 9.98384e+06
mass 3899.32, q2 1.65825e+06
mass 5538.75, q2 831015
mass 4368.96, q2 3.24438e+06
mass 3931.04, q2 1.00211e+06
mass 3540.96, q2 2.00907e+06
mass 4763.42, q2 1.07458e+06
mass 3717.02, q2 1.71564e+06
mass 4334.28, q2 3.16718e+06
mass 3589.92, q2 5.50014e+06
mass 4638.28, q2 1.38766e+06
mass 4453, q2 528130
mass 4776.77, q2 129884
mass 3115.74, q2 2.62722e+06
mass 3476.49, q2 1.41444e+06
mass 4658.38, q2 3.56896e+06
mass 4521.76, q2 6.06729e+06
mass 4080.72, q2 444914
mass 3497.96, q2 1.09688e+06
mass 3568.33, q2 1.33098e+06
mass 3909.49, q2 8.76319e+06
mass 3846.56, q2 768683
mass 5595.3, q2 -417487
mass 4165.02, q2 1.09138e+06
mass 3679.05, q2 958503
mass 4526.04, q2 3.93805e+06
mass 4893.4, q2 1.83965e+06
mass 4727.03, q2 4.08414e+06
mass 3666.45, q2 2.38898e+06
mass 3941.78, q2 1.30842e+06
mass 5005.94, q2 729801
mass 6656.45, q2 4.17703e+06
mass 3496.97, q2 2.77911e+06
mass 4225.36, q2 1.79252e+06
mass 3698.99, q2 650047
mass 4155.65, q2 5.03276e+06
mass 3999.14, q2 3.28999e+06
mass 3834.77, q2 8.70116e+06
mass 5140.97, q2 5.351e+06
mass 3497.45, q2 874426
mass 4587.99, q2 2.64661e+06
mass 3452.03, q2 901413
mass 4268.58, q2 7.83268e+06
mass 4319.88, q2 1.93322e+06
mass 4045.59, q2 3.15595e+06
mass 4643.93, q2 969274
mass 3446.96, q2 1.24182e+06
mass 4173.06, q2 1.75956e+06
mass 4079.11, q2 936909
mass 4863.03, q2 5.22953e+06
mass 4287.26, q2 627680
mass 4445.92, q2 561313
mass 3727.44, q2 8.17682e+06
mass 4796.42, q2 3.07914e+06
mass 4325.99, q2 5.3669e+06
mass 4829.09, q2 1.4398e+06
mass 5116.29, q2 719322
mass 4514.34, q2 3.45084e+06
mass 4197.26, q2 761634
mass 5194.35, q2 303599
mass 5163.91, q2 483185
mass 4596.77, q2 4.33191e+06
mass 4635.78, q2 1.0428e+06
mass 4139.49, q2 7.36368e+06
mass 3759.6, q2 1.23679e+06
mass 4908.15, q2 1.8468e+06
mass 3899.38, q2 7.87356e+06
mass 4095.18, q2 3.38158e+06
mass 5179.61, q2 125110
mass 4880.36, q2 241511
mass 3388.9, q2 578631
mass 3714.28, q2 719398
mass 4151, q2 7.52404e+06
mass 3410.58, q2 394554
mass 4582.63, q2 497461
mass 3833.02, q2 7.29692e+06
mass 4036.3, q2 6.84649e+06
mass 3425.15, q2 2.84886e+06
mass 4506.39, q2 1.89807e+06
mass 4595.8, q2 779788
mass 4042.35, q2 4.61552e+06
mass 3718.68, q2 2.875e+06
mass 4316.29, q2 1.4871e+06
mass 4699.73, q2 4.81819e+06
mass 4528.43, q2 1.34928e+06
mass 5164.6, q2 1.32043e+06
mass 3550.78, q2 7.42266e+06
mass 4477.3, q2 1.07293e+06
mass 4233.42, q2 1.01615e+06
mass 4315.9, q2 1.46985e+06
mass 3651.5, q2 5.83086e+06
mass 4483.56, q2 1.21512e+06
mass 4311.73, q2 5.12627e+06
mass 4569.19, q2 375681
mass 4324.83, q2 1.68253e+06
mass 3781.54, q2 5.04925e+06
mass 4608.07, q2 3.69024e+06
mass 4700.95, q2 712061
mass 4015.28, q2 683715
mass 5905.87, q2 -663953
mass 4069.99, q2 1.06708e+06
mass 4090.4, q2 1.05208e+07
mass 4934.35, q2 1.73841e+06
mass 4994.68, q2 3.76601e+06
mass 4283.36, q2 8.34269e+06
mass 5526.15, q2 2.1636e+06
mass 4450.71, q2 2.79118e+06
mass 3509.91, q2 2.18475e+06
mass 4518.63, q2 792989
mass 4161.31, q2 1.22287e+06
mass 4087.92, q2 7.31609e+06
mass 4226.8, q2 3.96261e+06
mass 4462.27, q2 2.23513e+06
mass 4543.36, q2 1.28477e+06
mass 3555.15, q2 2.05626e+06
mass 5015.78, q2 788128
mass 4557.96, q2 3.64149e+06
mass 4053.58, q2 1.86301e+06
mass 4978.83, q2 1.95834e+06
mass 3406, q2 902665
mass 3632.82, q2 5.18416e+06
mass 3772.07, q2 1.66511e+06
mass 4756.99, q2 2.93543e+06
mass 4771.6, q2 2.45379e+06
mass 4344.45, q2 4.1585e+06
mass 4437.59, q2 650017
mass 3712.76, q2 1.87633e+06
mass 4649.31, q2 2.38345e+06
mass 3991.06, q2 6.09946e+06
mass 4947.29, q2 696859
mass 5075.6, q2 1.34481e+06
mass 3989.38, q2 2.10181e+06
mass 3963.29, q2 2.26851e+06
mass 4191.63, q2 337157
mass 4734.3, q2 3.12931e+06
mass 4027.44, q2 224748
mass 3606.97, q2 7.22467e+06
mass 4918.25, q2 6.36308e+06
mass 4561.25, q2 6.17431e+06
mass 3493.88, q2 756606
mass 4247.01, q2 5.1125e+06
mass 3333.27, q2 8.23351e+06
mass 4472.47, q2 2.47147e+06
mass 3522.44, q2 3.69518e+06
mass 4453.96, q2 3.38747e+06
mass 4259.48, q2 2.10135e+06
mass 5287.42, q2 2.61445e+06
mass 3501.09, q2 5.10504e+06
mass 4544.5, q2 283099
mass 3962.54, q2 1.58284e+06
mass 4566.68, q2 4.20485e+06
mass 3362.15, q2 1.74447e+06
mass 4909.3, q2 1.84532e+06
mass 3858.63, q2 2.39111e+06
mass 3436.83, q2 6.80793e+06
mass 4506.6, q2 1.60017e+06
mass 4091.44, q2 1.0196e+06
mass 3550.02, q2 4.47568e+06
mass 3616.85, q2 419143
mass 3998.96, q2 1.09512e+06
mass 3868.07, q2 7.89206e+06
mass 3292.14, q2 8.52909e+06
mass 5643.17, q2 6.67538e+06
mass 3461.61, q2 1.88873e+06
mass 3874.16, q2 769543
mass 4311.7, q2 7.53299e+06
mass 5409.74, q2 300745
mass 4898.5, q2 166004
mass 4502.95, q2 1.92502e+06
mass 3807.9, q2 3.68992e+06
mass 3653.8, q2 2.24578e+06
mass 3530.39, q2 2.43454e+06
mass 3248.55, q2 1.89222e+06
mass 5080.14, q2 849202
mass 3212.57, q2 1.00313e+06
mass 5036.46, q2 3.202e+06
mass 4553.91, q2 3.35499e+06
mass 3574.65, q2 695309
mass 3764.94, q2 4.2954e+06
mass 4762.69, q2 2.31609e+06
mass 4609, q2 4.9969e+06
mass 4858.88, q2 2.67018e+06
mass 4567.99, q2 1.00054e+06
mass 4361.99, q2 8.29705e+06
mass 4374.64, q2 7.00861e+06
mass 4100.23, q2 413971
mass 3855.77, q2 1.9382e+06
mass 4069.9, q2 2.40498e+06
mass 4632.78, q2 1.59241e+06
mass 3573.77, q2 2.51783e+06
mass 4392.93, q2 4.45492e+06
mass 3847.71, q2 6.22448e+06
mass 3675.21, q2 3.60274e+06
mass 7127.69, q2 -6.11869e+06
mass 3522.72, q2 1.06069e+06
mass 4475.5, q2 2.55792e+06
mass 3497.94, q2 3.31171e+06
mass 3943.87, q2 4.57903e+06
mass 4223.5, q2 2.32722e+06
mass 3812.66, q2 8.66147e+06
mass 3762.2, q2 1.4987e+06
mass 4624.73, q2 2.59088e+06
mass 4072.17, q2 1.62967e+06
mass 4295.92, q2 1.91419e+06
mass 4873.98, q2 5.05632e+06
mass 7205.19, q2 -1.61429e+06
mass 3653.1, q2 2.1727e+06
mass 4511.66, q2 3.82375e+06
mass 4092.41, q2 2.52912e+06
mass 4719.88, q2 2.26553e+06
mass 4072.63, q2 4.46036e+06
mass 4773.27, q2 1.10954e+06
mass 3759.1, q2 7.69581e+06
mass 4776.89, q2 997224
mass 5087.15, q2 2.1197e+06
mass 7358.03, q2 -6.05394e+06
mass 3658.28, q2 1.48875e+06
mass 4594.45, q2 3.98693e+06
mass 3791.57, q2 9.03061e+06
mass 4632.4, q2 3.93269e+06
mass 3872.73, q2 1.00024e+06
mass 4552.53, q2 2.0568e+06
mass 4726.35, q2 5.27822e+06
mass 5168.31, q2 1.975e+06
mass 4494.78, q2 577239
mass 4324.89, q2 6.24016e+06
mass 4528.19, q2 3.17008e+06
mass 4484.2, q2 2.89445e+06
mass 4224.09, q2 6.55509e+06
mass 4796.68, q2 3.42373e+06
mass 4829.58, q2 1.86156e+06
mass 5041.13, q2 1.13573e+06
mass 3896.23, q2 1.58285e+06
mass 4604.58, q2 990821
mass 4848.79, q2 1.02414e+06
mass 3729.85, q2 8.33905e+06
mass 4730.46, q2 24931.9
mass 4086.74, q2 3.9908e+06
mass 4784.71, q2 2.29014e+06
mass 4451.89, q2 3.85637e+06
mass 3264.87, q2 1.88263e+06
mass 3462.35, q2 1.43176e+06
mass 4758.69, q2 4.52974e+06
mass 4606.33, q2 3.91863e+06
mass 3318.36, q2 2.59808e+06
mass 3516.53, q2 2.27438e+06
mass 3653.2, q2 1.83422e+06
mass 4373.5, q2 1.96168e+06
mass 4120.12, q2 1.68427e+06
mass 3825.52, q2 2.19069e+06
mass 4224.25, q2 1.42794e+06
mass 4706.46, q2 1.79316e+06
mass 5362.53, q2 2.80324e+06
mass 5701.74, q2 2.58141e+06
mass 5249.81, q2 452302
mass 3659.46, q2 4.0327e+06
mass 4539.36, q2 349807
mass 4759.79, q2 882076
mass 4563.03, q2 2.2048e+06
mass 4742.46, q2 4.62755e+06
mass 4645.26, q2 3.07318e+06
mass 4390.47, q2 995259
mass 3713.95, q2 845626
mass 6137.22, q2 890462
mass 4062.61, q2 1.89722e+06
mass 4415.87, q2 5.46157e+06
mass 4932.53, q2 2.79369e+06
mass 3326.76, q2 752316
mass 3935.86, q2 8.29943e+06
mass 4783.14, q2 1.51937e+06
mass 3571.83, q2 1.15504e+06
mass 4355.66, q2 1.33983e+06
mass 5097.6, q2 1.17599e+06
mass 5193.81, q2 1.5608e+06
mass 4638.19, q2 830618
mass 3422.58, q2 2.36479e+06
mass 5131.18, q2 4.74556e+06
mass 4934.39, q2 4.59448e+06
mass 4192.36, q2 8.17919e+06
mass 5215.09, q2 5.43155e+06
mass 3195.55, q2 2.39142e+06
mass 4145.69, q2 6.33499e+06
mass 3421.32, q2 1.08788e+06
mass 4129.16, q2 9.39601e+06
mass 4674.92, q2 4.22154e+06
mass 3797.14, q2 572162
mass 5569.7, q2 219969
mass 5643.58, q2 3.31864e+06
mass 3921.33, q2 6.0147e+06
mass 5881.67, q2 2.43765e+06
mass 5220.45, q2 117402
mass 4647.09, q2 9.53379e+06
mass 3953.2, q2 4.37596e+06
mass 4626.22, q2 2.632e+06
mass 3893.34, q2 2.86775e+06
mass 4103.23, q2 695987
mass 4651.68, q2 3.54614e+06
mass 4927.77, q2 4.21432e+06
mass 3775.49, q2 2.61871e+06
mass 3797.47, q2 782294
mass 4266.31, q2 2.17303e+06
mass 5188.56, q2 2.4664e+06
mass 4568.79, q2 2.78302e+06
mass 4075.03, q2 3.37813e+06
mass 4949.19, q2 263904
mass 4499.29, q2 3.67141e+06
mass 4170.38, q2 7.91666e+06
mass 3373.48, q2 8.65148e+06
mass 3411.72, q2 1.2225e+06
mass 6265.62, q2 -2.33561e+06
mass 4248.76, q2 745878
mass 4839.21, q2 744778
mass 4166.26, q2 1.21599e+06
mass 3989.66, q2 1.32756e+06
mass 3864.75, q2 7.79213e+06
mass 4283.27, q2 3.02979e+06
mass 4084.6, q2 8.91126e+06
mass 4229.45, q2 1.14041e+06
mass 4549.11, q2 3.71809e+06
mass 4551.62, q2 6.90667e+06
mass 4601.39, q2 4.5427e+06
mass 4278.85, q2 4.44633e+06
mass 5491.62, q2 -166480
mass 3501.78, q2 1.99191e+06
mass 4123.94, q2 6.30477e+06
mass 3954.96, q2 1.78418e+06
mass 4796.42, q2 2.55373e+06
mass 3623.72, q2 1.06385e+06
mass 4185.78, q2 1.33922e+06
mass 4015.55, q2 875713
mass 4157.2, q2 1.16937e+06
mass 4879.88, q2 1.95651e+06
mass 3768.42, q2 1.71185e+06
mass 4130.79, q2 9.35626e+06
mass 4230.54, q2 6.47608e+06
mass 7186.96, q2 -7.00227e+06
mass 4317.38, q2 1.28388e+06
mass 4146.04, q2 2.86986e+06
mass 4536.93, q2 2.33752e+06
mass 4051.25, q2 2.72757e+06
mass 4014.39, q2 641657
mass 3969.18, q2 6.73204e+06
mass 4406.35, q2 556355
mass 3421, q2 1.27704e+06
mass 4525.85, q2 693276
mass 3782.41, q2 8.60055e+06
mass 4472.54, q2 4.16903e+06
mass 4158.07, q2 7.10984e+06
mass 4361.81, q2 5.44891e+06
mass 4359.98, q2 946513
mass 4671.85, q2 3.05656e+06
mass 4253.75, q2 552334
mass 3673.72, q2 4.3086e+06
mass 5497.86, q2 1.1629e+06
mass 4910.33, q2 1.37582e+06
mass 5235.52, q2 5.2739e+06
mass 4074.03, q2 3.54051e+06
mass 4358.44, q2 4.46326e+06
mass 4990.56, q2 1.46672e+06
mass 4831.24, q2 4.03591e+06
mass 4727.27, q2 4.07059e+06
mass 4344.21, q2 6.73091e+06
mass 4942.08, q2 2.4063e+06
mass 3733.5, q2 2.95395e+06
mass 3508.29, q2 5.14287e+06
mass 3630.37, q2 2.15314e+06
mass 6099.69, q2 1.49778e+06
mass 5134.36, q2 1.04863e+06
mass 3691.45, q2 4.34315e+06
mass 4405.12, q2 9.68784e+06
mass 4013.55, q2 1.24577e+06
mass 4642.6, q2 2.58619e+06
mass 3883.23, q2 1.70433e+06
mass 4046.53, q2 2.75435e+06
mass 4680.84, q2 2.32674e+06
mass 4213.08, q2 7.37215e+06
mass 4168.42, q2 3.54294e+06
mass 5130.4, q2 1.86215e+06
mass 4758.87, q2 1.40627e+06
mass 4259.64, q2 1.91884e+06
mass 5045.7, q2 1.15418e+06
mass 4402.82, q2 2.22464e+06
mass 4471.39, q2 1.54612e+06
mass 4307.82, q2 2.87165e+06
mass 4730.29, q2 5.90684e+06
mass 4958.64, q2 6.68446e+06
mass 4714.57, q2 3.9298e+06
mass 5321.34, q2 4.64909e+06
mass 3849.41, q2 6.20983e+06
mass 3904.23, q2 2.5995e+06
mass 3380.21, q2 5.25216e+06
mass 4421.11, q2 3.00446e+06
mass 3853.51, q2 345457
mass 5074.59, q2 2.9834e+06
mass 4112.4, q2 1.46277e+06
mass 3586.13, q2 2.29958e+06
mass 4454.87, q2 4.75505e+06
mass 4425.12, q2 3.37717e+06
mass 6229.79, q2 -3.98913e+06
mass 4454.37, q2 1.66028e+06
mass 3526.67, q2 2.00675e+06
mass 5352.19, q2 3.1564e+06
mass 3786.47, q2 1.48926e+06
mass 4036.98, q2 5.52669e+06
mass 4064.07, q2 746581
mass 4713.54, q2 4.69391e+06
mass 4761.72, q2 2.64036e+06
mass 4441.69, q2 4.16631e+06
mass 4473.35, q2 3.0143e+06
mass 4336.64, q2 1.4524e+06
mass 3719.12, q2 1.27224e+06
mass 4369.13, q2 553225
mass 4576, q2 4.8654e+06
mass 5076.64, q2 2.9563e+06
mass 4709.6, q2 965194
mass 3844.81, q2 3.41496e+06
mass 5566.08, q2 1.07377e+06
mass 5472.44, q2 3.83221e+06
mass 4281.83, q2 270362
mass 4597.29, q2 721427
mass 3980.19, q2 8.22021e+06
mass 4104.94, q2 7.02459e+06
mass 4309.78, q2 5.11649e+06
mass 5047.89, q2 2.88924e+06
mass 4354.21, q2 1.38903e+06
mass 4554.67, q2 2.27609e+06
mass 4719.78, q2 1.25537e+06
mass 4882.25, q2 2.8426e+06
mass 3921.16, q2 2.9188e+06
mass 3688.93, q2 5.1739e+06
mass 4658.05, q2 5.48075e+06
mass 4822.14, q2 6.70019e+06
mass 3914.51, q2 6.37378e+06
mass 4372.39, q2 4.34776e+06
mass 6626.99, q2 -1.46953e+06
mass 4482.7, q2 3.67934e+06
mass 4145.79, q2 1.65743e+06
mass 3866.44, q2 2.0667e+06
mass 4276.15, q2 5.88726e+06
mass 4370.19, q2 3.79529e+06
mass 4854.87, q2 2.04095e+06
mass 4132.23, q2 6.14498e+06
mass 4630.37, q2 4.1982e+06
mass 4172.28, q2 3.43308e+06
mass 3585.67, q2 3.27709e+06
mass 4803.64, q2 4.89133e+06
mass 4639.24, q2 4.00979e+06
mass 4597.61, q2 2.81236e+06
mass 7193.19, q2 1.53948e+06
mass 3576.28, q2 3.11665e+06
mass 3794.46, q2 8.03374e+06
mass 7867.01, q2 -1.06303e+07
mass 4305.38, q2 1.2532e+06
mass 3394.73, q2 823395
mass 4456.26, q2 2.54039e+06
mass 4984.63, q2 2.82754e+06
mass 3707.01, q2 919036
mass 4400.89, q2 3.05589e+06
mass 3891.59, q2 2.2317e+06
mass 3510.36, q2 1.50904e+06
mass 4112.03, q2 547570
mass 4818.47, q2 4.25031e+06
mass 3316.9, q2 2.48581e+06
mass 4926.8, q2 825101
mass 4331.3, q2 2.18313e+06
mass 3683.33, q2 7.77804e+06
mass 4800.78, q2 1.35889e+06
mass 5196.39, q2 2.26011e+06
mass 4919.34, q2 4.17435e+06
mass 3349.8, q2 1.46861e+06
mass 4410.07, q2 2.19127e+06
mass 4571.04, q2 2.41185e+06
mass 3892.95, q2 2.32946e+06
mass 4437.03, q2 941778
mass 5312.51, q2 1.96837e+06
mass 4949.4, q2 221172
mass 4313.24, q2 4.45354e+06
mass 3930.55, q2 4.7341e+06
mass 4350.97, q2 8.21236e+06
mass 3192.59, q2 2.6051e+06
mass 3550.02, q2 4.09629e+06
mass 3887.72, q2 5.30505e+06
mass 3432.11, q2 2.12612e+06
mass 4146.15, q2 2.30576e+06
mass 4676.1, q2 5.46806e+06
mass 4368.91, q2 2.51124e+06
mass 5991.43, q2 -863571
mass 4990.63, q2 83511.1
mass 4500.56, q2 1.97021e+06
mass 3694.02, q2 1.70559e+06
mass 4209.4, q2 1.45935e+06
mass 3884.09, q2 1.46277e+06
mass 3351.88, q2 1.71904e+06
mass 4225.66, q2 2.66051e+06
mass 4054.29, q2 1.32845e+06
mass 4419.32, q2 1.29353e+06
mass 4728.91, q2 720558
mass 3630.38, q2 1.4433e+06
mass 3994.94, q2 1.09821e+06
mass 5050.76, q2 407861
mass 4152.31, q2 3.4929e+06
mass 4765.95, q2 4.15108e+06
mass 3801.71, q2 1.56565e+06
mass 4893.09, q2 4.42788e+06
mass 4104.74, q2 1.05722e+06
mass 4061.6, q2 907772
mass 4508.47, q2 3.8776e+06
mass 3238.25, q2 1.16799e+06
mass 3572.78, q2 1.94342e+06
mass 3634.68, q2 3.11166e+06
mass 4530.46, q2 4.38195e+06
mass 4054.64, q2 3.27053e+06
mass 4343.53, q2 6.16263e+06
mass 4129.83, q2 1.8219e+06
mass 4387.1, q2 3.94798e+06
mass 4793.01, q2 391680
mass 4862.41, q2 3.04567e+06
mass 4545.69, q2 911608
mass 3992.22, q2 2.08722e+06
mass 4522.02, q2 5.38101e+06
mass 3733.61, q2 4.99319e+06
mass 4417.84, q2 3.52426e+06
mass 3897.53, q2 7.95253e+06
mass 4053, q2 1.76876e+06
mass 4914.94, q2 3.97165e+06
mass 4165.67, q2 1.15669e+06
mass 4020.91, q2 2.01254e+06
mass 4872.29, q2 2.83109e+06
mass 3953.63, q2 1.24376e+06
mass 4768.13, q2 2.45979e+06
mass 3581.87, q2 6.61276e+06
mass 4060.39, q2 2.19629e+06
mass 3906.5, q2 2.39909e+06
mass 4469.71, q2 4.19606e+06
mass 4077.36, q2 5.89542e+06
mass 5044.34, q2 78466.8
mass 3813.78, q2 2.3949e+06
mass 4870, q2 4.26718e+06
mass 4162.69, q2 2.71282e+06
mass 5105.25, q2 3.88792e+06
mass 3836.61, q2 494717
mass 3694.6, q2 2.32033e+06
mass 4681.92, q2 8.89147e+06
mass 3931.71, q2 2.91989e+06
mass 5048.93, q2 2.79124e+06
mass 3876.69, q2 2.5016e+06
mass 4662.28, q2 771327
mass 4718.2, q2 2.18007e+06
mass 4266.51, q2 2.09751e+06
mass 4507.59, q2 5.84525e+06
mass 3938.74, q2 2.91528e+06
mass 4370.09, q2 6.59017e+06
mass 4354.53, q2 2.47811e+06
mass 3981.08, q2 3.84041e+06
mass 3534.26, q2 1.88456e+06
mass 4437.93, q2 2.41489e+06
mass 4999.25, q2 670440
mass 3510.56, q2 1.17973e+06
mass 3656.16, q2 3.06454e+06
mass 4639.66, q2 827093
mass 4451.13, q2 547480
mass 4050.64, q2 8.00241e+06
mass 3750.67, q2 944714
mass 6547.95, q2 8.35343e+06
mass 4559.13, q2 3.81136e+06
mass 3897.54, q2 9.01084e+06
mass 5373.06, q2 1.74276e+06
mass 4553.21, q2 1.12144e+06
mass 4576.06, q2 2.07754e+06
mass 4362.85, q2 4.51471e+06
mass 4154.54, q2 399704
mass 4530.35, q2 2.20967e+06
mass 3892.12, q2 9.79424e+06
mass 4135.02, q2 6.80172e+06
mass 3940.32, q2 745283
mass 3827.16, q2 7.47535e+06
mass 4401.5, q2 4.76816e+06
mass 3766.1, q2 1.91242e+06
mass 4368.84, q2 799024
mass 4501.9, q2 5.38824e+06
mass 4268.35, q2 3.37655e+06
mass 4513.01, q2 1.98034e+06
mass 4321.47, q2 4.97497e+06
mass 3441.66, q2 3.66676e+06
mass 4594.6, q2 2.26862e+06
mass 4997.68, q2 2.04965e+06
mass 4215.06, q2 4.33317e+06
mass 3475.49, q2 2.45275e+06
mass 3923.92, q2 1.55424e+06
mass 4503.67, q2 3.70707e+06
mass 4184.39, q2 3.31565e+06
mass 3274.2, q2 9.13487e+06
mass 4105.7, q2 8.02451e+06
mass 4219.6, q2 3.60819e+06
mass 4616.14, q2 310620
mass 5316.44, q2 5.52919e+06
mass 5164.6, q2 3.04454e+06
mass 4305, q2 1.67156e+06
mass 3386.8, q2 3.11634e+06
mass 4615.77, q2 427674
mass 4254.31, q2 5.12683e+06
mass 4947.55, q2 1.17499e+06
mass 4720.46, q2 5.76018e+06
mass 4126.2, q2 1.53406e+06
mass 3753.96, q2 9.41757e+06
mass 4228.06, q2 3.10863e+06
mass 4331.72, q2 5.78547e+06
mass 4222.51, q2 755114
mass 3731.67, q2 2.00147e+06
mass 4476.22, q2 4.16248e+06
mass 5433.04, q2 880738
mass 4198.89, q2 1.46928e+06
mass 4114.07, q2 4.16684e+06
mass 5000.06, q2 1.96131e+06
mass 4168.08, q2 6.04295e+06
mass 5463.88, q2 1.01624e+06
mass 4526.65, q2 2.90156e+06
mass 3922.9, q2 1.0245e+06
mass 5365.34, q2 6.13665e+06
mass 4406.51, q2 9.26432e+06
mass 4860.63, q2 2.56857e+06
mass 4168.18, q2 1.44965e+06
mass 3374.66, q2 2.43304e+06
mass 4332.94, q2 652754
mass 5157.81, q2 1.4385e+06
mass 5770.78, q2 -1.32247e+06
mass 3845.42, q2 1.63506e+06
mass 4266.05, q2 2.4185e+06
mass 5370.66, q2 1.99166e+06
mass 4169.61, q2 1.12439e+06
mass 4978.07, q2 3.59883e+06
mass 4618.26, q2 4.29906e+06
mass 4077.1, q2 1.82931e+06
mass 6480.69, q2 4.72924e+06
mass 4421.31, q2 4.56452e+06
mass 3511.53, q2 1.44372e+06
mass 4461.08, q2 1.48569e+06
mass 4598.22, q2 672040
mass 4326.94, q2 9.01403e+06
mass 4761.05, q2 4.15096e+06
mass 4471.36, q2 2.33002e+06
mass 5093.37, q2 2.36141e+06
mass 4325.06, q2 1.20491e+06
mass 4357.93, q2 1.42733e+06
mass 4256.48, q2 5.82411e+06
mass 4699.34, q2 1.37468e+06
mass 4368.65, q2 958775
mass 4497.66, q2 4.52328e+06
mass 3425.55, q2 3.00825e+06
mass 5206.12, q2 9.7435e+06
mass 4450.76, q2 7.58535e+06
mass 4046.02, q2 2.84548e+06
mass 4886.2, q2 1.97292e+06
mass 3652.64, q2 1.3694e+06
mass 3985.62, q2 3.76822e+06
mass 3407.36, q2 1.62423e+06
mass 4360.7, q2 5.33792e+06
mass 4686.17, q2 6.04553e+06
mass 4812.13, q2 721409
mass 4480.05, q2 1.35049e+06
mass 4781.67, q2 2.07276e+06
mass 4551.38, q2 1.39487e+06
mass 3281.74, q2 3.98099e+06
mass 4878.59, q2 6.24882e+06
mass 5151.57, q2 1.31254e+06
mass 4102.39, q2 1.0984e+06
mass 4235.63, q2 3.61976e+06
mass 4513.17, q2 808901
mass 4032.32, q2 9.0515e+06
mass 3971.84, q2 2.97862e+06
mass 3804.27, q2 1.59032e+06
mass 4289.61, q2 4.2015e+06
mass 4060.5, q2 5.61666e+06
mass 3987.21, q2 6.10748e+06
mass 5131.13, q2 1.84702e+06
mass 4226.82, q2 1.5315e+06
mass 3593.38, q2 972201
mass 4054.39, q2 2.99485e+06
mass 4481.22, q2 1.61541e+06
mass 4862.17, q2 4.33388e+06
mass 3839.81, q2 3.27367e+06
mass 4723.59, q2 4.05821e+06
mass 4369.53, q2 9.22109e+06
mass 4193.66, q2 3.32573e+06
mass 7479.77, q2 -3.62428e+06
mass 4684.54, q2 525108
mass 4268.27, q2 2.55448e+06
mass 4466.15, q2 4.72533e+06
mass 4890, q2 955168
mass 4022.34, q2 3.3009e+06
mass 3938.46, q2 4.66324e+06
mass 4347.9, q2 4.86242e+06
mass 3792.45, q2 409248
mass 4458.18, q2 3.90383e+06
mass 3431.33, q2 2.51727e+06
mass 5235.87, q2 3.11756e+06
mass 5010.61, q2 1.17443e+06
mass 4738.59, q2 4.45679e+06
mass 3666.88, q2 1.24003e+06
mass 4088.71, q2 1.78247e+06
mass 5481.53, q2 1.50633e+06
mass 4558.19, q2 1.07551e+06
mass 4799.65, q2 3.61143e+06
mass 4823.29, q2 3.32737e+06
mass 4641.99, q2 419054
mass 4556.56, q2 4.05863e+06
mass 4325.51, q2 378673
mass 3341.87, q2 2.93028e+06
mass 4929.36, q2 2.70105e+06
mass 6389.54, q2 -4.00192e+06
mass 4250.37, q2 1.71982e+06
mass 4787.86, q2 5.27119e+06
mass 5018.57, q2 906719
mass 4612.98, q2 637948
mass 4222.75, q2 6.241e+06
mass 3802.89, q2 6.7523e+06
mass 4336.15, q2 577360
mass 4246.71, q2 3.79989e+06
mass 4622.12, q2 1.04832e+06
mass 3313.45, q2 2.67804e+06
mass 5405.67, q2 2.17262e+06
mass 3252.81, q2 2.94002e+06
mass 4557.47, q2 905321
mass 4330.46, q2 5.71695e+06
mass 4722.41, q2 6.39315e+06
mass 5209.71, q2 2.16771e+06
mass 4747.66, q2 2.42566e+06
mass 4258.62, q2 6.16283e+06
mass 5700.01, q2 4.42056e+06
mass 5116.42, q2 1.53053e+06
mass 4045.18, q2 7.17211e+06
mass 4266.38, q2 2.37301e+06
mass 3452.27, q2 766091
mass 4326.9, q2 3.99222e+06
mass 5370.53, q2 794435
mass 4093.85, q2 3.25287e+06
mass 3867.92, q2 4.91861e+06
mass 4850.29, q2 2.69304e+06
mass 3747.33, q2 1.00979e+07
mass 4692.74, q2 1.30301e+06
mass 3256.97, q2 2.37658e+06
mass 3785, q2 4.68485e+06
mass 5598.44, q2 5.27837e+06
mass 4629.2, q2 3.62352e+06
mass 3566.77, q2 1.75254e+06
mass 4456.88, q2 1.81016e+06
mass 4262.43, q2 7.66381e+06
mass 3695.61, q2 1.82135e+06
mass 4451.54, q2 4.22018e+06
mass 5130.12, q2 5.07068e+06
mass 4768.02, q2 7.75031e+06
mass 4147.1, q2 1.4217e+06
mass 4675.04, q2 3.34545e+06
mass 4780.44, q2 1.48245e+06
mass 4485.01, q2 504322
mass 4304.46, q2 5.44822e+06
mass 3817.88, q2 5.17587e+06
mass 3936.31, q2 3.15596e+06
mass 3999.41, q2 2.66478e+06
mass 4311.99, q2 2.6197e+06
mass 3610.15, q2 1.04426e+07
mass 4865.76, q2 3.46461e+06
mass 4611.15, q2 277816
mass 6847.35, q2 -4.98096e+06
mass 4990.5, q2 1.92976e+06
mass 4063.48, q2 794664
mass 4616.21, q2 1.652e+06
mass 3454.03, q2 7.55907e+06
mass 5153.16, q2 1.59834e+06
mass 4944.46, q2 5.38826e+06
mass 4785.13, q2 3.06468e+06
mass 5679.63, q2 700103
mass 4174.76, q2 1.15153e+06
mass 4807.15, q2 952728
mass 5167.43, q2 6.94394e+06
mass 4629.11, q2 3.15526e+06
mass 4826.98, q2 1.15398e+06
mass 4567.8, q2 1.45328e+06
mass 3599.7, q2 425985
mass 3686.42, q2 3.35974e+06
mass 3590.61, q2 2.95754e+06
mass 3973.09, q2 582836
mass 4604.09, q2 3.36401e+06
mass 4573.42, q2 1.64832e+06
mass 3511.85, q2 2.32619e+06
mass 4436.89, q2 1.95364e+06
mass 3372.49, q2 1.70054e+06
mass 4813.77, q2 8.93665e+06
mass 4139.82, q2 9.94236e+06
mass 4920.42, q2 5.00163e+06
mass 4961.7, q2 746858
mass 4166.26, q2 2.58415e+06
mass 5138.89, q2 5.25091e+06
mass 6276.62, q2 5.46212e+06
mass 4177.29, q2 3.54632e+06
mass 4617.17, q2 1.57241e+06
mass 4814.53, q2 3.6415e+06
mass 4158.65, q2 8.65223e+06
mass 4753.82, q2 4.17839e+06
mass 4518.13, q2 1.09738e+06
mass 4223.27, q2 3.79284e+06
mass 4107.82, q2 6.2534e+06
mass 3896.81, q2 1.04131e+06
mass 4652.64, q2 8.77255e+06
mass 3480.55, q2 412878
mass 3909.07, q2 2.94189e+06
mass 4245.37, q2 2.4169e+06
mass 4686.71, q2 2.10002e+06
mass 3375.19, q2 1.23309e+06
mass 6259.89, q2 -2.88714e+06
mass 3742.46, q2 1.6933e+06
mass 4345.67, q2 4.96731e+06
mass 3560.96, q2 1.71745e+06
mass 4644.52, q2 700911
mass 4249.79, q2 3.19613e+06
mass 4755.45, q2 7.05885e+06
mass 3929.66, q2 4.58473e+06
mass 3935.51, q2 1.18325e+06
mass 4664.39, q2 4.9043e+06
mass 4780.6, q2 391698
mass 4214, q2 3.81562e+06
mass 4695.02, q2 2.77419e+06
mass 4415.71, q2 1.30995e+06
mass 4761.18, q2 6.01459e+06
mass 4282.7, q2 5.54256e+06
mass 3859.66, q2 554965
mass 5114.9, q2 611202
mass 4468.19, q2 3.23614e+06
mass 3344.97, q2 2.961e+06
mass 4210.7, q2 1.34954e+06
mass 3714.35, q2 3.51732e+06
mass 4042.45, q2 8.41942e+06
mass 4174.93, q2 4.61079e+06
mass 5223.24, q2 1.58743e+06
mass 4076.45, q2 5.12046e+06
mass 4260.5, q2 2.72395e+06
mass 3675.3, q2 1.31484e+06
mass 4720.84, q2 7.47952e+06
mass 4277.36, q2 257652
mass 3799.02, q2 2.51942e+06
mass 4487.37, q2 2.06896e+06
mass 4950.58, q2 8.9379e+06
mass 4095.7, q2 8.01291e+06
mass 3974.43, q2 4.44497e+06
mass 4303.35, q2 7.27224e+06
mass 4685.2, q2 969675
mass 4041.67, q2 2.7685e+06
mass 4284.39, q2 1.34864e+06
mass 3330.48, q2 2.5754e+06
mass 3500.15, q2 1.52115e+06
mass 4650.95, q2 1.75483e+06
mass 4669.89, q2 867939
mass 3943.4, q2 920373
mass 4588.64, q2 4.33804e+06
mass 3939.12, q2 1.25359e+06
mass 4728.21, q2 2.53671e+06
mass 4451.09, q2 3.8547e+06
mass 4906.08, q2 4.78403e+06
mass 3233.42, q2 1.76335e+06
mass 4560.72, q2 2.6855e+06
mass 3637.66, q2 1.01579e+07
mass 3640.85, q2 577185
mass 3794.24, q2 4.20325e+06
mass 4237.37, q2 5.58942e+06
mass 4721.64, q2 4.32093e+06
mass 4572.6, q2 2.57739e+06
mass 3266.44, q2 968114
mass 4098.93, q2 1.83214e+06
mass 3505.33, q2 1.40344e+06
mass 4180.3, q2 132688
mass 5133.97, q2 853434
mass 4363.25, q2 2.00707e+06
mass 3540.44, q2 739829
mass 4279.04, q2 4.21571e+06
mass 4685.41, q2 6.96361e+06
mass 3287.19, q2 5.89695e+06
mass 5690, q2 1.95946e+06
mass 5022.77, q2 1.95678e+06
mass 4213.96, q2 7.54826e+06
mass 8710.46, q2 -6.40831e+06
mass 5667.31, q2 492760
mass 3885.16, q2 1.81471e+06
mass 3983.34, q2 1.66353e+06
mass 5096.18, q2 103099
mass 4756.13, q2 7.10777e+06
mass 5074.84, q2 3.33305e+06
mass 4542.51, q2 3.05771e+06
mass 4364.85, q2 1.14557e+06
mass 4354.96, q2 1.54653e+06
mass 3399.77, q2 684339
mass 4541.14, q2 1.70435e+06
mass 3941.21, q2 3.84884e+06
mass 4974.6, q2 6.71251e+06
mass 4112.42, q2 3.61838e+06
mass 4860.69, q2 4.50736e+06
mass 4058.04, q2 283233
mass 4901.68, q2 1.44432e+06
mass 4387.69, q2 2.3887e+06
mass 4042.83, q2 6.89798e+06
mass 4027.52, q2 3.1046e+06
mass 4554.32, q2 1.45641e+06
mass 4654.48, q2 1.54649e+06
mass 4085.94, q2 7.51113e+06
mass 3953.54, q2 5.09584e+06
mass 3689.5, q2 4.10309e+06
mass 3504.76, q2 2.48253e+06
mass 4467.77, q2 1.70692e+06
mass 3795.5, q2 3.32833e+06
mass 4049.71, q2 1.4852e+06
mass 3853.45, q2 1.34896e+06
mass 5596.14, q2 3.82769e+06
mass 3747.51, q2 9.38971e+06
mass 5083.3, q2 1.05404e+06
mass 4401.02, q2 3.73287e+06
mass 5751.89, q2 1.39387e+06
mass 3860.08, q2 1.79179e+06
mass 5042.84, q2 986376
mass 4330.61, q2 1.51894e+06
mass 6455.46, q2 -2.88362e+06
mass 4122.55, q2 1.93094e+06
mass 4691.78, q2 170453
mass 4395.45, q2 6.42498e+06
mass 4109.84, q2 2.83623e+06
mass 4004.68, q2 1.05576e+07
mass 5121.89, q2 1.07407e+06
mass 4754.06, q2 2.49398e+06
mass 3766.45, q2 6.28177e+06
mass 4608.3, q2 3.99654e+06
mass 4018.33, q2 4.99725e+06
mass 4138.62, q2 7.99942e+06
mass 5376.54, q2 4.86596e+06
mass 4601.22, q2 3.89241e+06
mass 5276.45, q2 1.92986e+06
mass 3497.22, q2 2.06518e+06
mass 4571.96, q2 6.20864e+06
mass 4792.86, q2 1.22124e+06
mass 3398.22, q2 1.80212e+06
mass 3388.14, q2 3.26142e+06
mass 4541.25, q2 5.13838e+06
mass 3691.87, q2 3.38211e+06
mass 4835.72, q2 5.39585e+06
mass 4183.67, q2 1.28022e+06
mass 4970.25, q2 1.34845e+06
mass 4898.26, q2 1.30174e+06
mass 5835.27, q2 -1.78179e+06
mass 4492.22, q2 6.34661e+06
mass 3537.72, q2 1.38651e+06
mass 5146.26, q2 3.98582e+06
mass 4096.84, q2 1.7835e+06
mass 3866.52, q2 1.39335e+06
mass 4104.41, q2 6.73432e+06
mass 4398.28, q2 1.96993e+06
mass 4256.63, q2 5.71749e+06
mass 4597.83, q2 1.04203e+06
mass 4958.99, q2 3.63291e+06
mass 4480.14, q2 4.40654e+06
mass 4345.27, q2 2.19523e+06
mass 4244.72, q2 4.22742e+06
mass 4213.56, q2 4.45585e+06
mass 3564.82, q2 1.7076e+06
mass 4332.93, q2 4.7463e+06
mass 4435.2, q2 1.72442e+06
mass 4758.43, q2 5.53762e+06
mass 3725.27, q2 2.02102e+06
mass 3388.04, q2 1.09203e+06
mass 3522.96, q2 2.82979e+06
mass 4305.47, q2 3.64412e+06
mass 5868.91, q2 309804
mass 4718.04, q2 2.43232e+06
mass 4281.09, q2 542124
mass 4673.01, q2 2.56862e+06
mass 5106.81, q2 6.32401e+06
mass 5316.24, q2 350608
mass 3944.18, q2 2.44609e+06
mass 3793.63, q2 2.22249e+06
mass 3423.49, q2 2.78732e+06
mass 3870.32, q2 3.14066e+06
mass 3965.25, q2 1.72461e+06
mass 4917.74, q2 2.13342e+06
mass 5014.01, q2 1.4732e+06
mass 4403.78, q2 1.01941e+06
mass 4598.44, q2 2.69058e+06
mass 4553.07, q2 2.53582e+06
mass 4660.76, q2 1.50906e+06
mass 4743.23, q2 4.91723e+06
mass 4441.41, q2 6.25893e+06
mass 3845.97, q2 784483
mass 4583.33, q2 1.14685e+06
mass 4283.02, q2 6.16595e+06
mass 3385.07, q2 1.12697e+06
mass 4404.74, q2 3.56212e+06
mass 5572.38, q2 413388
mass 4644.84, q2 65016.7
mass 4102.34, q2 1.5048e+06
mass 4234.12, q2 2.71406e+06
mass 5722.72, q2 -360467
mass 5133.81, q2 2.04377e+06
mass 4148.59, q2 5.7318e+06
mass 4510.98, q2 2.4583e+06
mass 4526.93, q2 1.38501e+06
mass 3163.21, q2 5.1165e+06
mass 3875.4, q2 4.1572e+06
mass 4817.96, q2 5.15584e+06
mass 4205.25, q2 3.87742e+06
mass 4191.56, q2 2.69512e+06
mass 4567.36, q2 6.10767e+06
mass 3718.3, q2 952342
mass 3669.54, q2 1.38066e+06
mass 4120.63, q2 2.6628e+06
mass 4327.64, q2 4.50895e+06
mass 7119.59, q2 -5.9583e+06
mass 4519.92, q2 86358.2
mass 4799.6, q2 3.61413e+06
mass 4409.14, q2 1.02345e+06
mass 4027.15, q2 3.34069e+06
mass 4698.15, q2 6.95577e+06
mass 4339.16, q2 2.92841e+06
mass 4230.89, q2 5.41887e+06
mass 4164.75, q2 2.81495e+06
mass 4027.14, q2 7.0801e+06
mass 3953.74, q2 5.49176e+06
mass 3523.41, q2 1.49516e+06
mass 4779.98, q2 1.64012e+06
mass 5262.93, q2 2.01556e+06
mass 3492.34, q2 3.01321e+06
mass 4786.68, q2 2.75988e+06
mass 3572.53, q2 2.42945e+06
mass 5061.41, q2 2.50433e+06
mass 4033.65, q2 429226
mass 5260.71, q2 2.8058e+06
mass 3359.78, q2 861517
mass 3798.05, q2 8.03274e+06
mass 4896.3, q2 2.71549e+06
mass 3961.21, q2 3.95583e+06
mass 4229.34, q2 6.41456e+06
mass 4404.05, q2 6.37619e+06
mass 3445.73, q2 3.13854e+06
mass 4935.6, q2 335675
mass 4222.29, q2 3.35432e+06
mass 7955.06, q2 -1.00223e+07
mass 3856.12, q2 1.90023e+06
mass 5630.15, q2 1.32835e+06
mass 4425.44, q2 2.35008e+06
mass 3634.9, q2 5.2026e+06
mass 3341.98, q2 3.64331e+06
mass 4718.21, q2 5.69296e+06
mass 5111.6, q2 1.39967e+06
mass 4651.28, q2 4.33013e+06
mass 3250.55, q2 8.41816e+06
mass 4389.77, q2 3.46082e+06
mass 4384.35, q2 8.27737e+06
mass 3717.4, q2 2.82416e+06
mass 5430.52, q2 1.09776e+06
mass 5671.15, q2 110807
mass 4201.02, q2 2.2432e+06
mass 3486.07, q2 1.46216e+06
mass 4685.61, q2 4.35608e+06
mass 4614.78, q2 1.89054e+06
mass 4208.03, q2 1.57564e+06
mass 5208.3, q2 169331
mass 5226.83, q2 5.47994e+06
mass 5684.86, q2 383356
mass 7038.54, q2 1.1579e+06
mass 3270.66, q2 6.24828e+06
mass 3934.36, q2 580000
mass 4393.33, q2 2.58129e+06
mass 4127.39, q2 840676
mass 4246.57, q2 6.18807e+06
mass 3840.34, q2 2.82875e+06
mass 4668.02, q2 4.54354e+06
mass 4700.84, q2 3.54564e+06
mass 4311.36, q2 5.62855e+06
mass 4738.61, q2 5.09111e+06
mass 4872.37, q2 508293
mass 4593.69, q2 1.20473e+06
mass 4427.32, q2 3.42254e+06
mass 3992.43, q2 1.48712e+06
mass 3267.4, q2 2.33688e+06
mass 4153.92, q2 598462
mass 3794.97, q2 590585
mass 4419.17, q2 2.09051e+06
mass 4268, q2 1.03324e+06
mass 4537.22, q2 1.69635e+06
mass 3703.27, q2 3.22602e+06
mass 4664.21, q2 3.06322e+06
mass 3740.01, q2 5.1652e+06
mass 5996.11, q2 1.83001e+06
mass 3776.4, q2 1.39104e+06
mass 4200.74, q2 2.0048e+06
mass 4012.85, q2 839156
mass 4285.27, q2 1.85234e+06
mass 4535.72, q2 5.43158e+06
mass 3564.11, q2 1.36317e+06
mass 4914.58, q2 1.49927e+06
mass 4317.5, q2 6.12968e+06
mass 4062.23, q2 1.36421e+06
mass 4454.66, q2 1.39259e+06
mass 3895.9, q2 1.92874e+06
mass 4161.37, q2 131506
mass 3635.09, q2 2.00314e+06
mass 3869.1, q2 1.68216e+06
mass 3998.84, q2 4.68468e+06
mass 4112.13, q2 3.12872e+06
mass 4294.57, q2 5.44442e+06
mass 4348.99, q2 3.45036e+06
mass 5350.22, q2 1.14444e+06
mass 3900.26, q2 2.5559e+06
mass 4156.23, q2 347550
mass 3635.67, q2 6.79603e+06
mass 5346.77, q2 2.46336e+06
mass 4703.97, q2 9.41148e+06
mass 4395.19, q2 3.49428e+06
mass 4871.58, q2 911540
mass 4058.98, q2 4.14235e+06
mass 4657.22, q2 972165
mass 4655.99, q2 1.71914e+06
mass 4108.1, q2 7.27006e+06
mass 3964.14, q2 3.07792e+06
mass 3671.43, q2 756374
mass 4676.28, q2 2.0939e+06
mass 4354.22, q2 7.67104e+06
mass 3849.17, q2 3.11184e+06
mass 4506.99, q2 5.3667e+06
mass 4160.68, q2 8.13107e+06
mass 4299.81, q2 905451
mass 5537.7, q2 1.90484e+06
mass 3536.74, q2 2.7069e+06
mass 3565.3, q2 1.93527e+06
mass 4001.67, q2 2.22037e+06
mass 4953.14, q2 4.76393e+06
mass 3723.28, q2 3.36716e+06
mass 4071.22, q2 1.01206e+07
mass 4379.79, q2 1.3377e+06
mass 4823.1, q2 1.52457e+06
mass 4820.74, q2 1.93817e+06
mass 4550.94, q2 521330
mass 3687.93, q2 1.09378e+06
mass 4694.12, q2 3.49019e+06
mass 4559.87, q2 5.30995e+06
mass 4563.87, q2 2.08846e+06
mass 4397.17, q2 1.07455e+06
mass 4541.55, q2 8.00643e+06
mass 4023.54, q2 2.29052e+06
mass 4950.46, q2 1.70166e+06
mass 4676.38, q2 3.20391e+06
mass 4960.6, q2 2.01731e+06
mass 4812.03, q2 2.28221e+06
mass 4667.79, q2 1.21692e+06
mass 3797.33, q2 2.73877e+06
mass 3571.6, q2 1.00233e+06
mass 3830.55, q2 7.89602e+06
mass 4553.35, q2 2.54359e+06
mass 3742.54, q2 5.78818e+06
mass 4765.72, q2 2.0155e+06
mass 4640.5, q2 1.19446e+06
mass 3746.75, q2 844710
mass 4599.36, q2 984829
mass 3489.6, q2 1.41721e+06
mass 4511, q2 1.946e+06
mass 4166.5, q2 3.18493e+06
mass 4257.48, q2 7.44174e+06
mass 5366.94, q2 686649
mass 3911.61, q2 713451
mass 4563.39, q2 8.97046e+06
mass 3355.19, q2 9.07288e+06
mass 5034, q2 651421
mass 4341.68, q2 7.21635e+06
mass 3496, q2 1.41695e+06
mass 4277.33, q2 7.45541e+06
mass 3914.72, q2 462521
mass 4881.55, q2 1.50814e+06
mass 4817.63, q2 3.51261e+06
mass 6979.99, q2 -4.16571e+06
mass 4541.84, q2 6.40803e+06
mass 6461.13, q2 2.43466e+06
mass 4843.61, q2 6.80125e+06
mass 4045.69, q2 9.68046e+06
mass 4650.48, q2 4.6085e+06
mass 3995, q2 1.24213e+06
mass 3698.5, q2 2.16353e+06
mass 4377.68, q2 2.46684e+06
mass 4136.74, q2 2.24153e+06
mass 4215.57, q2 1.95269e+06
mass 3883.68, q2 8.83409e+06
mass 5005.29, q2 5.56693e+06
mass 4275.73, q2 1.63113e+06
mass 4628.76, q2 2.78954e+06
mass 4462, q2 653753
mass 4746.24, q2 5.13476e+06
mass 4768.97, q2 1.57782e+06
mass 4914.11, q2 845345
mass 3815.72, q2 5.50902e+06
mass 4416.65, q2 2.5118e+06
mass 4713.49, q2 5.72148e+06
mass 3880.86, q2 976916
mass 3893.82, q2 4.41361e+06
mass 5191.04, q2 3.7462e+06
mass 3667.24, q2 4.09564e+06
mass 4442.79, q2 9.64089e+06
mass 4503.01, q2 2.60863e+06
mass 4521.14, q2 1.64244e+06
mass 4632.14, q2 4.36273e+06
mass 4647.5, q2 1.8066e+06
mass 4495.83, q2 6.53467e+06
mass 4941.74, q2 8.35268e+06
mass 4169.33, q2 6.463e+06
mass 4667.54, q2 1.28508e+06
mass 4134.42, q2 1.38324e+06
mass 4671.11, q2 5.87087e+06
mass 5157.47, q2 3.50062e+06
mass 4466.3, q2 2.26104e+06
mass 4756.51, q2 2.83658e+06
mass 3707.91, q2 5.00064e+06
mass 4575.34, q2 614622
mass 4565.16, q2 5.06978e+06
mass 4737.64, q2 6.16437e+06
mass 4434.81, q2 8.30735e+06
mass 3913.93, q2 2.04607e+06
mass 4552.55, q2 1.54216e+06
mass 4435.25, q2 1.67792e+06
mass 4043.02, q2 7.80222e+06
mass 3261.02, q2 1.45795e+06
mass 4630.24, q2 1.82361e+06
mass 4813.06, q2 2.31995e+06
mass 4091.29, q2 5.7423e+06
mass 4967.16, q2 974674
mass 4352.85, q2 5.65502e+06
mass 3543.04, q2 1.65558e+06
mass 5096.17, q2 9.38106e+06
mass 5001.19, q2 2.20972e+06
mass 4198.04, q2 203766
mass 4317.18, q2 2.94505e+06
mass 5050.32, q2 1.91257e+06
mass 4177.26, q2 1.2459e+06
mass 4231.83, q2 2.01089e+06
mass 4693.33, q2 1.94811e+06
mass 3837.38, q2 4.30215e+06
mass 4115.37, q2 954824
mass 5546.64, q2 -331745
mass 4014.56, q2 552641
mass 3953.11, q2 9.67176e+06
mass 4367.17, q2 4.63036e+06
mass 4762.83, q2 3.37624e+06
mass 5373.7, q2 3.45794e+06
mass 5204.69, q2 262312
mass 4788.02, q2 1.92311e+06
mass 4031.96, q2 165353
mass 5143.51, q2 3.12258e+06
mass 3567.68, q2 1.0706e+07
mass 4518.24, q2 473864
mass 4548.46, q2 4.56382e+06
mass 3457.42, q2 1.8359e+06
mass 3873.68, q2 1.03192e+07
mass 4608.93, q2 6.55934e+06
mass 5078.68, q2 2.13152e+06
mass 4522.87, q2 2.075e+06
mass 4537.85, q2 2.5612e+06
mass 4662.45, q2 1.95858e+06
mass 4344, q2 1.86594e+06
mass 4849.2, q2 1.08368e+06
mass 4421.45, q2 7.15339e+06
mass 3787.94, q2 8.64342e+06
mass 4990.44, q2 1.4363e+06
mass 4675.35, q2 34147.6
mass 4672.77, q2 2.30717e+06
mass 4495.51, q2 5.57662e+06
mass 5287.96, q2 5.07912e+06
mass 4210.84, q2 1.56433e+06
mass 4556.66, q2 2.43614e+06
mass 4555.22, q2 5.61465e+06
mass 4778.54, q2 6.07732e+06
mass 4383.11, q2 1.4564e+06
mass 3397.7, q2 9.46145e+06
mass 5376.77, q2 3.20834e+06
mass 3895.32, q2 765333
mass 4973.38, q2 4.3627e+06
mass 4966.26, q2 4.02487e+06
mass 3493.7, q2 7.3948e+06
mass 3209.71, q2 3.00981e+06
mass 4961.56, q2 2.31089e+06
mass 5232.9, q2 4.96483e+06
mass 5302.28, q2 1.67106e+06
mass 4615.34, q2 1.51936e+06
mass 3841.02, q2 2.5412e+06
mass 4386.37, q2 3.9078e+06
mass 4190.68, q2 1.89206e+06
mass 4289.85, q2 1.7839e+06
mass 3974.59, q2 1.4767e+06
mass 4513.27, q2 3.23037e+06
mass 4981.86, q2 2.19033e+06
mass 3817.6, q2 617714
mass 4466.26, q2 4.95803e+06
mass 5059.95, q2 3.81379e+06
mass 4275.57, q2 3.83605e+06
mass 4322.05, q2 5.15781e+06
mass 4155.03, q2 5.29835e+06
mass 4161.97, q2 3.04486e+06
mass 4046.13, q2 9.18384e+06
mass 3832.11, q2 2.249e+06
mass 4728.9, q2 5.09139e+06
mass 7200.02, q2 -5.24331e+06
mass 4381.74, q2 6.47667e+06
mass 4282.16, q2 2.42533e+06
mass 4414.85, q2 1.65018e+06
mass 3694.57, q2 1.44017e+06
mass 5595.43, q2 3.49491e+06
mass 4949.13, q2 890184
mass 4116.54, q2 5.03976e+06
mass 3942.74, q2 8.30847e+06
mass 4615.78, q2 1.67052e+06
mass 3463, q2 2.10162e+06
mass 4185.69, q2 6.36392e+06
mass 3407.22, q2 5.67196e+06
mass 4511.64, q2 3.29704e+06
mass 4958.28, q2 412962
mass 3855.24, q2 5.09793e+06
mass 4787.03, q2 716439
mass 4985.88, q2 2.07282e+06
mass 4310.59, q2 4.30941e+06
mass 3537.93, q2 1.85941e+06
mass 4782.14, q2 843591
mass 4264.57, q2 1.06329e+07
mass 5094.41, q2 1.59913e+06
mass 4739.98, q2 5.00368e+06
mass 3334.34, q2 4.6658e+06
mass 3895.9, q2 1.74381e+06
mass 3808.2, q2 722961
mass 3645.2, q2 1.76329e+06
mass 4327.99, q2 1.44154e+06
mass 4399.48, q2 1.39455e+06
mass 4892.3, q2 6.07183e+06
mass 4093.4, q2 2.97408e+06
mass 4700.77, q2 867350
mass 3381.18, q2 1.11019e+06
mass 4312.94, q2 761310
mass 4546.67, q2 737142
mass 4399.88, q2 5.35904e+06
mass 5578.93, q2 1.27043e+06
mass 3524.25, q2 8.30871e+06
mass 3676.89, q2 6.38258e+06
mass 3730.2, q2 963818
mass 3993.03, q2 1.55791e+06
mass 4511.15, q2 6.73604e+06
mass 3263.71, q2 1.68113e+06
mass 3657.79, q2 6.69515e+06
mass 5310.79, q2 112000
mass 4835.08, q2 5.11625e+06
mass 4813.89, q2 4.77935e+06
mass 4107.12, q2 897293
mass 4945.98, q2 5.93663e+06
mass 5040.41, q2 7.5976e+06
mass 5108.4, q2 215631
mass 4721.27, q2 3.51635e+06
mass 4139.27, q2 7.24262e+06
mass 4271.1, q2 3.14089e+06
mass 5108.15, q2 3.07889e+06
mass 4826.89, q2 889620
mass 5607.64, q2 1.04347e+06
mass 4342.91, q2 5.64598e+06
mass 5402.59, q2 2.82319e+06
mass 4098.96, q2 6.37225e+06
mass 3769.2, q2 6.62234e+06
mass 4762.29, q2 5.26782e+06
mass 4962.64, q2 3.56309e+06
mass 3454.66, q2 2.21499e+06
mass 4020.42, q2 1.71137e+06
mass 3764.81, q2 1.09855e+06
mass 4679.77, q2 1.88586e+06
mass 4895.25, q2 3.49696e+06
mass 3938.99, q2 1.05298e+07
mass 4633.18, q2 3.35549e+06
mass 4154.43, q2 1.24682e+06
mass 4734.57, q2 1.87873e+06
mass 4376.2, q2 1.53902e+06
mass 4055.22, q2 8.67505e+06
mass 3964.43, q2 1.58404e+06
mass 5012.89, q2 4.76644e+06
mass 4573.03, q2 939305
mass 3544.06, q2 2.19229e+06
mass 5509.84, q2 843668
mass 4752.13, q2 3.8053e+06
mass 3578.36, q2 2.0223e+06
mass 3567, q2 1.91208e+06
mass 4768.63, q2 4.31358e+06
mass 3958.49, q2 1.44146e+06
mass 3825.39, q2 9.34879e+06
mass 3880.88, q2 889562
mass 4412.84, q2 2.61745e+06
mass 3847.77, q2 7.82428e+06
mass 4183.12, q2 503821
mass 4117.24, q2 3.66133e+06
mass 4037.27, q2 4.61446e+06
mass 3578, q2 2.5382e+06
mass 3943.57, q2 1.31706e+06
mass 3812.94, q2 2.18738e+06
mass 4704.63, q2 2.53548e+06
mass 4227.75, q2 2.03788e+06
mass 4131.6, q2 1.49781e+06
mass 5419.81, q2 1.57839e+06
mass 4326.07, q2 5.17365e+06
mass 4692.88, q2 1.55716e+06
mass 4533.63, q2 2.6244e+06
mass 3803.73, q2 1.65159e+06
mass 3998.17, q2 6.11297e+06
mass 4148.34, q2 584267
mass 5073.37, q2 372651
mass 4671.2, q2 4.91506e+06
mass 5440.44, q2 2.12884e+06
mass 4899.69, q2 1.41133e+06
mass 4330.42, q2 6.13353e+06
mass 4951.55, q2 3.14322e+06
mass 4625.08, q2 7.52575e+06
mass 4026.45, q2 3.86764e+06
mass 4743.59, q2 1.25803e+06
mass 3512.83, q2 1.09433e+06
mass 4736.81, q2 2.47909e+06
mass 3994.62, q2 2.45012e+06
mass 4948.94, q2 1.33233e+06
mass 4412.85, q2 2.77376e+06
mass 4368.95, q2 4.48516e+06
mass 3433.73, q2 7.19588e+06
mass 4205.34, q2 3.02916e+06
mass 4723.66, q2 9.07737e+06
mass 4238.91, q2 2.61176e+06
mass 4419.5, q2 2.30611e+06
mass 4912.33, q2 447331
mass 4674.6, q2 553287
mass 4688.52, q2 866630
mass 6178.41, q2 7.10208e+06
mass 4555.62, q2 1.19176e+06
mass 4662.95, q2 1.96975e+06
mass 4246.65, q2 286582
mass 5027.42, q2 2.82651e+06
mass 3585.91, q2 3.42573e+06
mass 4415.12, q2 872762
mass 3917.12, q2 3.12792e+06
mass 5063.48, q2 1.76642e+06
mass 5650.25, q2 2.41388e+06
mass 4099.07, q2 3.15141e+06
mass 4043.13, q2 8.46645e+06
mass 3768.73, q2 4.68117e+06
mass 4372.87, q2 2.08126e+06
mass 4135.26, q2 9.72422e+06
mass 4250.37, q2 1.74022e+06
mass 4154.62, q2 5.82987e+06
mass 4308.19, q2 953852
mass 4726.55, q2 2.11844e+06
mass 4221.74, q2 5.21728e+06
mass 4738.66, q2 2.85642e+06
mass 4170.39, q2 6.48332e+06
mass 4407.73, q2 590267
mass 3870.09, q2 5.83764e+06
mass 4114.84, q2 1.17035e+06
mass 4247.3, q2 5.79635e+06
mass 4903.38, q2 3.11408e+06
mass 4272.9, q2 3.49934e+06
mass 3234.48, q2 331316
mass 4967.82, q2 230090
mass 5128.98, q2 1.79181e+06
mass 5151.88, q2 4.45699e+06
mass 4689.78, q2 8.50776e+06
mass 4739.79, q2 1.34409e+06
mass 4770.29, q2 5.34949e+06
mass 4225.59, q2 1.17947e+06
mass 3753.46, q2 1.02704e+06
mass 4357.16, q2 7.72757e+06
mass 3922.15, q2 545756
mass 4493.85, q2 3.6056e+06
mass 4236.59, q2 1.8491e+06
mass 4429.15, q2 2.90504e+06
mass 5077.61, q2 2.56904e+06
mass 4804.11, q2 2.21592e+06
mass 4436.4, q2 613984
mass 4349.85, q2 2.08428e+06
mass 4119, q2 7.82427e+06
mass 3985.25, q2 2.12305e+06
mass 4591.69, q2 6.04224e+06
mass 4979.83, q2 3.20591e+06
mass 4415.56, q2 1.31264e+06
mass 3615.68, q2 6.07217e+06
mass 4267.03, q2 1.52766e+06
mass 4175.6, q2 7.32808e+06
mass 4532.61, q2 7.11994e+06
mass 4643.01, q2 1.45198e+06
mass 5083.56, q2 1.46888e+06
mass 4501.49, q2 2.31584e+06
mass 3703.47, q2 2.36015e+06
mass 4031.12, q2 5.94155e+06
mass 5759.2, q2 -1.69517e+06
mass 4501.32, q2 124394
mass 4989.2, q2 1.42609e+06
mass 3614.06, q2 2.64194e+06
mass 4182.54, q2 2.30898e+06
mass 4465.49, q2 5.46796e+06
mass 4060.19, q2 1.1176e+06
mass 4213.59, q2 1.66389e+06
mass 3571.63, q2 2.36856e+06
mass 4411.29, q2 1.06805e+06
mass 4465.14, q2 2.77813e+06
mass 3941.4, q2 1.77875e+06
mass 4275.21, q2 2.67752e+06
mass 3965.16, q2 226219
mass 5112.56, q2 4.70948e+06
mass 4806.72, q2 3.17757e+06
mass 3351.95, q2 2.30795e+06
mass 4535.74, q2 4.11332e+06
mass 3851.32, q2 5.57608e+06
mass 3347.43, q2 885452
mass 3532.44, q2 6.62518e+06
mass 3365.18, q2 4.2808e+06
mass 3194.03, q2 2.37511e+06
mass 4141.67, q2 610483
mass 4815.62, q2 2.42897e+06
mass 4852.84, q2 1.41988e+06
mass 4379.8, q2 2.76391e+06
mass 4578.43, q2 4.9282e+06
mass 5037.55, q2 2.62457e+06
mass 4099.99, q2 141921
mass 3801.73, q2 3.29953e+06
mass 4761.31, q2 5.79778e+06
mass 3390.66, q2 1.81613e+06
mass 4252.29, q2 8.32379e+06
mass 4051.42, q2 1.22771e+06
mass 4181.26, q2 3.89331e+06
mass 3677.31, q2 1.83112e+06
mass 3884.11, q2 5.75162e+06
mass 3638.66, q2 7.47518e+06
mass 4287.94, q2 5.43545e+06
mass 4993.23, q2 237565
mass 4306.06, q2 6.71263e+06
mass 4550.48, q2 1.87083e+06
mass 3750.29, q2 925971
mass 3874.78, q2 2.11688e+06
mass 4263.38, q2 5.78122e+06
mass 4237.22, q2 6.22069e+06
mass 4202.69, q2 7.43152e+06
mass 4197.35, q2 3.92049e+06
mass 4776.18, q2 4.87224e+06
mass 4281.45, q2 6.74364e+06
mass 4714.38, q2 848410
mass 4615.11, q2 946895
mass 4668.81, q2 5.93727e+06
mass 4504.08, q2 5.75142e+06
mass 4741.51, q2 4.86845e+06
mass 4657.79, q2 3.02844e+06
mass 4898.64, q2 970212
mass 4746.73, q2 1.18213e+06
mass 4211.7, q2 1.96654e+06
mass 4847.07, q2 9.81099e+06
mass 4248.45, q2 9.15608e+06
mass 4239.44, q2 170465
mass 4466.15, q2 1.68588e+06
mass 3373.63, q2 1.50582e+06
mass 4328.65, q2 5.43787e+06
mass 4869.52, q2 2.21423e+06
mass 4422.06, q2 2.08688e+06
mass 5669.24, q2 2.37375e+06
mass 4329.06, q2 6.69328e+06
mass 4700.34, q2 2.16496e+06
mass 4273.03, q2 1.975e+06
mass 5688.5, q2 5.69812e+06
mass 4796.8, q2 3.2489e+06
mass 3429, q2 9.54196e+06
mass 3558.23, q2 1.54915e+06
mass 4596.79, q2 1.33012e+06
mass 6410.85, q2 -3.04083e+06
mass 4913.19, q2 3.81364e+06
mass 4315.93, q2 6.22354e+06
mass 4519.38, q2 2.66852e+06
mass 3940.69, q2 1.48658e+06
mass 3758.86, q2 3.55414e+06
mass 5163.56, q2 2.15532e+06
mass 3577.59, q2 1.005e+07
mass 3356.52, q2 5.48324e+06
mass 3925.89, q2 1.49789e+06
mass 4524.45, q2 3.3189e+06
mass 5587.42, q2 -384.476
mass 4083.38, q2 4.11369e+06
mass 4558.42, q2 501119
mass 4410.16, q2 7.80188e+06
mass 4564.53, q2 1.56715e+06
mass 5180.73, q2 335092
mass 5540.58, q2 9.0681e+06
mass 4010.94, q2 1.29542e+06
mass 4694.43, q2 4.29426e+06
mass 4194.71, q2 342217
mass 3899.76, q2 8.67966e+06
mass 4301.15, q2 5.63236e+06
mass 5303.75, q2 522923
mass 3452.67, q2 1.77958e+06
mass 4691.51, q2 1.69849e+06
mass 3705.3, q2 3.43433e+06
mass 3842.95, q2 2.17008e+06
mass 3883.89, q2 2.98712e+06
mass 4498.01, q2 1.76156e+06
mass 4571.69, q2 2.61781e+06
mass 4252.06, q2 4.42868e+06
mass 4457.49, q2 2.21224e+06
mass 4253.33, q2 3.78403e+06
mass 4777.93, q2 2.30783e+06
mass 4084.54, q2 4.69267e+06
mass 4487.56, q2 1.78683e+06
mass 4349.83, q2 2.692e+06
mass 3809.68, q2 7.494e+06
mass 4205.04, q2 2.6517e+06
mass 4549.89, q2 1.16344e+06
mass 3799.73, q2 5.64009e+06
mass 4837.22, q2 8.64987e+06
mass 4364.65, q2 1.1966e+06
mass 5123.36, q2 3.4743e+06
mass 4561.01, q2 919727
mass 4970.99, q2 4.02392e+06
mass 4855.98, q2 1.75373e+06
mass 4416.91, q2 3.44349e+06
mass 4196.62, q2 8.4601e+06
mass 5071.46, q2 1.89348e+06
mass 4534.95, q2 5.29623e+06
mass 4409.16, q2 946406
mass 4377.15, q2 1.97509e+06
mass 7786.07, q2 -5.31527e+06
mass 4605.43, q2 3.03734e+06
mass 3678.65, q2 824998
mass 4001.77, q2 3.50101e+06
mass 4297, q2 7.43989e+06
mass 3731.62, q2 5.61359e+06
mass 4235.66, q2 3.11343e+06
mass 3615.8, q2 2.8676e+06
mass 4639.02, q2 1.49972e+06
mass 3931.61, q2 4.17846e+06
mass 5148.15, q2 2.5583e+06
mass 5126.08, q2 4.39905e+06
mass 4400.4, q2 514189
mass 3879.22, q2 1.92524e+06
mass 5100.25, q2 1.10992e+06
mass 4407.81, q2 9.99078e+06
mass 4085.98, q2 3.5422e+06
mass 4162.68, q2 1.47096e+06
mass 4922.71, q2 6.71355e+06
mass 4942.09, q2 4.94911e+06
mass 4505.66, q2 858470
mass 4276.78, q2 5.49042e+06
mass 5280.67, q2 1.23674e+06
mass 4190.46, q2 4.65622e+06
mass 5989.06, q2 -1.13049e+06
mass 4875.45, q2 1.95237e+06
mass 4164.56, q2 4.6437e+06
mass 5377.02, q2 2.18812e+06
mass 4777.8, q2 4.89787e+06
mass 4579.18, q2 4.75173e+06
mass 5068.81, q2 5.26917e+06
mass 4679.87, q2 6.55477e+06
mass 5049.08, q2 100347
mass 5417.66, q2 1.75615e+06
mass 4825.7, q2 906292
mass 4072.45, q2 911480
mass 4074.58, q2 826914
mass 5019.2, q2 2.19628e+06
mass 4428.61, q2 2.27378e+06
mass 3841.1, q2 1.59367e+06
mass 4265.9, q2 1.79718e+06
mass 4254.4, q2 9.02067e+06
mass 4643.95, q2 3.19404e+06
mass 3808.9, q2 2.1405e+06
mass 3313.8, q2 1.65473e+06
mass 3994.69, q2 593541
mass 5219.28, q2 3.20653e+06
mass 5072, q2 2.16415e+06
mass 4051.83, q2 4.25353e+06
mass 3732.46, q2 7.56274e+06
mass 7095.39, q2 -2.41468e+06
mass 4745.08, q2 1.91792e+06
mass 3604.3, q2 671530
mass 3433.73, q2 1.30536e+06
mass 6088.84, q2 708329
mass 4571.28, q2 2.8377e+06
mass 4443.96, q2 9.14598e+06
mass 4433.53, q2 9.17633e+06
mass 3757.85, q2 7.65879e+06
mass 4825.31, q2 2.78478e+06
mass 4602.58, q2 2.09746e+06
mass 3967.91, q2 2.66345e+06
mass 3701.46, q2 7.68113e+06
mass 4959.27, q2 821457
mass 4605.71, q2 3.96061e+06
mass 4457.27, q2 8.21556e+06
mass 5000.36, q2 1.75058e+06
mass 3736.41, q2 2.74738e+06
mass 3994.28, q2 533907
mass 6609.74, q2 -4.68757e+06
mass 5422.18, q2 744640
mass 4257.39, q2 1.73225e+06
mass 4018.47, q2 4.38219e+06
mass 4084.22, q2 2.39217e+06
mass 5229.44, q2 1.13971e+06
mass 3401.71, q2 1.34259e+06
mass 5013.73, q2 2.93762e+06
mass 5999.79, q2 -668281
mass 4774.05, q2 2.25568e+06
mass 4844.2, q2 5.15561e+06
mass 4735.61, q2 1.3561e+06
mass 3625.14, q2 2.72582e+06
mass 4639.8, q2 1.28195e+06
mass 4593.26, q2 2.0775e+06
mass 4090.1, q2 2.69532e+06
mass 3779.5, q2 2.29456e+06
mass 4689.05, q2 2.20849e+06
mass 3831.76, q2 7.81191e+06
mass 5037.28, q2 707787
mass 4687.32, q2 6.93799e+06
mass 4550.2, q2 748366
mass 3490.63, q2 7.3835e+06
mass 4482.21, q2 6.35066e+06
mass 4957.98, q2 920756
mass 3670.52, q2 600628
mass 5548.49, q2 854672
mass 3704.89, q2 1.92508e+06
mass 4940.33, q2 2.27197e+06
mass 3888.91, q2 2.51096e+06
mass 3881.55, q2 871769
mass 3843.62, q2 4.7085e+06
mass 4450.66, q2 1.01311e+07
mass 5542.76, q2 384334
mass 3638.43, q2 1.10935e+06
mass 6768.89, q2 -1.01778e+06
mass 4916.46, q2 6.91179e+06
mass 4269.37, q2 2.8467e+06
mass 5081.65, q2 2.61546e+06
mass 4333.21, q2 5.45626e+06
mass 4139.26, q2 4.62058e+06
mass 3303.86, q2 776314
mass 3702.5, q2 5.81885e+06
mass 3740.72, q2 3.08697e+06
mass 4358.51, q2 3.16562e+06
mass 4897.8, q2 869205
mass 4274.72, q2 2.82143e+06
mass 4415.64, q2 2.49789e+06
mass 5216.83, q2 9.38835e+06
mass 4257.04, q2 2.43075e+06
mass 3944.29, q2 1.77288e+06
mass 3915.61, q2 6.5744e+06
RooDataSet::dataset[m_{D_{s}#mu}] = 1903 entries
RooDataSet::datasetQ[m_{D_{s}#mu},q^{2}] = 1903 entries
RooDataSet::datasetE[m_{D_{s}#mu},E_{#mu}] = 1903 entries
RooDataSet::datasetM[m_{D_{s}#mu},mm^2] = 1903 entries
RooDataSet::datasetQP[m_{D_{s}#mu},q^{2}] = 1903 entries
RooDataSet::datasetQM[m_{D_{s}#mu},q^{2}] = 1903 entries
All events processed
