
[1mRooFit v3.60 -- Developed by Wouter Verkerke and David Kirkby[0m 
                Copyright (C) 2000-2013 NIKHEF, University of California & Stanford University
                All rights reserved, please read http://roofit.sourceforge.net/license.txt

 10 ./Templater
 10 -in
 10 -conf
 10 -flag
 10 -mc
 10 -ff
Configuring
 ::: Setting Fit Parameters from config/config_NorBin_IsoPIDCut_Q2.txt file ::: 
Read value :: 0 :: for param :: applyTauCut
 ::: Setting Fit Parameters from config/config_NorBin_IsoPIDCut_Q2.txt file ::: 
Read value :: 0 :: for param :: applyBMCut
 ::: Setting Fit Parameters from config/config_NorBin_IsoPIDCut_Q2.txt file ::: 
Read value :: 1 :: for param :: applyIsoCut
 ::: Setting Fit Parameters from config/config_NorBin_IsoPIDCut_Q2.txt file ::: 
Read value :: 20 :: for param :: nBinsMass
 ::: Setting Fit Parameters from config/config_NorBin_IsoPIDCut_Q2.txt file ::: 
Read value :: 11 :: for param :: nBinsQsq
 ::: Setting Fit Parameters from config/config_NorBin_IsoPIDCut_Q2.txt file ::: 
Read value :: 10 :: for param :: nBinsEmu
 ::: Setting Fit Parameters from config/config_NorBin_IsoPIDCut_Q2.txt file ::: 
Read value :: 20 :: for param :: nBinsMMsq
 ::: Setting Fit Parameters from config/config_NorBin_IsoPIDCut_Q2.txt file ::: 
Read value :: 0 :: for param :: doPhiPi
Setting output 
 Entering Do Template 
-------------------------
Set LHCb Style - Feb 2012
-------------------------
Going to write output file :: output/RootOutp_MCAll_bin0_NorBIsoPIDCutBsDsDs_Weight.root
 /afs/cern.ch/user/r/rvazquez/RDS/DaVinciDev_v41r3/Phys/BsDsMuNuForRDS/src/DsMass_WithSWeighted_Dsst_BsDD_NoCL_CB_Sim09b.root
TFile**		/afs/cern.ch/user/r/rvazquez/RDS/DaVinciDev_v41r3/Phys/BsDsMuNuForRDS/src/DsMass_WithSWeighted_Dsst_BsDD_NoCL_CB_Sim09b.root	
 TFile*		/afs/cern.ch/user/r/rvazquez/RDS/DaVinciDev_v41r3/Phys/BsDsMuNuForRDS/src/DsMass_WithSWeighted_Dsst_BsDD_NoCL_CB_Sim09b.root	
  KEY: TTree	DecayTree;1	tree with weights
nentries = 2986
With weight = ( McorrDsst > 3000 && McorrDsst < 8000 && (Ds_MM>1940 && Ds_MM<2000) && sq > 0. && ( Kpl_P>5000 && Kmi_P>5000 && pi_P>5000 && (Kpl_PT>800 || Kmi_PT>800 || pi_PT>800) && Ds_PT>2000 && Bs_0_BDTS_DOCA<0.50 && Bs_0_FDCHI2_TOPPV>50 && 1940<Ds_MM && 2000>Ds_MM  )  && ( mu_PIDmu > 0) && (mu_iso_MinBDT_Long>-0.5) )*sigw
2986
--- ... Processing event: 0
mass 3825.51, q2 2.30988e+06
mass 4182.89, q2 5.03318e+06
mass 5124.99, q2 6.1017e+06
mass 5133.55, q2 6.57514e+06
mass 4296.45, q2 2.32018e+06
mass 4269.75, q2 1.09197e+06
mass 4956.76, q2 2.64553e+06
mass 4001.44, q2 252831
mass 5045.19, q2 3.89377e+06
mass 4163.67, q2 4.42918e+06
mass 3450.93, q2 3.47366e+06
mass 4468.9, q2 1.67615e+06
mass 4108.48, q2 787820
mass 4456.57, q2 1.95282e+06
mass 4150.07, q2 475648
mass 6160.09, q2 78381.6
mass 4642.56, q2 1.1612e+06
mass 4342.32, q2 4.48822e+06
mass 5314.81, q2 397973
mass 5056.44, q2 4.12799e+06
mass 4376.91, q2 7.01031e+06
mass 3280.71, q2 1.15196e+06
mass 4618.2, q2 2.163e+06
mass 4560.47, q2 141731
mass 5926.62, q2 -1.13456e+06
mass 5884.7, q2 395652
mass 4270.15, q2 5.60276e+06
mass 4134.27, q2 1.59821e+06
mass 5065.17, q2 4.00228e+06
mass 3568.43, q2 1.09651e+06
mass 5932.38, q2 4.14629e+06
mass 4297.21, q2 2.68293e+06
mass 5397.77, q2 3.26939e+06
mass 4224.58, q2 2.9773e+06
mass 4779.65, q2 745204
mass 4972.96, q2 3.15702e+06
mass 4687.19, q2 2.68712e+06
mass 4488.41, q2 2.46476e+06
mass 4025.04, q2 5.06831e+06
mass 4659.68, q2 2.76056e+06
mass 5137.21, q2 4.36297e+06
mass 4720.99, q2 3.20994e+06
mass 4505.7, q2 5.02055e+06
mass 3659.54, q2 1.28736e+06
mass 3576.7, q2 5.4284e+06
mass 4149.27, q2 1.58294e+06
mass 4857.86, q2 3.4006e+06
mass 5014.22, q2 4.41858e+06
mass 4787.32, q2 1.25935e+06
mass 4291.62, q2 1.9272e+06
mass 3955.19, q2 3.66591e+06
mass 4195.26, q2 1.21841e+06
mass 5516.14, q2 4.06472e+06
mass 4181.86, q2 5.21598e+06
mass 5314.96, q2 2.66757e+06
mass 3923, q2 1.99501e+06
mass 4488.87, q2 1.54066e+06
mass 5164.14, q2 587616
mass 4107.4, q2 6.04666e+06
mass 4420.88, q2 5.80292e+06
mass 4438.71, q2 6.98621e+06
mass 4438.46, q2 5.0651e+06
mass 3889.11, q2 970225
mass 5238.25, q2 2.47333e+06
mass 3404.18, q2 1.8783e+06
mass 4397.15, q2 3.70734e+06
mass 4412.27, q2 1.88648e+06
mass 4328.82, q2 4.67056e+06
mass 4075.07, q2 1.90405e+06
mass 5201.63, q2 834854
mass 3320.38, q2 1.67182e+06
mass 4315.46, q2 964119
mass 4657.07, q2 1.16656e+06
mass 4930.32, q2 8.05648e+06
mass 7112.69, q2 -3.49438e+06
mass 4715.82, q2 938925
mass 4224.53, q2 5.66636e+06
mass 3500.07, q2 1.78201e+06
mass 4115.46, q2 4.52379e+06
mass 4019.83, q2 6.58617e+06
mass 3854.78, q2 8.20845e+06
mass 6193.73, q2 2.93135e+06
mass 3998.98, q2 1.27728e+06
mass 4274.65, q2 2.17267e+06
mass 4164.36, q2 464380
mass 3973.12, q2 6.76741e+06
mass 5252.05, q2 1.2876e+06
mass 3742.37, q2 7.64147e+06
mass 3480.46, q2 2.4534e+06
mass 4946.47, q2 128336
mass 5155.53, q2 8.7469e+06
mass 4859.37, q2 4.0883e+06
mass 4406.68, q2 3.94953e+06
mass 5275.46, q2 6.57228e+06
mass 4144.64, q2 1.0252e+07
mass 4349.7, q2 2.03864e+06
mass 5232.44, q2 38798.4
mass 4752.8, q2 1.66272e+06
mass 5207.14, q2 635051
mass 5225.51, q2 2.71919e+06
mass 3889.04, q2 1.29105e+06
mass 4636.12, q2 3.83222e+06
mass 4566.19, q2 7.82567e+06
mass 4629.44, q2 6.53698e+06
mass 5090.95, q2 2.66655e+06
mass 3831.51, q2 2.84049e+06
mass 5306.38, q2 3.83152e+06
mass 3689.84, q2 1.1023e+06
mass 4503.79, q2 784093
mass 4663.34, q2 6.17778e+06
mass 4469.64, q2 188180
mass 4345.32, q2 7.10359e+06
mass 4707.92, q2 2.61366e+06
mass 4935.96, q2 3.64619e+06
mass 4299.63, q2 2.27533e+06
mass 4787.51, q2 2.58077e+06
mass 4434.83, q2 1.11821e+06
mass 4598.84, q2 938159
mass 4545.1, q2 7.41776e+06
mass 5205.99, q2 2.62696e+06
mass 4251.6, q2 9.74361e+06
mass 5080.47, q2 2.93876e+06
mass 4607.96, q2 1.24365e+06
mass 5163.29, q2 1.66117e+06
mass 5449.77, q2 5.14098e+06
mass 3488.01, q2 1.48258e+06
mass 4150.32, q2 691596
mass 4111.88, q2 5.68511e+06
mass 4151.59, q2 1.66631e+06
mass 4329.16, q2 1.81798e+06
mass 4553.72, q2 1.94673e+06
mass 3273.76, q2 2.20733e+06
mass 3617.04, q2 1.23126e+06
mass 4612.57, q2 5.04405e+06
mass 4575.17, q2 246441
mass 4292.75, q2 2.12021e+06
mass 4473.56, q2 1.81711e+06
mass 4415.63, q2 3.52925e+06
mass 3608.8, q2 6.7652e+06
mass 4415.68, q2 6.50285e+06
mass 4473.12, q2 3.86237e+06
mass 4226.95, q2 2.67972e+06
mass 4807.55, q2 8.23105e+06
mass 4608.35, q2 4.44499e+06
mass 6502.53, q2 2.54398e+06
mass 4407.52, q2 8.66186e+06
mass 4777.26, q2 3.89382e+06
mass 5004.73, q2 1.4163e+06
mass 4530.82, q2 1.96562e+06
mass 4735.77, q2 7.0832e+06
mass 5470.81, q2 1.56682e+06
mass 5193.97, q2 4.3826e+06
mass 4179.27, q2 2.40711e+06
mass 3559.35, q2 8.31422e+06
mass 4041.02, q2 3.41566e+06
mass 4209, q2 2.51103e+06
mass 4618.76, q2 7.90662e+06
mass 3300.49, q2 1.40321e+06
mass 3947.35, q2 1.21426e+06
mass 4969.1, q2 3.11747e+06
mass 5051.77, q2 2.81561e+06
mass 4281.12, q2 1.42891e+06
mass 4743.07, q2 917223
mass 3851.16, q2 2.94067e+06
mass 4516.6, q2 3.81368e+06
mass 4290.62, q2 310284
mass 4976.22, q2 2.28571e+06
mass 3909.5, q2 3.76884e+06
mass 4855.84, q2 1.5878e+06
mass 3962.74, q2 1.16791e+06
mass 4435.85, q2 4.58023e+06
mass 5148.6, q2 8.00721e+06
mass 3674.9, q2 2.1978e+06
mass 4984.3, q2 2.22028e+06
mass 5575.29, q2 1.88305e+06
mass 3747.02, q2 9.4994e+06
mass 4172.23, q2 452818
mass 5796.01, q2 -354383
mass 4474.37, q2 9.66936e+06
mass 4631.42, q2 107209
mass 5952.54, q2 3.58063e+06
mass 5687.09, q2 -769018
mass 4324.43, q2 2.36229e+06
mass 3525.87, q2 1.90132e+06
mass 4836.89, q2 2.22063e+06
mass 4370.83, q2 6.93396e+06
mass 4629.37, q2 734800
mass 4952.27, q2 3.44819e+06
mass 4908.79, q2 1.8686e+06
mass 3476.59, q2 1.36219e+06
mass 3541.92, q2 4.10397e+06
mass 4290.89, q2 573246
mass 4843.08, q2 1.57744e+06
mass 4706.72, q2 1.99082e+06
mass 4136.37, q2 4.51452e+06
mass 5335.8, q2 1.8691e+06
mass 4205.11, q2 2.54849e+06
mass 5901.64, q2 1.47303e+06
mass 3514.69, q2 791616
mass 4280.46, q2 1.57256e+06
mass 4415.21, q2 4.56095e+06
mass 7177.78, q2 -1.65969e+06
mass 4749.02, q2 3.48438e+06
mass 4254.79, q2 2.27972e+06
mass 4151.46, q2 3.45797e+06
mass 4688.97, q2 828031
mass 4336.07, q2 2.49487e+06
mass 4032.46, q2 4.53232e+06
mass 3310.62, q2 7.57951e+06
mass 4432.49, q2 1.66329e+06
mass 4379.35, q2 2.14625e+06
mass 4404.95, q2 4.70433e+06
mass 3883.69, q2 1.01922e+06
mass 4783.02, q2 2.12703e+06
mass 3846.01, q2 5.80954e+06
mass 4036.05, q2 1.56127e+06
mass 5251.64, q2 1.47843e+06
mass 4319.85, q2 3.95299e+06
mass 4599.56, q2 719926
mass 4821.71, q2 4.43762e+06
mass 3660.13, q2 2.44785e+06
mass 4372.45, q2 4.09361e+06
mass 4546.9, q2 971246
mass 4508.8, q2 2.21318e+06
mass 4489.75, q2 6.0386e+06
mass 4689.17, q2 387512
mass 4529.86, q2 2.66268e+06
mass 4875.07, q2 3.60004e+06
mass 4665.44, q2 2.67257e+06
mass 5651.87, q2 3.09396e+06
mass 4178.2, q2 6.60993e+06
mass 4562.59, q2 6.23915e+06
mass 4482.58, q2 1.96234e+06
mass 4773.56, q2 3.45972e+06
mass 4749.56, q2 1.37081e+06
mass 5580.58, q2 2.16357e+06
mass 3796.02, q2 4.40627e+06
mass 4451.79, q2 4.14734e+06
mass 3997.8, q2 6.91903e+06
mass 4296.26, q2 3.94821e+06
mass 5222.12, q2 5.01934e+06
mass 3432.43, q2 2.70638e+06
mass 4134.94, q2 878778
mass 4299.29, q2 3.06852e+06
mass 4459.17, q2 1.46874e+06
mass 4760.48, q2 4.14989e+06
mass 4402.32, q2 2.06142e+06
mass 4278.28, q2 5.39763e+06
mass 4340.2, q2 2.60399e+06
mass 4408.19, q2 5.95333e+06
mass 3710.01, q2 1.01017e+07
mass 3948.6, q2 8.26139e+06
mass 4567.55, q2 1.92474e+06
mass 4288.52, q2 2.16544e+06
mass 4291.83, q2 983648
mass 3242.97, q2 2.2199e+06
mass 5125.02, q2 4.01321e+06
mass 3433.28, q2 2.9752e+06
mass 5068.47, q2 1.94328e+06
mass 4301.1, q2 579891
mass 4709.66, q2 564054
mass 5688.1, q2 934927
mass 5958.11, q2 2.11188e+06
mass 4837.24, q2 1.60464e+06
mass 4979.86, q2 565471
mass 3767, q2 6.58665e+06
mass 5861.56, q2 2.05708e+06
mass 4374.24, q2 2.18079e+06
mass 4690.32, q2 3.20696e+06
mass 4382.52, q2 3.39016e+06
mass 3288.01, q2 7.01494e+06
mass 4625.76, q2 7.06749e+06
mass 4096.85, q2 3.45615e+06
mass 4469.02, q2 1.67065e+06
mass 4782.82, q2 6.05355e+06
mass 3899.12, q2 2.09228e+06
mass 3739.06, q2 3.53381e+06
mass 4561.88, q2 2.34354e+06
mass 5278.07, q2 5.53087e+06
mass 5586.15, q2 1.9724e+06
mass 5253.8, q2 2.21836e+06
mass 4735.1, q2 3.05838e+06
mass 4433.51, q2 2.97002e+06
mass 5242.96, q2 3.15329e+06
mass 4160.79, q2 1.42351e+06
mass 4111.22, q2 1.16922e+06
mass 4158.85, q2 5.53882e+06
mass 4434.81, q2 1.41201e+06
mass 4289.72, q2 1.76342e+06
mass 4847.94, q2 2.07466e+06
mass 4241.9, q2 1.05515e+07
mass 4574.72, q2 2.93955e+06
mass 4392.73, q2 3.4043e+06
mass 3922.65, q2 7.49927e+06
mass 4912.48, q2 1.43445e+06
mass 5077.41, q2 3.49255e+06
mass 3887.81, q2 1.81968e+06
mass 5124.57, q2 441633
mass 3700.33, q2 4.63324e+06
mass 3784.11, q2 2.50127e+06
mass 4029.41, q2 4.12253e+06
mass 5083.23, q2 3.87204e+06
mass 4801.25, q2 7.22421e+06
mass 4776.32, q2 1.9831e+06
mass 4129.12, q2 6.91815e+06
mass 5943.08, q2 4.22426e+06
mass 4142.58, q2 4.15155e+06
mass 4832.46, q2 5.58969e+06
mass 4462.73, q2 2.24994e+06
mass 5297.22, q2 3.03613e+06
mass 4275.03, q2 586136
mass 3863.4, q2 333064
mass 3291.78, q2 1.56988e+06
mass 4415.95, q2 2.65676e+06
mass 4149.32, q2 2.60878e+06
mass 3429.34, q2 4.30087e+06
mass 3843.93, q2 572720
mass 4901.83, q2 245515
mass 4822.82, q2 4.10904e+06
mass 4270.51, q2 3.718e+06
mass 3877.2, q2 2.16503e+06
mass 3489.77, q2 2.07105e+06
mass 5240.81, q2 4.23571e+06
mass 3558.79, q2 2.02696e+06
mass 4322.46, q2 5.3616e+06
mass 5537.83, q2 973077
mass 3634.22, q2 5.42219e+06
mass 4063.85, q2 1.31586e+06
mass 4508.38, q2 2.80979e+06
mass 3994.98, q2 1.75414e+06
mass 3602.18, q2 1.45219e+06
mass 4938.63, q2 1.92298e+06
mass 4705.83, q2 1.72715e+06
mass 5461.31, q2 138058
mass 4471.96, q2 2.78358e+06
mass 4866.03, q2 4.14952e+06
mass 3859.47, q2 3.40643e+06
mass 5482.43, q2 1.99539e+06
mass 4335.22, q2 4.07744e+06
mass 5188.5, q2 1.4958e+06
mass 3873.15, q2 2.51753e+06
mass 4838.09, q2 3.80781e+06
mass 4450.25, q2 3.17568e+06
mass 5109.15, q2 933180
mass 4464.32, q2 3.11888e+06
mass 4655.03, q2 1.54425e+06
mass 3526.46, q2 3.85024e+06
mass 5365.74, q2 2.00162e+06
mass 4685.67, q2 2.4399e+06
mass 4462.72, q2 3.44631e+06
mass 5661.54, q2 4.12774e+06
mass 3655.19, q2 3.24725e+06
mass 4194.81, q2 3.28458e+06
mass 3401.35, q2 4.36407e+06
mass 4465.19, q2 4.83258e+06
mass 4312.48, q2 2.63475e+06
mass 4323.55, q2 668030
mass 5053.55, q2 6.74261e+06
mass 4424.71, q2 1.5477e+06
mass 5241.65, q2 923039
mass 4093.46, q2 1.75165e+06
mass 3924.89, q2 5.03543e+06
mass 4424.92, q2 1.72704e+06
mass 4953.85, q2 3.88914e+06
mass 4686.57, q2 4.76637e+06
mass 3686.08, q2 2.97811e+06
mass 4330.69, q2 1.20443e+06
mass 4807.11, q2 1.63848e+06
mass 4664.94, q2 5.27073e+06
mass 4254.74, q2 4.60936e+06
mass 4698.62, q2 1.61559e+06
mass 4500.35, q2 5.8436e+06
mass 3212.51, q2 1.0219e+06
mass 5524.6, q2 2.9202e+06
mass 4180.29, q2 3.73938e+06
mass 3959.66, q2 915143
mass 4862.25, q2 4.89634e+06
mass 4071.6, q2 2.73711e+06
mass 4831.09, q2 6.1162e+06
mass 4435.53, q2 3.72797e+06
mass 4878.47, q2 1.26357e+06
mass 4675.13, q2 1.78749e+06
mass 3219.93, q2 1.7746e+06
mass 4525.31, q2 1.77739e+06
mass 4028.83, q2 1.12808e+06
mass 5271.19, q2 5.98825e+06
mass 4522.68, q2 1.54383e+06
mass 4749.03, q2 1.70424e+06
mass 3223.26, q2 3.66965e+06
mass 4049.52, q2 1.49937e+06
mass 3871.71, q2 342760
mass 3209.05, q2 1.17216e+06
mass 4459.47, q2 8.40132e+06
mass 5378.99, q2 3.91896e+06
mass 4744.79, q2 2.72171e+06
mass 3861.72, q2 7.68509e+06
mass 4406.86, q2 1.39551e+06
mass 4881.87, q2 264118
mass 4182.56, q2 731983
mass 4764.76, q2 437954
mass 4381.91, q2 2.49808e+06
mass 4556.39, q2 3.84919e+06
mass 4539.7, q2 4.19915e+06
mass 5438.99, q2 825872
mass 5138.07, q2 2.01699e+06
mass 4375.63, q2 2.87664e+06
mass 4504.51, q2 2.41778e+06
mass 3987.45, q2 6.05151e+06
mass 4573.06, q2 2.44635e+06
mass 4360.51, q2 1.62237e+06
mass 3886.03, q2 7.60195e+06
mass 4673.74, q2 1.6512e+06
mass 4841.32, q2 77683.1
mass 4746.33, q2 242665
mass 4193.89, q2 2.69243e+06
mass 4630.87, q2 1.25286e+06
mass 4762.31, q2 2.93515e+06
mass 4058.32, q2 634798
mass 4075.09, q2 8.07193e+06
mass 5012.25, q2 1.43466e+06
mass 4856.89, q2 1.25127e+06
mass 3554.84, q2 1.37232e+06
mass 4882.71, q2 4.55311e+06
mass 4942.8, q2 8.73924e+06
mass 3894.7, q2 412492
mass 3481.12, q2 1.7114e+06
mass 5191.59, q2 4.14466e+06
mass 4078.25, q2 8.92667e+06
mass 4309.56, q2 3.10769e+06
mass 4708.61, q2 3.17622e+06
mass 5813.19, q2 3.70885e+06
mass 4810.7, q2 3.60234e+06
mass 5138.65, q2 1.079e+06
mass 4703.07, q2 833500
mass 5085.29, q2 4.11691e+06
mass 4857.67, q2 6.51795e+06
mass 3333.95, q2 3.15708e+06
mass 4106.49, q2 210017
mass 4123.25, q2 4.25975e+06
mass 4541.68, q2 3.35117e+06
mass 4005.57, q2 6.27076e+06
mass 3933.55, q2 2.20398e+06
mass 5218.24, q2 4.69664e+06
mass 4479.04, q2 7.94078e+06
mass 4168.65, q2 6.35806e+06
mass 3955.55, q2 3.10925e+06
mass 5396.35, q2 1.96059e+06
mass 4530.46, q2 3.73449e+06
mass 4138.14, q2 1.78846e+06
mass 4150.88, q2 8.05916e+06
mass 4656.42, q2 1.43448e+06
mass 5412.25, q2 2.7599e+06
mass 5305.08, q2 3.26304e+06
mass 4904.52, q2 1.17921e+06
mass 4057.83, q2 745826
mass 3985.6, q2 2.90983e+06
mass 4195.26, q2 716475
mass 5452.67, q2 492794
mass 4386.25, q2 3.25171e+06
mass 4249.9, q2 4.1946e+06
mass 5730.57, q2 1.02905e+06
mass 4893.13, q2 3.49796e+06
mass 4652.55, q2 669078
mass 4648.59, q2 2.87345e+06
mass 5260.11, q2 3.08098e+06
mass 5104.47, q2 4.71569e+06
mass 4636.69, q2 3.54099e+06
mass 4589.17, q2 6.3943e+06
mass 3472.21, q2 3.02307e+06
mass 4287.93, q2 3.06553e+06
mass 3231.88, q2 1.85804e+06
mass 3308.78, q2 2.72772e+06
mass 4490.9, q2 3.06428e+06
mass 4544.5, q2 2.37159e+06
mass 4302.43, q2 1.91052e+06
mass 5059.51, q2 562431
mass 3859.24, q2 1.55512e+06
mass 3623.89, q2 942223
mass 4276.09, q2 2.40478e+06
mass 4222.8, q2 2.43883e+06
mass 7627.7, q2 -8.31237e+06
mass 4101.94, q2 4.07767e+06
mass 4619.76, q2 2.39098e+06
mass 4494.67, q2 887610
mass 4367.16, q2 6.3549e+06
mass 5117.13, q2 4.34145e+06
mass 4194.81, q2 899935
mass 3963.16, q2 1.22364e+06
mass 4317.85, q2 692941
mass 6272.76, q2 4.14692e+06
mass 5060.99, q2 5.9341e+06
mass 3886.02, q2 3.28266e+06
mass 4967.02, q2 728825
mass 4288.36, q2 6.17237e+06
mass 5235.75, q2 175781
mass 4651.76, q2 1.70022e+06
mass 3756.14, q2 5.53375e+06
mass 4463.28, q2 2.86042e+06
mass 5433.08, q2 690306
mass 4639.07, q2 2.64716e+06
mass 3971.16, q2 6.48817e+06
mass 4794.34, q2 226488
mass 4161.31, q2 3.74782e+06
mass 3701.37, q2 341428
mass 4736.59, q2 3.44265e+06
mass 4831.97, q2 3.85436e+06
mass 3251.47, q2 1.61766e+06
mass 4128.29, q2 5.29288e+06
mass 4756.69, q2 127049
mass 4773.21, q2 1.03824e+07
mass 5114.9, q2 1.50865e+06
mass 4146.99, q2 2.1031e+06
mass 4892.14, q2 3.33269e+06
mass 4267.68, q2 1.28024e+06
mass 4606.33, q2 3.1673e+06
mass 4773.32, q2 124867
mass 5393.07, q2 2.79215e+06
mass 5323.36, q2 659393
mass 3382.48, q2 1.03295e+06
mass 5200.98, q2 1.63612e+06
mass 4101.73, q2 8.30913e+06
mass 5152.58, q2 2.51527e+06
mass 5052, q2 3.28905e+06
mass 4377.4, q2 4.80564e+06
mass 5490.85, q2 4.50771e+06
mass 5120.26, q2 620247
mass 4057.13, q2 4.98795e+06
mass 5076.22, q2 7.39998e+06
mass 4332.92, q2 6.33295e+06
mass 4419.85, q2 2.51718e+06
mass 4419.59, q2 1.99213e+06
mass 4576.55, q2 3.15685e+06
mass 3437.85, q2 861041
mass 4040.18, q2 6.19038e+06
mass 4001.24, q2 1.17443e+06
mass 3700.27, q2 2.16414e+06
mass 3774.02, q2 1.47942e+06
mass 5522.46, q2 3.0021e+06
mass 4974.19, q2 1.89975e+06
mass 8811.4, q2 -1.5e+07
mass 5482.4, q2 173749
mass 5077.69, q2 1.44482e+06
mass 4712.88, q2 1.30872e+06
mass 4511.09, q2 2.42058e+06
mass 4244.99, q2 2.32296e+06
mass 6489.96, q2 6.20278e+06
mass 4978.84, q2 3.93371e+06
mass 5175.54, q2 2.59188e+06
mass 4341.12, q2 1.88299e+06
mass 3749.97, q2 3.6022e+06
mass 3373.36, q2 7.28295e+06
mass 4295.58, q2 791921
mass 4543.92, q2 3.78294e+06
mass 4550.44, q2 3.50897e+06
mass 5517.67, q2 5.22154e+06
mass 4985.63, q2 5.96956e+06
mass 4977.7, q2 1.53773e+06
mass 3544.83, q2 2.95402e+06
mass 3522.8, q2 1.74627e+06
mass 4297.27, q2 2.07697e+06
mass 5321.63, q2 4.18398e+06
mass 4153.53, q2 2.00517e+06
mass 5227.27, q2 764660
mass 5447.11, q2 987298
mass 3835.96, q2 6.42859e+06
mass 7702.33, q2 4.2464e+06
mass 4747, q2 1.55183e+06
mass 5170.05, q2 3.37685e+06
mass 4213.49, q2 6.5331e+06
mass 4742.11, q2 5.12035e+06
mass 4611.41, q2 781537
mass 5201.34, q2 4.39436e+06
mass 4337.78, q2 3.29547e+06
mass 4394.39, q2 3.18212e+06
mass 4126.42, q2 3.3581e+06
mass 5306.95, q2 2.27112e+06
mass 4789.98, q2 262925
mass 3677.76, q2 1.34741e+06
mass 4793.63, q2 6.75817e+06
mass 5267.16, q2 1.39263e+06
mass 4828.65, q2 146265
mass 5260.41, q2 1.22877e+06
mass 4369.99, q2 4.93779e+06
mass 4067.27, q2 5.26623e+06
mass 4384.85, q2 1.75816e+06
mass 4691.23, q2 4.18478e+06
mass 4722.89, q2 5.9671e+06
mass 6335.37, q2 -332035
mass 5246.99, q2 4.62008e+06
mass 3364.09, q2 1.6341e+06
mass 3943.49, q2 1.16147e+06
mass 5232.7, q2 1.94904e+06
mass 4751.29, q2 321585
mass 4277.24, q2 1.83029e+06
mass 4376.79, q2 2.26812e+06
mass 5479.81, q2 1.48634e+06
mass 5011.97, q2 427984
mass 3762.14, q2 739922
mass 3929.78, q2 2.95631e+06
mass 4489.48, q2 2.06674e+06
mass 3314.25, q2 1.33472e+06
mass 4633.18, q2 1.54898e+06
mass 6249.97, q2 -2.52943e+06
mass 4255.3, q2 2.05413e+06
mass 4789.39, q2 1.61471e+06
mass 5361.18, q2 1.3763e+06
mass 4688.36, q2 1.40272e+06
mass 5183.02, q2 2.90269e+06
mass 4024.09, q2 5.05464e+06
mass 3794.72, q2 2.8246e+06
mass 5589.82, q2 2.07629e+06
mass 4831.61, q2 3.83027e+06
mass 5234.57, q2 1.00284e+06
mass 4105.12, q2 2.91345e+06
mass 4104.27, q2 3.19595e+06
mass 4646.66, q2 4.1957e+06
mass 4832.42, q2 566416
mass 4688.29, q2 925596
mass 4692.02, q2 785105
mass 3229.91, q2 1.89918e+06
mass 4064.8, q2 1.28526e+06
mass 4405.23, q2 1.0172e+07
mass 3735.93, q2 6.78897e+06
mass 5410.45, q2 3.14823e+06
mass 3643.4, q2 1.46584e+06
mass 3503.6, q2 1.03273e+06
mass 4695.42, q2 4.09234e+06
mass 4513.28, q2 1.70437e+06
mass 4480.52, q2 850475
mass 4809.92, q2 5.65302e+06
mass 4844.47, q2 4.87932e+06
mass 3671.39, q2 2.53003e+06
mass 5607.78, q2 4.69234e+06
mass 4933.03, q2 2.31148e+06
mass 5349, q2 238009
mass 4834.17, q2 3.36785e+06
mass 4747.43, q2 6.72514e+06
mass 5785.71, q2 3.06261e+06
mass 4711.95, q2 4.69823e+06
mass 5189.07, q2 4.64221e+06
mass 3187.17, q2 1.39185e+06
mass 3125.32, q2 728870
mass 4858, q2 4.22576e+06
mass 4541.52, q2 759746
mass 6690.05, q2 3.94513e+06
mass 4565.79, q2 1.95012e+06
mass 5284.82, q2 5.36456e+06
mass 4169.38, q2 3.9441e+06
mass 4212.76, q2 5.43495e+06
mass 4479.71, q2 3.4681e+06
mass 5298, q2 219947
mass 3907.22, q2 1.74828e+06
mass 5140.84, q2 2.45874e+06
mass 3471.41, q2 1.95115e+06
mass 5057.07, q2 2.87386e+06
mass 4920.86, q2 5.39386e+06
mass 4481.11, q2 2.47579e+06
mass 4601.27, q2 5.40162e+06
mass 4345.79, q2 4.39506e+06
mass 4455.95, q2 3.677e+06
mass 4155.99, q2 4.32918e+06
mass 5354.84, q2 555940
mass 5426.1, q2 4.24453e+06
mass 5032.04, q2 2.28905e+06
mass 5486.8, q2 5.23155e+06
mass 4887.61, q2 3.06469e+06
mass 4773.12, q2 1.78809e+06
mass 5272.82, q2 2.36917e+06
mass 4894.61, q2 2.49396e+06
mass 3828.3, q2 3.56885e+06
mass 5171.87, q2 279244
mass 4178.55, q2 2.07423e+06
mass 4715.04, q2 2.70283e+06
mass 4283.34, q2 4.86791e+06
mass 4229.68, q2 2.9876e+06
mass 4507.22, q2 3.97539e+06
mass 4437.33, q2 4.43849e+06
mass 4897.56, q2 392230
mass 5212.04, q2 4.8864e+06
mass 4638.82, q2 2.89517e+06
mass 5110.34, q2 1.8454e+06
mass 4366.84, q2 7.3013e+06
mass 4373.11, q2 1.50885e+06
mass 3566.97, q2 3.86189e+06
mass 4524.7, q2 5.28e+06
mass 4267.04, q2 3.12057e+06
mass 4313.69, q2 5.85979e+06
mass 4385.92, q2 1.15976e+06
mass 4043.57, q2 3.18471e+06
mass 4202.98, q2 3.85891e+06
mass 4692.82, q2 1.82414e+06
mass 4666.83, q2 1.87606e+06
mass 3856.66, q2 6.1461e+06
mass 4537.85, q2 1.7562e+06
mass 3949.58, q2 8.27257e+06
mass 4259.61, q2 1.76955e+06
mass 3787.38, q2 2.36551e+06
mass 4060.64, q2 6.74335e+06
mass 4375.02, q2 2.04472e+06
mass 4473.54, q2 1.99598e+06
mass 3445.01, q2 2.52839e+06
mass 4271.42, q2 7.87081e+06
mass 4172.49, q2 704734
mass 4723.6, q2 3.99601e+06
mass 3267.22, q2 2.16517e+06
mass 4312.69, q2 3.10198e+06
mass 4255.98, q2 221988
mass 4411.3, q2 1.45286e+06
mass 3505.76, q2 1.65901e+06
mass 4695.76, q2 7.34838e+06
mass 4704.47, q2 4.30329e+06
mass 4167.65, q2 3.42009e+06
mass 4207.53, q2 2.42996e+06
mass 3407.65, q2 1.26326e+06
mass 4493.1, q2 4.09911e+06
mass 3644.94, q2 2.41481e+06
mass 3708.74, q2 909376
mass 4180.45, q2 1.14272e+06
mass 3802.92, q2 6.72444e+06
mass 6619.19, q2 4.02911e+06
mass 3786.52, q2 637541
mass 6179.55, q2 3.77419e+06
mass 3938.81, q2 2.8116e+06
mass 6296.8, q2 2.50447e+06
mass 4635.3, q2 706239
mass 4146.04, q2 1.7958e+06
mass 4637.9, q2 2.12107e+06
mass 5040.85, q2 9.06212e+06
mass 3905.67, q2 1.73966e+06
mass 4722.29, q2 2.959e+06
mass 4329.62, q2 871016
mass 6000.51, q2 4.43514e+06
mass 3889.32, q2 2.04535e+06
mass 5486.06, q2 103081
mass 4663.28, q2 2.49138e+06
mass 4374.65, q2 3.3991e+06
mass 3974.43, q2 3.25105e+06
mass 5164.71, q2 3.36896e+06
mass 5548.19, q2 4.84959e+06
mass 4897.18, q2 2.66323e+06
mass 4105.52, q2 6.31206e+06
mass 3610, q2 1.52207e+06
mass 4391.99, q2 5.83967e+06
mass 4628.86, q2 4.23428e+06
mass 4738.51, q2 2.90262e+06
mass 4042.57, q2 100292
mass 4128.2, q2 4.00238e+06
mass 4469.61, q2 774526
mass 4964.57, q2 1.71921e+06
mass 4468.62, q2 2.15841e+06
mass 4325.47, q2 2.15623e+06
mass 4517.94, q2 2.50671e+06
mass 3944.44, q2 1.89864e+06
mass 4047.81, q2 5.7934e+06
mass 3531.37, q2 963638
mass 4682.14, q2 2.22977e+06
mass 4054.33, q2 3.93594e+06
mass 4952.94, q2 4.42883e+06
mass 3511.85, q2 697549
mass 4374.98, q2 2.12094e+06
mass 6131.11, q2 -1.42921e+06
mass 3694.78, q2 1.79585e+06
mass 4493.44, q2 5.39391e+06
mass 4524.74, q2 2.11513e+06
mass 4002.1, q2 2.36489e+06
mass 4649.12, q2 3.65968e+06
mass 4239.61, q2 4.23082e+06
mass 3559.64, q2 2.05915e+06
mass 4440.48, q2 2.74368e+06
mass 4644.16, q2 2.91934e+06
mass 4511.07, q2 971174
mass 4365.22, q2 6.4933e+06
mass 4388.77, q2 1.73281e+06
mass 3730.65, q2 3.17085e+06
mass 4112.91, q2 2.51483e+06
mass 4871.76, q2 3.69699e+06
mass 4507.89, q2 2.35666e+06
mass 4288.08, q2 1.32656e+06
mass 3663.39, q2 3.06345e+06
mass 4475.3, q2 4.64494e+06
mass 4682.8, q2 1.35064e+06
mass 4254.19, q2 1.83107e+06
mass 4668.57, q2 1.79131e+06
mass 4711.93, q2 3.60388e+06
mass 4789.94, q2 5.40897e+06
mass 5401.1, q2 1.75996e+06
mass 4875.3, q2 837434
mass 3716.09, q2 5.3421e+06
mass 4740.2, q2 3.3788e+06
mass 6435.51, q2 -1.57117e+06
mass 4874.32, q2 1.79759e+06
mass 4469.06, q2 3.61011e+06
mass 3256.8, q2 1.52333e+06
mass 4604.81, q2 2.28672e+06
mass 4347.52, q2 7.8064e+06
mass 4419.99, q2 1.87003e+06
mass 4757.88, q2 4.74251e+06
mass 5151.11, q2 3.72562e+06
mass 4477.86, q2 1.40344e+06
mass 4405.18, q2 2.50129e+06
mass 5449.89, q2 -40858.9
mass 4353.85, q2 2.95337e+06
mass 4889.85, q2 195410
mass 3509.12, q2 2.4722e+06
mass 5434.97, q2 4.00445e+06
mass 5015.92, q2 6.13051e+06
mass 4989.49, q2 1.81719e+06
mass 4286.36, q2 4.8039e+06
mass 4329.87, q2 5.0911e+06
mass 3473.84, q2 2.36236e+06
mass 4244.2, q2 4.66e+06
mass 5183.2, q2 109977
mass 3352.43, q2 8.64951e+06
mass 3865.23, q2 4.86787e+06
mass 4574.15, q2 483053
mass 4348.24, q2 165207
mass 5412.12, q2 1.80483e+06
mass 3917.22, q2 1.40362e+06
mass 4522.43, q2 3.63536e+06
mass 5429.64, q2 4.8059e+06
mass 5161.46, q2 4.60444e+06
mass 4770.71, q2 1.83e+06
mass 4295.87, q2 4.79497e+06
mass 5231.15, q2 4.0886e+06
mass 5049.07, q2 1.88858e+06
mass 5966.32, q2 -1.10994e+06
mass 4840.76, q2 3.25828e+06
mass 4661.78, q2 5.91651e+06
mass 4361.11, q2 3.38689e+06
mass 5146.21, q2 1.37837e+06
mass 5020.99, q2 991117
mass 3532.99, q2 8.87041e+06
mass 4612.72, q2 1.11067e+06
mass 6057.2, q2 6.39607e+06
mass 3823.27, q2 5.23713e+06
mass 5497.41, q2 129272
mass 5758.09, q2 1.69187e+06
mass 6603.43, q2 7.14823e+06
mass 4107.44, q2 1.19844e+06
mass 4782.47, q2 2.58028e+06
mass 4499.21, q2 7.53632e+06
mass 5302.59, q2 3.38243e+06
mass 4367.08, q2 3.12478e+06
mass 4153.16, q2 9.95085e+06
mass 4789.78, q2 6.17851e+06
mass 3255.35, q2 1.9606e+06
mass 4056.2, q2 2.47448e+06
mass 4695.52, q2 4.73908e+06
mass 4063.49, q2 6.45802e+06
mass 3699.92, q2 2.2651e+06
mass 3764.85, q2 963497
mass 5354.15, q2 4.00809e+06
mass 3389.12, q2 1.03259e+06
mass 3376.42, q2 981590
mass 4242.73, q2 4.68689e+06
mass 4139.81, q2 3.41088e+06
mass 5550.41, q2 4.39004e+06
mass 4312.22, q2 3.9871e+06
mass 4704.55, q2 1.21394e+06
mass 4460.4, q2 2.29408e+06
mass 4741.18, q2 6.27552e+06
mass 5378.41, q2 5.81239e+06
mass 4992.09, q2 8.79439e+06
mass 5396.22, q2 1.27779e+06
mass 4770.22, q2 1.69136e+06
mass 5192.35, q2 1.66425e+06
mass 5537.21, q2 1.3597e+06
mass 4494.22, q2 3.19869e+06
mass 4223.34, q2 3.74843e+06
mass 4693.93, q2 1.13323e+06
mass 5495.52, q2 2.52337e+06
mass 4743.47, q2 2.50753e+06
mass 4952.45, q2 1.40315e+06
mass 4389.99, q2 671033
mass 4635.28, q2 3.73897e+06
mass 5579.41, q2 6.13842e+06
mass 5208.9, q2 73446.6
mass 4799.58, q2 7.54731e+06
mass 4999.59, q2 4.29665e+06
mass 4017.16, q2 6.94588e+06
mass 5440.04, q2 5.40242e+06
mass 6111.93, q2 9.81673e+06
mass 3100.5, q2 4.51897e+06
mass 4349.45, q2 190493
mass 4581.37, q2 5.84671e+06
mass 4530.4, q2 1.20541e+06
mass 4343.56, q2 2.89242e+06
mass 4312.48, q2 1.85443e+06
mass 4868.66, q2 2.6571e+06
mass 5603.87, q2 -476525
mass 3948.92, q2 2.89186e+06
mass 4645.33, q2 2.85137e+06
mass 4271.07, q2 1.05721e+06
mass 5625.87, q2 -238705
mass 4080.07, q2 7.808e+06
mass 4788.06, q2 2.39248e+06
mass 5764.52, q2 736047
mass 4861.63, q2 3.06963e+06
mass 4313.04, q2 564567
mass 5746.03, q2 169766
mass 4099.42, q2 2.46315e+06
mass 5377.85, q2 4.50334e+06
mass 3897.76, q2 2.00102e+06
mass 4432.5, q2 4.71858e+06
mass 4376.22, q2 1.44744e+06
mass 4274.62, q2 2.86901e+06
mass 3764.54, q2 1.71564e+06
mass 5564.75, q2 2.84775e+06
mass 3705.09, q2 2.02452e+06
mass 5051.23, q2 1.25763e+06
mass 4280.77, q2 1.93697e+06
mass 5427.32, q2 578173
mass 4192.57, q2 3.72934e+06
mass 4420.46, q2 3.73447e+06
mass 4749.11, q2 2.63109e+06
mass 3595.83, q2 2.7264e+06
mass 4934.58, q2 1.67666e+06
mass 4951.48, q2 3.78992e+06
mass 4401.4, q2 7.41123e+06
mass 5516.1, q2 922732
mass 4199.21, q2 2.2967e+06
mass 5285.48, q2 805193
mass 5413.52, q2 7.68045e+06
mass 4939.4, q2 2.09204e+06
mass 5181.42, q2 2.08716e+06
mass 3877.95, q2 1.08336e+06
mass 4929.71, q2 3.29909e+06
mass 4814.58, q2 777085
mass 4364.02, q2 1.44034e+06
mass 5787.44, q2 6.5441e+06
mass 4920.44, q2 2.15701e+06
mass 3611.85, q2 5.8042e+06
mass 4305.09, q2 1.93262e+06
mass 4527.39, q2 1.24184e+06
mass 3981.67, q2 979784
mass 5468.5, q2 -262124
mass 4723.92, q2 2.04036e+06
mass 5573.78, q2 1.28512e+06
mass 4153.66, q2 2.23776e+06
mass 3778.5, q2 1.33786e+06
mass 4452.06, q2 9.85365e+06
mass 4102.66, q2 3.84645e+06
mass 4394.9, q2 6.45629e+06
mass 4815.02, q2 6.16533e+06
mass 4209.04, q2 2.54062e+06
mass 5438.56, q2 4.15896e+06
mass 4070.63, q2 2.58374e+06
mass 5064.07, q2 3.70479e+06
mass 5441.67, q2 400615
mass 4496.65, q2 1.77381e+06
mass 3949, q2 4.57785e+06
mass 5552.76, q2 -542702
mass 3853.22, q2 2.11e+06
mass 5258.7, q2 4.00734e+06
mass 4219.63, q2 4.14603e+06
mass 5924.28, q2 3.79742e+06
mass 4072.84, q2 4.96359e+06
mass 4413.41, q2 5.16551e+06
mass 3717.23, q2 1.82449e+06
mass 4234.04, q2 1.19877e+06
mass 3782.79, q2 1.98064e+06
mass 6113.64, q2 8.36175e+06
mass 4244.39, q2 3.52371e+06
mass 4990.38, q2 1.70391e+06
mass 4091.36, q2 1.66833e+06
mass 5111.22, q2 478575
mass 3694.15, q2 2.31494e+06
mass 4898.29, q2 3.00322e+06
mass 4975.99, q2 1.23996e+06
mass 5154.06, q2 1.92195e+06
mass 6139.93, q2 5.99992e+06
mass 5902.56, q2 351801
mass 4763.07, q2 2.50798e+06
mass 4403.64, q2 1.26148e+06
mass 4587.9, q2 3.67844e+06
mass 5364.67, q2 3.09309e+06
mass 4570.89, q2 2.76798e+06
mass 4284.78, q2 1.16585e+06
mass 4756.22, q2 4.72215e+06
mass 4216.62, q2 1.81419e+06
mass 4555.24, q2 809122
mass 4934.81, q2 3.30308e+06
mass 4522.23, q2 4.4799e+06
mass 5593.92, q2 3.88464e+06
mass 3387.51, q2 1.30561e+06
mass 4295.45, q2 1.2388e+06
mass 4143.63, q2 1.19831e+06
mass 4811.69, q2 2.55375e+06
mass 5731.89, q2 5.84809e+06
mass 4520.91, q2 2.58456e+06
mass 3655.91, q2 2.31546e+06
mass 4336.65, q2 3.70398e+06
mass 4567.69, q2 425633
mass 4389.69, q2 8.91523e+06
mass 5394.74, q2 1.55559e+06
mass 4580.68, q2 4.72593e+06
mass 5230.52, q2 4.7381e+06
mass 4620.73, q2 1.87649e+06
mass 3729.33, q2 2.18585e+06
mass 3759.09, q2 1.66434e+06
mass 4351.74, q2 132400
mass 5488.48, q2 171831
mass 4114.45, q2 1.89315e+06
mass 4059.17, q2 5.19419e+06
mass 4217.04, q2 130288
mass 4741.74, q2 1.14571e+06
mass 4000.67, q2 1.50144e+06
mass 4054.36, q2 1.57672e+06
mass 4503, q2 2.44617e+06
mass 3222.46, q2 1.27506e+06
mass 4735.28, q2 2.62592e+06
mass 4161.5, q2 1.79634e+06
mass 5335.47, q2 2.10466e+06
mass 4212.07, q2 9.42906e+06
mass 3989.26, q2 1.03045e+06
mass 4644.96, q2 2.07477e+06
mass 5729.42, q2 -706343
mass 4375.35, q2 2.21353e+06
mass 5414.78, q2 -35241.8
mass 4064.13, q2 2.37525e+06
mass 6620.96, q2 2.04502e+06
mass 3564.18, q2 3.11732e+06
mass 5365.67, q2 616893
mass 4543.68, q2 1.23865e+06
mass 3412.61, q2 8.89789e+06
mass 4285.91, q2 3.63579e+06
mass 3751.09, q2 1.30314e+06
mass 4280.72, q2 4.59364e+06
mass 3991.46, q2 2.28123e+06
mass 3538.89, q2 896594
mass 4873.66, q2 2.89658e+06
mass 5575.89, q2 4.25226e+06
mass 4169.7, q2 1.60376e+06
mass 4424.28, q2 759819
mass 4657.09, q2 3.12594e+06
mass 4390.79, q2 2.38231e+06
mass 4505.32, q2 2.63917e+06
mass 4776.65, q2 5.79997e+06
mass 5392.95, q2 3.21404e+06
mass 4855.53, q2 1.23082e+06
mass 5598.24, q2 2.99143e+06
mass 5488.59, q2 345329
mass 4795.93, q2 1.74596e+06
mass 4325.43, q2 497766
mass 3683.01, q2 1.98941e+06
mass 4147.2, q2 900358
mass 4867.96, q2 3.08821e+06
mass 4321.63, q2 2.7586e+06
mass 4847.53, q2 7.21976e+06
mass 5280.25, q2 4.48126e+06
mass 4767.54, q2 2.57577e+06
mass 4700.01, q2 3.62066e+06
mass 5522.67, q2 534030
mass 5573.09, q2 1.47514e+06
mass 5463.9, q2 1.84676e+06
mass 4555.86, q2 7.19566e+06
mass 4133.66, q2 166334
mass 4575.34, q2 982744
mass 4933.56, q2 5.19299e+06
mass 3683.85, q2 1.29737e+06
mass 4022.44, q2 2.24967e+06
mass 4176.88, q2 8.77407e+06
mass 3968.49, q2 1.5995e+06
mass 5042.99, q2 3.40337e+06
mass 4575.35, q2 6.68648e+06
mass 4732.48, q2 1.40949e+06
mass 4077.27, q2 2.26961e+06
mass 5736.5, q2 748137
mass 3813.58, q2 5.03954e+06
mass 5258.99, q2 981109
mass 3956.15, q2 3.28189e+06
mass 4763.57, q2 2.49994e+06
mass 6296.7, q2 -1.05486e+06
mass 5163.33, q2 1.764e+06
mass 4535.32, q2 3.70855e+06
mass 4435.66, q2 1.11897e+06
mass 4901.56, q2 8.84138e+06
mass 5221.99, q2 6.19034e+06
mass 4910.93, q2 5.62826e+06
mass 4607.68, q2 1.09422e+06
mass 4872.18, q2 2.75014e+06
mass 4810.04, q2 2.52706e+06
mass 4164.01, q2 2.04839e+06
mass 3743.06, q2 7.96383e+06
mass 4591.69, q2 592527
mass 3408.17, q2 2.33726e+06
mass 3913.96, q2 2.45598e+06
mass 3923.88, q2 2.4518e+06
mass 3712.34, q2 1.94872e+06
mass 3940.69, q2 1.8499e+06
mass 5241.12, q2 3.44662e+06
mass 3809.2, q2 3.1947e+06
mass 5224.78, q2 1.84489e+06
mass 4575.97, q2 2.66949e+06
mass 4113.35, q2 4.17809e+06
mass 3900.15, q2 2.79656e+06
mass 4924.79, q2 4.26115e+06
mass 4843.64, q2 2.69825e+06
mass 4438.09, q2 528901
mass 4589.83, q2 2.95563e+06
mass 4009.6, q2 493961
mass 3527.04, q2 2.2812e+06
mass 3550.24, q2 993352
mass 4832.71, q2 2.72451e+06
mass 5620.25, q2 1.33529e+06
mass 4125.58, q2 8.01954e+06
mass 4845.57, q2 4.57431e+06
mass 4382.81, q2 6.58421e+06
mass 3743.53, q2 4.0645e+06
mass 4540.82, q2 2.78951e+06
mass 4669.33, q2 2.11096e+06
mass 5152.91, q2 7.2109e+06
mass 4726.37, q2 3.88229e+06
mass 5230.51, q2 3.82876e+06
mass 5931.55, q2 1.75832e+06
mass 4580.19, q2 4.12914e+06
mass 4195.8, q2 7.9101e+06
mass 3413.25, q2 2.80916e+06
mass 4459.01, q2 7.67929e+06
mass 4224.42, q2 3.22073e+06
mass 4136.09, q2 2.28048e+06
mass 4333.25, q2 1.5353e+06
mass 4735.4, q2 5.12466e+06
mass 4602.3, q2 3.39666e+06
mass 4455.38, q2 1.4189e+06
mass 5108.33, q2 1.06712e+06
mass 5549.38, q2 5.79008e+06
mass 3438.34, q2 1.2782e+06
mass 3706.86, q2 930515
mass 4568.27, q2 2.01719e+06
mass 3597.36, q2 2.29987e+06
mass 5104.64, q2 1.51076e+06
mass 4664.62, q2 2.05123e+06
mass 3800.55, q2 1.13346e+06
mass 4920.33, q2 2.94395e+06
mass 4545.51, q2 3.42818e+06
mass 3887.57, q2 2.5386e+06
mass 4969.67, q2 1.10379e+06
mass 3715.29, q2 2.08443e+06
mass 4974.81, q2 1.54937e+06
mass 4382.47, q2 3.34356e+06
mass 4268.88, q2 5.02877e+06
mass 5841.07, q2 1.22518e+06
mass 4621.92, q2 4.87694e+06
mass 4235.92, q2 3.75386e+06
mass 4481.84, q2 2.50015e+06
mass 5279.27, q2 3.17878e+06
mass 4624.33, q2 9.09255e+06
mass 5268.92, q2 541775
mass 3474.46, q2 2.81305e+06
mass 5748.11, q2 3.72539e+06
mass 3228.61, q2 1.58793e+06
mass 4696.33, q2 430921
mass 5470.35, q2 2.1104e+06
mass 3870.55, q2 6.09037e+06
mass 4504.92, q2 4.35888e+06
mass 4190.4, q2 794342
mass 4204.03, q2 1.43651e+06
mass 5768.05, q2 -1.36088e+06
mass 4511.03, q2 1.90136e+06
mass 4215.38, q2 347566
mass 3816.18, q2 1.8906e+06
mass 4807.77, q2 237313
mass 4397.41, q2 4.98895e+06
mass 4365.42, q2 168474
mass 4271.18, q2 2.8027e+06
mass 3603.58, q2 558361
mass 3706.03, q2 6.57921e+06
mass 5402.23, q2 1.73729e+06
mass 3715.62, q2 2.29381e+06
mass 4486.48, q2 1.06566e+07
mass 4747.36, q2 2.35447e+06
mass 6123.18, q2 545631
mass 3892.06, q2 7.50532e+06
mass 5371.54, q2 7.14581e+06
mass 4058.57, q2 226811
mass 4573.98, q2 144099
mass 3660.32, q2 272019
mass 5733.3, q2 1.65642e+06
mass 5412.21, q2 4.68836e+06
mass 5432.87, q2 2.43951e+06
mass 5091.29, q2 688165
mass 4632.73, q2 6.77835e+06
mass 4443.16, q2 2.56772e+06
mass 5589, q2 2.52179e+06
mass 4195.44, q2 932853
mass 3654.72, q2 2.82221e+06
mass 4051.69, q2 2.01075e+06
mass 4417.11, q2 2.29246e+06
mass 3740.7, q2 620866
mass 5012.67, q2 3.62755e+06
mass 3430.5, q2 1.4965e+06
mass 3131.57, q2 2.11736e+06
mass 4373.03, q2 2.4551e+06
mass 4194.95, q2 4.82752e+06
mass 4446.61, q2 1.9521e+06
mass 5462.73, q2 3.56284e+06
mass 4047.01, q2 5.23686e+06
mass 3985.11, q2 4.31023e+06
mass 6117.11, q2 -133060
mass 4259.16, q2 2.0127e+06
mass 5253.75, q2 466174
mass 4355.16, q2 8.99379e+06
mass 3800.09, q2 4.26599e+06
mass 4055.64, q2 1.26933e+06
mass 3952.94, q2 155762
mass 5284.59, q2 392912
mass 3599.59, q2 4.55472e+06
mass 4304.07, q2 6.40907e+06
mass 4006.56, q2 424374
mass 4347.9, q2 2.33406e+06
mass 5607.88, q2 1.72584e+06
mass 4526.5, q2 4.57409e+06
mass 3090.34, q2 2.73487e+06
mass 5506.16, q2 3.77388e+06
mass 4086.96, q2 1.0106e+07
mass 4014, q2 537218
mass 3782.46, q2 3.08475e+06
mass 5199.64, q2 648680
mass 4249.63, q2 1.91454e+06
mass 4562.6, q2 5.55e+06
mass 4400.21, q2 2.17644e+06
mass 5768.75, q2 3.64023e+06
mass 4185.36, q2 1.90333e+06
mass 3672.1, q2 1.58504e+06
mass 4464.64, q2 4.42937e+06
mass 3888.09, q2 1.71027e+06
mass 4799.73, q2 2.63817e+06
mass 4214.32, q2 4.1658e+06
mass 5020.23, q2 3.20575e+06
mass 3958.49, q2 2.27647e+06
mass 5616.99, q2 6.9289e+06
mass 5172.84, q2 4.03559e+06
mass 3999.52, q2 4.25492e+06
mass 5236.3, q2 7.77971e+06
mass 4156.85, q2 7.99243e+06
mass 4554.43, q2 1.56686e+06
mass 4384.92, q2 4.23176e+06
mass 3873.41, q2 3.1172e+06
mass 5121.2, q2 1.14356e+06
mass 5065.65, q2 1.76546e+06
mass 3394.77, q2 2.13174e+06
mass 4638.66, q2 4.61034e+06
mass 4266.63, q2 7.48657e+06
mass 4081.15, q2 557176
mass 4461.37, q2 3.92751e+06
mass 4039.98, q2 2.05392e+06
mass 4484.88, q2 5.22736e+06
mass 3922.07, q2 832330
mass 4158.91, q2 7.30856e+06
mass 3676.59, q2 2.07568e+06
mass 3676.87, q2 1.61707e+06
mass 3264.4, q2 5.80949e+06
mass 4155.55, q2 5.91301e+06
mass 5520.05, q2 3.4962e+06
mass 4953.39, q2 7.61952e+06
mass 4585.04, q2 9.24774e+06
mass 4948.24, q2 2.81974e+06
mass 5928.56, q2 -473322
mass 4040.74, q2 1.41472e+06
mass 4601.54, q2 2.24544e+06
mass 4996.29, q2 333198
mass 3374.08, q2 1.26965e+06
mass 3626.11, q2 2.83713e+06
mass 4948.22, q2 5.83859e+06
mass 4751.13, q2 2.48802e+06
mass 5151.51, q2 1.45483e+06
mass 5691.89, q2 7.80628e+06
mass 3583.01, q2 2.15515e+06
mass 4935.82, q2 5.07763e+06
mass 4765.57, q2 236565
mass 4424.92, q2 2.15445e+06
mass 4653.02, q2 2.53696e+06
mass 4624.19, q2 1.18597e+06
mass 3782.5, q2 1.12244e+06
mass 4540.73, q2 1.99078e+06
mass 4417.08, q2 2.35924e+06
mass 4654.74, q2 424165
mass 4518.67, q2 3.42859e+06
mass 4134.26, q2 4.45486e+06
mass 7619.93, q2 -213925
mass 3910.93, q2 1.23845e+06
mass 4363.56, q2 1.28446e+06
mass 5217.71, q2 2.35805e+06
mass 4086.98, q2 2.47961e+06
mass 4914.61, q2 2.42906e+06
mass 4639.09, q2 4.33276e+06
mass 3385.17, q2 2.16351e+06
mass 4487.74, q2 7.80809e+06
mass 3593.69, q2 939772
mass 3788.95, q2 2.35566e+06
mass 4644.8, q2 637212
mass 3641.47, q2 730274
mass 4359, q2 2.00895e+06
mass 3729.19, q2 6.00979e+06
mass 4253.63, q2 3.89836e+06
mass 3907.39, q2 1.84819e+06
mass 4855.28, q2 1.17634e+06
mass 5277.23, q2 2.1726e+06
mass 4047.25, q2 1.1542e+06
mass 4056.09, q2 2.45935e+06
mass 4208.52, q2 550880
mass 3511.16, q2 1.23414e+06
mass 4160.3, q2 6.56999e+06
mass 4367.21, q2 4.40965e+06
mass 4850.29, q2 4.05808e+06
mass 5384.38, q2 5.02216e+06
mass 4715.75, q2 2.44796e+06
mass 4692.58, q2 8.72256e+06
mass 5528.39, q2 4.61742e+06
mass 4298.85, q2 2.0023e+06
mass 5452.77, q2 4.09918e+06
mass 6344.24, q2 3.67436e+06
mass 5420.92, q2 1.28499e+06
mass 4563.46, q2 3.83648e+06
mass 4487.5, q2 2.42267e+06
mass 5131.04, q2 233659
mass 4398.89, q2 3.99382e+06
mass 4044.9, q2 3.78296e+06
mass 4557.19, q2 5.22772e+06
mass 3481.72, q2 3.75757e+06
mass 4852.89, q2 600196
mass 3909.1, q2 3.20189e+06
mass 4242.72, q2 1.58464e+06
mass 5060.96, q2 8.51799e+06
mass 3909.82, q2 1.76885e+06
mass 4767.13, q2 6.47341e+06
mass 4367.24, q2 1.66549e+06
mass 4738.71, q2 2.27979e+06
mass 7207.92, q2 -7.16386e+06
mass 5016.36, q2 3.78712e+06
mass 3965.43, q2 9.42886e+06
mass 4228.8, q2 6.51171e+06
mass 5447.72, q2 3.907e+06
mass 4830.16, q2 1.48619e+06
mass 4186.06, q2 1.45138e+06
mass 4769.23, q2 138066
mass 5075.3, q2 2.61343e+06
mass 4435.38, q2 1.99041e+06
mass 5089.68, q2 279756
mass 4433.22, q2 3.2211e+06
mass 4064.6, q2 4.94412e+06
mass 4163.21, q2 2.94623e+06
mass 4478.15, q2 494899
mass 3931.49, q2 6.26609e+06
mass 4364.34, q2 8.96275e+06
mass 4244.82, q2 2.13995e+06
mass 4979.78, q2 6.74902e+06
mass 3899.68, q2 3.35941e+06
mass 4390.2, q2 2.97755e+06
mass 3185.83, q2 2.91862e+06
mass 4195.7, q2 2.58514e+06
mass 4498.3, q2 6.98113e+06
mass 4487.59, q2 7.071e+06
mass 3867.87, q2 9.84917e+06
mass 5694.56, q2 3.2611e+06
mass 4385.9, q2 3.98128e+06
mass 3578.99, q2 7.01211e+06
mass 4858.27, q2 1.49386e+06
mass 3507.63, q2 2.61743e+06
mass 5142.39, q2 2.4004e+06
mass 5066.05, q2 1.30352e+06
mass 5223.5, q2 3.88589e+06
mass 4632.5, q2 7.24689e+06
mass 4274.7, q2 6.67582e+06
mass 3346.49, q2 2.63917e+06
mass 4108.45, q2 5.04431e+06
mass 5125.18, q2 1.10127e+06
mass 3900.46, q2 4.59524e+06
mass 4634.9, q2 4.6354e+06
mass 3814.93, q2 1.08075e+06
mass 3769.28, q2 7.36945e+06
mass 4554.07, q2 8.07522e+06
mass 5098.21, q2 7.8315e+06
mass 6128.97, q2 2.05271e+06
mass 3628.76, q2 1.91305e+06
mass 4384.96, q2 6.54972e+06
mass 4136.99, q2 6.83975e+06
mass 4492.96, q2 3.21604e+06
mass 3644.65, q2 2.40007e+06
mass 3974.41, q2 2.27248e+06
mass 3934.03, q2 5.45432e+06
mass 4060, q2 1.13184e+06
mass 4359.51, q2 1.47352e+06
mass 4376.78, q2 2.90437e+06
mass 4935.08, q2 2.64266e+06
mass 4659.17, q2 7.90723e+06
mass 4071.35, q2 9.00722e+06
mass 3755.76, q2 6.80654e+06
mass 4807.23, q2 596785
mass 4787.22, q2 4.40939e+06
mass 3468.29, q2 1.33231e+06
mass 4831.43, q2 4.56266e+06
mass 4888.97, q2 1.42735e+06
mass 5064.33, q2 4.57287e+06
mass 4814.85, q2 2.27398e+06
mass 3527.6, q2 3.48714e+06
mass 3668.71, q2 3.75853e+06
mass 4232.57, q2 4.70965e+06
mass 4441.54, q2 182506
mass 4731.75, q2 6.93267e+06
mass 5222.84, q2 3.9943e+06
mass 4798.41, q2 4.09154e+06
mass 4357.69, q2 730313
mass 5035.93, q2 2.33343e+06
mass 4570.64, q2 1.24367e+06
mass 4426.62, q2 1.97859e+06
mass 4930.39, q2 3.85911e+06
mass 5222.5, q2 4.3448e+06
mass 4448.99, q2 6.23206e+06
mass 4321.18, q2 2.72168e+06
mass 4998.19, q2 2.04394e+06
mass 3544.4, q2 7.3924e+06
mass 4918.04, q2 2.16043e+06
mass 5345.51, q2 5.05154e+06
mass 3466.68, q2 5.90887e+06
mass 4696.38, q2 1.02464e+07
mass 5187.05, q2 1.26182e+06
mass 4586.72, q2 3.057e+06
mass 3967.25, q2 2.0431e+06
mass 4527.4, q2 4.88002e+06
mass 4327.67, q2 4.97468e+06
mass 3832.99, q2 1.07239e+06
mass 4499.6, q2 4.16327e+06
mass 4851.87, q2 359997
mass 4405.44, q2 3.58323e+06
mass 4251.94, q2 4.02661e+06
mass 4111.87, q2 4.7293e+06
mass 5032.05, q2 3.96624e+06
mass 5448.34, q2 2.94125e+06
mass 5159.88, q2 2.72884e+06
mass 4803.03, q2 112503
mass 4596.13, q2 2.56798e+06
mass 3551.36, q2 2.22653e+06
mass 6582.99, q2 -2.58628e+06
mass 3499.28, q2 6.36248e+06
mass 4148.65, q2 1.89996e+06
mass 4772.91, q2 2.87969e+06
mass 3754.46, q2 4.56584e+06
mass 4149.56, q2 1.99156e+06
mass 5327.44, q2 74457.1
mass 3672.44, q2 2.48781e+06
mass 3195.43, q2 1.82825e+06
mass 4209.44, q2 1.68532e+06
mass 4252.56, q2 3.34993e+06
mass 4122.7, q2 1.93192e+06
mass 4678.7, q2 3.70004e+06
mass 4567.38, q2 1.50945e+06
mass 4610.39, q2 1.18924e+06
mass 5488.71, q2 3.59054e+06
mass 3329.06, q2 840438
mass 4476.47, q2 331612
mass 4828.48, q2 2.94512e+06
mass 4492.44, q2 811090
mass 4412.77, q2 440033
mass 5271.77, q2 481323
mass 3990.87, q2 1.92684e+06
mass 4587.13, q2 3.01929e+06
mass 4315.78, q2 4.61256e+06
mass 4934.14, q2 2.87525e+06
mass 3871.55, q2 7.39077e+06
mass 5069.14, q2 4.34874e+06
mass 4671.11, q2 4.46707e+06
mass 4445.56, q2 1.24771e+06
mass 5328.34, q2 800801
mass 3475.08, q2 1.33496e+06
mass 4672.62, q2 2.93495e+06
mass 4105.89, q2 2.69262e+06
mass 4799.53, q2 2.89462e+06
mass 4993.96, q2 1.33347e+06
mass 4040.96, q2 6.93222e+06
mass 4887.52, q2 2.8075e+06
mass 4501.62, q2 3.90211e+06
mass 4817.02, q2 6.68891e+06
mass 5632.26, q2 744770
mass 5406.78, q2 5.05693e+06
mass 4841.31, q2 3.20956e+06
mass 3957.25, q2 6.17824e+06
mass 5920.88, q2 2.15378e+06
mass 3555.52, q2 6.75634e+06
mass 4538.92, q2 1.85996e+06
mass 5009.04, q2 772736
mass 5407.92, q2 184933
mass 4395, q2 3.53442e+06
mass 4100.71, q2 1.11029e+06
mass 4304.04, q2 740838
mass 4444.06, q2 7.07605e+06
mass 4195.66, q2 1.82972e+06
mass 5208.36, q2 5.5144e+06
mass 3833.6, q2 6.17111e+06
mass 4016.18, q2 1.58699e+06
mass 4560.74, q2 2.12616e+06
mass 3959.75, q2 8.44971e+06
mass 5144.6, q2 1.12047e+06
mass 4021.45, q2 683320
mass 3914.07, q2 3.57294e+06
mass 4939.85, q2 3.26599e+06
mass 5071.18, q2 5.86105e+06
mass 4872.1, q2 1.58509e+06
mass 4892.1, q2 4.49043e+06
mass 4376.98, q2 2.14226e+06
mass 4181.36, q2 6.51695e+06
mass 5167.98, q2 1.38932e+06
mass 3635.22, q2 5.69129e+06
mass 3645.7, q2 1.47946e+06
mass 3083.9, q2 1.85054e+06
mass 6130.19, q2 2.45145e+06
mass 3546.51, q2 2.20336e+06
mass 4786.46, q2 1.48872e+06
mass 3537.69, q2 2.86601e+06
mass 5413.38, q2 1.55827e+06
mass 5078.41, q2 521965
mass 5221.67, q2 4.08261e+06
mass 4496.76, q2 3.55998e+06
mass 4258.51, q2 2.39831e+06
mass 3594.11, q2 4.39661e+06
mass 4435.88, q2 1.39828e+06
mass 5143.42, q2 5.53487e+06
mass 4724.77, q2 3.4165e+06
mass 4394.21, q2 5.39009e+06
mass 4821.61, q2 3.19649e+06
mass 4050.11, q2 1.18199e+06
mass 5456.39, q2 3.6824e+06
mass 4800.17, q2 2.84483e+06
mass 5341.75, q2 985529
mass 3397.99, q2 1.6966e+06
mass 3718.43, q2 2.06767e+06
mass 3876.89, q2 6.27842e+06
mass 4457.23, q2 2.65944e+06
mass 3932.16, q2 7.14047e+06
mass 5199.32, q2 2.29566e+06
mass 4698.71, q2 6.41238e+06
mass 5789.08, q2 2.83862e+06
mass 4739.8, q2 2.55785e+06
mass 4241.97, q2 3.01424e+06
mass 5987.64, q2 4.54606e+06
mass 4493.11, q2 2.15191e+06
mass 4035.12, q2 416193
mass 4629.87, q2 1.02326e+06
mass 3580.3, q2 7.01874e+06
mass 4072.98, q2 2.42676e+06
mass 4460.76, q2 725310
mass 5427.99, q2 2.57714e+06
mass 4539.12, q2 5.0555e+06
mass 4656.54, q2 2.66591e+06
mass 4450.66, q2 1.49078e+06
mass 3831.6, q2 2.64355e+06
mass 5170.3, q2 831814
mass 5948.12, q2 -1.08087e+06
mass 4147.09, q2 6.99915e+06
mass 5392.01, q2 4.37313e+06
mass 4234.34, q2 2.96261e+06
mass 5037.85, q2 2.23247e+06
mass 4098.34, q2 1.47497e+06
mass 4464.37, q2 79655.3
mass 3349.77, q2 3.53428e+06
mass 3804.05, q2 5.77102e+06
mass 5054.07, q2 2.18549e+06
mass 5541.22, q2 4.69615e+06
mass 4909.16, q2 3.04968e+06
mass 4430.64, q2 2.40574e+06
mass 4117.95, q2 4.169e+06
mass 3577.86, q2 2.44984e+06
mass 3830.64, q2 6.81483e+06
mass 5126.47, q2 1.20417e+06
mass 4714.03, q2 3.33253e+06
mass 5251.32, q2 1.42144e+06
mass 3425.15, q2 1.37295e+06
mass 5270.95, q2 3.52958e+06
mass 4379.12, q2 1.96058e+06
mass 4464.59, q2 4.44812e+06
mass 5199.05, q2 212604
mass 4248.24, q2 4.02888e+06
mass 4106.22, q2 8.61533e+06
mass 4412.31, q2 1.94221e+06
mass 4626.35, q2 6.65556e+06
mass 4592.96, q2 4.19754e+06
mass 3957.73, q2 2.50251e+06
mass 4442.51, q2 2.57394e+06
mass 4241.26, q2 7.38535e+06
mass 4308.94, q2 1.64723e+06
mass 3738.99, q2 5.84228e+06
mass 4775.03, q2 712546
mass 3989.63, q2 668300
mass 4666.34, q2 2.53939e+06
mass 5030.97, q2 2.58903e+06
mass 4984.4, q2 5.32644e+06
mass 4766.69, q2 974410
mass 5031.25, q2 3.41118e+06
mass 4573.98, q2 3.42821e+06
mass 3941.04, q2 1.71959e+06
mass 5427.81, q2 3.54528e+06
mass 4046.94, q2 1.86563e+06
mass 5653.56, q2 -364701
mass 5280.32, q2 2.48356e+06
mass 4778.71, q2 2.12978e+06
mass 4217.5, q2 5.5037e+06
mass 4113.09, q2 767592
mass 4587.13, q2 941549
mass 5400.19, q2 5.29256e+06
mass 3771.18, q2 2.51337e+06
mass 4768.36, q2 1.04521e+06
mass 4695.71, q2 7.07179e+06
mass 5179.73, q2 1.32056e+06
mass 5515.79, q2 1.11132e+06
mass 4632.36, q2 2.78348e+06
mass 3665.17, q2 842698
mass 4986.95, q2 734845
mass 3502.83, q2 892878
mass 4764.65, q2 1.78293e+06
mass 4288.77, q2 2.18363e+06
mass 4280.12, q2 5.33384e+06
mass 3305.97, q2 1.11999e+06
mass 4224.9, q2 2.6994e+06
mass 4722.91, q2 4.54596e+06
mass 5679.92, q2 2.86508e+06
mass 5491.85, q2 2.34096e+06
mass 3634.7, q2 3.45568e+06
mass 3765.53, q2 3.2182e+06
mass 4629.25, q2 5.75283e+06
mass 4631.1, q2 2.7184e+06
mass 5020.05, q2 1.82002e+06
mass 3615.36, q2 357497
mass 5351.77, q2 2.97939e+06
mass 5509.59, q2 1.32683e+06
mass 5480.63, q2 4.78037e+06
mass 4491.53, q2 1.82389e+06
mass 4634, q2 1.33001e+06
mass 4469.11, q2 3.32686e+06
mass 3414.53, q2 1.6117e+06
mass 4575.59, q2 504586
mass 4229.44, q2 4.79091e+06
mass 4507.59, q2 5.09417e+06
mass 4649.75, q2 3.44446e+06
mass 4069.01, q2 328663
mass 5810.92, q2 720133
mass 4493.98, q2 2.56752e+06
mass 3712.32, q2 2.39573e+06
mass 4337.91, q2 4.25668e+06
mass 6327.11, q2 -100189
mass 4774.78, q2 1.89898e+06
mass 3840.41, q2 655387
mass 3875.32, q2 3.01668e+06
mass 4037.63, q2 4.52535e+06
mass 5183.72, q2 2.69968e+06
mass 4376.54, q2 1.48399e+06
mass 4581.1, q2 2.12749e+06
mass 3433.45, q2 5.68306e+06
mass 4786.98, q2 3.30102e+06
mass 3945.02, q2 3.07757e+06
mass 4035.21, q2 9.87747e+06
mass 4886.87, q2 4.69391e+06
mass 4528.76, q2 3.85963e+06
mass 4597.14, q2 899778
mass 3776.4, q2 1.90745e+06
mass 5657.02, q2 5.55716e+06
mass 3705.51, q2 1.38541e+06
mass 3172.47, q2 5.3951e+06
mass 3441.49, q2 1.03752e+06
mass 3352.68, q2 2.43994e+06
mass 4293, q2 2.43423e+06
mass 3575.18, q2 2.04857e+06
mass 4282.68, q2 2.10376e+06
mass 4691.45, q2 6.56942e+06
mass 3408.97, q2 1.26759e+06
mass 4602.15, q2 2.47254e+06
mass 5425.08, q2 2.26161e+06
mass 5122.58, q2 2.71012e+06
mass 6210.44, q2 661604
mass 4285.4, q2 6.24896e+06
mass 4423.6, q2 4.46961e+06
mass 4300.54, q2 248111
mass 4512.92, q2 1.35216e+06
mass 4358.17, q2 357272
mass 3876.96, q2 1.32146e+06
mass 4581.43, q2 8.85744e+06
mass 4632.39, q2 1.30853e+06
mass 4646.76, q2 4.91016e+06
mass 4756.23, q2 5.26834e+06
mass 5608.54, q2 936896
mass 5577.88, q2 802406
mass 4863.22, q2 2.15271e+06
mass 5690.54, q2 1.45582e+06
mass 4843.6, q2 2.85277e+06
mass 5438.01, q2 2.98842e+06
mass 4405.5, q2 2.75578e+06
mass 4658.46, q2 2.64022e+06
mass 5485.65, q2 474663
mass 4148.46, q2 1.405e+06
mass 5677.37, q2 1.57258e+06
mass 5109.07, q2 2.62393e+06
mass 3927.36, q2 1.86219e+06
mass 4202.73, q2 2.42519e+06
mass 5170.37, q2 5.1798e+06
mass 3084.97, q2 1.08763e+06
mass 4857.8, q2 2.1433e+06
mass 4216.15, q2 4.23544e+06
mass 5001.82, q2 887945
mass 3826.5, q2 1.61532e+06
mass 4201.91, q2 3.91963e+06
mass 4653.97, q2 2.43505e+06
mass 3359.93, q2 2.98083e+06
mass 4906.74, q2 3.65867e+06
mass 7683.47, q2 -6.99569e+06
mass 5500.64, q2 598919
mass 5471.89, q2 346428
mass 4245.45, q2 2.09932e+06
mass 3958.13, q2 1.57169e+06
mass 4501.66, q2 1.12792e+06
mass 4827.8, q2 2.50626e+06
mass 4934.78, q2 2.80109e+06
mass 5042.47, q2 885853
mass 5034.86, q2 2.20727e+06
mass 5015.25, q2 2.9639e+06
mass 4774.5, q2 2.52185e+06
mass 4447.67, q2 232603
mass 6777.85, q2 3.34376e+06
mass 6490.17, q2 -1.03552e+06
mass 3781.43, q2 3.63465e+06
mass 4963.71, q2 4.44855e+06
mass 5098.66, q2 2.70925e+06
mass 3714.89, q2 1.0157e+06
mass 4352.41, q2 903912
mass 4689.94, q2 1.60798e+06
mass 5619.88, q2 2.36509e+06
mass 4464.31, q2 4.17363e+06
mass 4057.83, q2 2.34215e+06
mass 5193.53, q2 4.99221e+06
mass 3392.94, q2 874395
mass 4582.21, q2 4.46938e+06
mass 4180.77, q2 3.44704e+06
mass 4256.19, q2 4.91929e+06
mass 4370.71, q2 2.18182e+06
mass 3824.26, q2 8.12018e+06
mass 3618.48, q2 2.72856e+06
mass 3843.93, q2 7.69003e+06
mass 4263.24, q2 2.03499e+06
mass 4687.35, q2 6.09142e+06
mass 4379.76, q2 894810
mass 4097.38, q2 2.21727e+06
mass 3783.27, q2 6.62758e+06
mass 4170.9, q2 2.46874e+06
mass 4428.47, q2 7.33272e+06
mass 5147.01, q2 2.4946e+06
mass 5219.26, q2 6.66674e+06
mass 5534.52, q2 -607676
mass 4026.28, q2 5.9517e+06
mass 4559.97, q2 3.77478e+06
mass 4108.95, q2 838760
mass 3368.38, q2 1.89673e+06
mass 5492.37, q2 4.56436e+06
mass 3674.12, q2 8.37669e+06
mass 4684.84, q2 3.33254e+06
mass 3505.08, q2 1.96185e+06
mass 4534.69, q2 3.15084e+06
mass 6221.15, q2 -2.99332e+06
mass 4413.8, q2 3.08083e+06
mass 4284.5, q2 5.86942e+06
mass 4539.76, q2 99517
mass 4336.46, q2 8.98063e+06
mass 5372.44, q2 3.75441e+06
mass 3972.23, q2 1.28903e+06
mass 3838.04, q2 1.65103e+06
mass 4149.66, q2 1.04268e+06
mass 4427.67, q2 6.42608e+06
mass 4358.01, q2 5.05213e+06
mass 5752.26, q2 2.37504e+06
mass 3559.32, q2 685492
mass 3705.94, q2 5.60388e+06
mass 4848.61, q2 90059
mass 5255.03, q2 4.33824e+06
mass 4416.75, q2 3.12596e+06
mass 4182.63, q2 1.42299e+06
mass 4613.06, q2 765106
mass 5060.62, q2 2.47559e+06
mass 4524.54, q2 1.21548e+06
mass 4179.87, q2 2.36808e+06
mass 3381.58, q2 2.3048e+06
mass 5199.69, q2 3.96966e+06
mass 3568.08, q2 2.98736e+06
mass 4187.62, q2 873485
mass 5772.87, q2 1.64657e+06
mass 5050.58, q2 4.82546e+06
mass 4398.43, q2 3.80141e+06
mass 4827.78, q2 3.42772e+06
mass 4199.82, q2 3.3104e+06
mass 5186.08, q2 2.33816e+06
mass 3995.73, q2 910919
mass 3868, q2 1.39632e+06
mass 4716.39, q2 2.01398e+06
mass 4584.34, q2 5.87153e+06
mass 4155.96, q2 494655
mass 4877, q2 1.81233e+06
mass 4179.02, q2 3.96542e+06
mass 3518.04, q2 2.70616e+06
mass 3761.32, q2 754104
mass 4294.58, q2 9.9732e+06
mass 4205.19, q2 3.8625e+06
mass 4458.83, q2 3.71482e+06
mass 5102.83, q2 419545
mass 5008.79, q2 1.19369e+06
mass 4458.29, q2 5.48277e+06
mass 6300.01, q2 -516489
mass 5040.9, q2 3.05811e+06
mass 3749.39, q2 499945
mass 4757.17, q2 1.70032e+06
mass 3188.45, q2 3.06169e+06
mass 4615.81, q2 5.94236e+06
mass 4889.04, q2 560398
mass 4115.25, q2 491805
mass 4328.96, q2 6.31027e+06
mass 3088.68, q2 2.14431e+06
mass 3982.91, q2 5.11891e+06
mass 4605.49, q2 2.40052e+06
mass 4028.73, q2 779246
mass 4988.09, q2 6.22088e+06
mass 3910.76, q2 3.82236e+06
mass 4669.13, q2 312078
mass 3744.35, q2 7.46817e+06
mass 6233.15, q2 7.00394e+06
mass 3219.4, q2 991281
mass 5413.28, q2 4.99481e+06
mass 4809.22, q2 3.73953e+06
mass 3334.29, q2 7.60443e+06
mass 4855.14, q2 2.69796e+06
mass 4737.76, q2 4.5022e+06
mass 4838.43, q2 4.16346e+06
mass 4183.06, q2 1.07636e+07
mass 3901.25, q2 601525
mass 4810.47, q2 4.80126e+06
mass 3356.72, q2 5.33484e+06
mass 5730.64, q2 5.76886e+06
mass 3605.7, q2 1.09042e+06
mass 4347.43, q2 1.3648e+06
mass 5115.07, q2 7.68284e+06
mass 5038.52, q2 4.04964e+06
mass 4409.01, q2 3.17834e+06
mass 6142.74, q2 -1.2283e+06
mass 4516.09, q2 1.77995e+06
mass 4619.47, q2 4.61585e+06
mass 3878.47, q2 2.12329e+06
mass 4864.8, q2 2.17804e+06
mass 4947.43, q2 480026
mass 5125.74, q2 1.62784e+06
mass 4377.7, q2 3.68558e+06
mass 3761.3, q2 1.79423e+06
mass 4052.63, q2 800007
mass 4407.86, q2 3.71829e+06
mass 3998.93, q2 1.04159e+07
mass 5453.25, q2 2.11423e+06
mass 4120.78, q2 778567
mass 5133.09, q2 1.09708e+06
mass 4223.08, q2 9.87416e+06
mass 7868.29, q2 -5.12333e+06
mass 4766.79, q2 848938
mass 4163.72, q2 2.94914e+06
mass 3577.3, q2 4.73299e+06
mass 4314.4, q2 3.7604e+06
mass 4458.92, q2 3.93135e+06
mass 4244.84, q2 2.41853e+06
mass 5217.93, q2 2.27673e+06
mass 5541.59, q2 1.02928e+06
mass 6234.25, q2 -802218
mass 4649.76, q2 280576
mass 3650.93, q2 2.9493e+06
mass 5059.59, q2 1.91938e+06
mass 4394.54, q2 3.69972e+06
mass 4849.72, q2 1.99281e+06
mass 4349.94, q2 5.89335e+06
mass 4249.17, q2 1.57079e+06
mass 4317.24, q2 617116
mass 4769.36, q2 6.34222e+06
mass 4923.22, q2 2.00177e+06
mass 5853.81, q2 3.78732e+06
mass 3763.7, q2 5.04425e+06
mass 4463.97, q2 953203
mass 3871.87, q2 2.25802e+06
mass 4472.81, q2 3.35344e+06
mass 5090.97, q2 4.1708e+06
mass 4217.4, q2 4.22115e+06
mass 4701.11, q2 5.60919e+06
mass 4464.92, q2 1.25897e+06
mass 3784.18, q2 3.14048e+06
mass 4936.58, q2 3.51312e+06
mass 4417.29, q2 1.60486e+06
mass 4261.71, q2 1.24183e+06
mass 5570.18, q2 1.51004e+06
mass 5002.97, q2 1.09224e+06
mass 4976.84, q2 2.52276e+06
mass 4620.6, q2 6.09528e+06
mass 5377.15, q2 3.89399e+06
mass 5209.08, q2 874723
mass 4850.68, q2 1.5098e+06
mass 5104.63, q2 974355
mass 5053.52, q2 2.35099e+06
mass 5198.87, q2 3.97352e+06
mass 5590.53, q2 357643
mass 4916.85, q2 1.23433e+06
mass 6032.62, q2 -548805
mass 4938.82, q2 4.40969e+06
mass 4843.25, q2 8.09427e+06
mass 4307.69, q2 1.25584e+06
mass 4095.6, q2 1.48255e+06
mass 3861.77, q2 1.70829e+06
mass 4015.21, q2 4.61337e+06
mass 4766.63, q2 140720
mass 4766.32, q2 3.42529e+06
mass 4102.62, q2 6.83527e+06
mass 3801.01, q2 2.68989e+06
mass 4951.65, q2 136214
mass 5367.74, q2 1.84974e+06
mass 6316.95, q2 2.15142e+06
mass 3970.39, q2 9.42042e+06
mass 4474.54, q2 2.90353e+06
mass 3835.87, q2 1.19832e+06
mass 5147.58, q2 452678
mass 4579.41, q2 5.10197e+06
mass 4899.74, q2 2.51539e+06
mass 4577.65, q2 1.43881e+06
mass 4858.72, q2 5.21387e+06
mass 4114.45, q2 2.39277e+06
mass 5756.54, q2 5.802e+06
mass 4345.92, q2 5.67352e+06
mass 4732.58, q2 2.85022e+06
mass 4236.25, q2 5.40453e+06
mass 6760.65, q2 -1.01064e+06
mass 5067.32, q2 2.43032e+06
mass 5060.17, q2 2.37914e+06
mass 4396.89, q2 2.95921e+06
mass 3957.39, q2 1.20491e+06
mass 5200.99, q2 6.23243e+06
mass 4188.17, q2 7.23778e+06
mass 5155.22, q2 4.61032e+06
mass 4437.52, q2 6.83899e+06
mass 5280.07, q2 4.24168e+06
mass 5400.2, q2 4.75354e+06
mass 4569.26, q2 4.69007e+06
mass 3962.67, q2 2.3302e+06
mass 4185.11, q2 1.00635e+06
mass 4614.81, q2 3.76849e+06
mass 5239.22, q2 1.49418e+06
mass 5132.72, q2 4.55514e+06
mass 4133.73, q2 3.10772e+06
mass 3684.91, q2 2.94139e+06
mass 4361.88, q2 999518
mass 4129.93, q2 2.12508e+06
mass 5297.84, q2 4.17182e+06
mass 4762.54, q2 3.31098e+06
mass 5466.12, q2 4.99414e+06
mass 3874.37, q2 2.81119e+06
mass 4338.84, q2 1.2982e+06
mass 4283.73, q2 5.62277e+06
mass 4268.76, q2 5.28306e+06
mass 4214.63, q2 406425
mass 4376.1, q2 191034
mass 4680.68, q2 6.49269e+06
mass 4161.65, q2 4.9682e+06
mass 4958.45, q2 132087
mass 4476.21, q2 349304
mass 3629.72, q2 2.2368e+06
mass 5051.94, q2 1.89969e+06
mass 4809.38, q2 4.74548e+06
mass 4273.57, q2 5.80667e+06
mass 4159.32, q2 2.38491e+06
mass 4181.67, q2 2.63991e+06
mass 3360.06, q2 1.89212e+06
mass 3217.66, q2 2.03141e+06
mass 4093.33, q2 1.81829e+06
mass 3613.93, q2 578688
mass 4236.91, q2 8.20457e+06
mass 3349.96, q2 5.98285e+06
mass 4015.72, q2 1.23079e+06
mass 3784.26, q2 1.31041e+06
mass 4474.28, q2 2.16554e+06
mass 4410.12, q2 1.44053e+06
mass 4707.22, q2 1.24832e+06
mass 3389.85, q2 1.2967e+06
mass 4285.03, q2 1.03488e+07
mass 4057.81, q2 472921
mass 4799.22, q2 327200
mass 3699.11, q2 5.63255e+06
mass 5188.87, q2 3.66927e+06
mass 4403.5, q2 1.55892e+06
mass 4053.28, q2 2.18714e+06
mass 3396.43, q2 3.18221e+06
mass 4269.9, q2 3.05066e+06
mass 3454.67, q2 4.44934e+06
mass 4922.61, q2 813606
mass 3797.99, q2 2.55171e+06
mass 3980.32, q2 2.35929e+06
mass 5377.01, q2 1.13246e+06
mass 3625.64, q2 3.41355e+06
mass 6497.56, q2 -591484
mass 4796.34, q2 2.17465e+06
mass 4602.69, q2 992520
mass 4903, q2 3.70294e+06
mass 4695.23, q2 1.75021e+06
mass 4518.11, q2 3.58224e+06
mass 4864.62, q2 1.28929e+06
mass 4998.26, q2 1.12506e+06
mass 4407.66, q2 1.73163e+06
mass 3928.96, q2 5.74365e+06
mass 3641.03, q2 9.6599e+06
mass 5225.63, q2 3.83359e+06
mass 4010.28, q2 8.19536e+06
mass 4878.88, q2 1.31982e+06
mass 5311.73, q2 4.92298e+06
mass 4827.69, q2 3.92841e+06
mass 5255.31, q2 1.00195e+06
mass 4332.33, q2 1.71261e+06
mass 4231.94, q2 1.54786e+06
mass 4159.4, q2 3.7445e+06
mass 3442.76, q2 1.85114e+06
mass 4490.76, q2 3.05857e+06
mass 4618.03, q2 1.99063e+06
mass 4950.83, q2 2.1633e+06
mass 3570.77, q2 1.24597e+06
mass 4958.22, q2 4.70306e+06
mass 5137.18, q2 1.47763e+06
mass 4539.25, q2 790467
mass 4293.73, q2 2.37221e+06
mass 4604.68, q2 889563
mass 4132.72, q2 6.14774e+06
mass 5275.69, q2 2.71997e+06
mass 4439.34, q2 2.61361e+06
mass 3544.35, q2 8.60435e+06
mass 4713.17, q2 579541
mass 4683.13, q2 1.41519e+06
mass 4766.21, q2 3.89832e+06
mass 4664.34, q2 3.73816e+06
mass 4501.09, q2 5.95112e+06
mass 4447.41, q2 3.05765e+06
mass 4097.18, q2 1.36272e+06
mass 5237.87, q2 4.97528e+06
mass 4463.19, q2 2.28541e+06
mass 5119.81, q2 5.26237e+06
mass 4665.48, q2 4.30155e+06
mass 4246.36, q2 4.25049e+06
mass 5094.32, q2 430568
mass 5684.96, q2 1.15437e+06
mass 4022.19, q2 1.93086e+06
mass 4988.34, q2 1.67298e+06
mass 4878.21, q2 4.80131e+06
mass 5088.03, q2 4.99886e+06
mass 4368.15, q2 2.54014e+06
mass 6457.86, q2 -1.27059e+06
mass 4661.72, q2 710235
mass 4170.58, q2 4.02052e+06
mass 4470.27, q2 3.16679e+06
mass 4385.95, q2 4.94922e+06
mass 4893.32, q2 3.09419e+06
mass 5046.64, q2 796973
mass 4938.12, q2 1.65741e+06
mass 3703.04, q2 2.37264e+06
mass 4512.03, q2 2.7175e+06
mass 4741.59, q2 3.42441e+06
mass 5223.65, q2 5.28279e+06
mass 4762.74, q2 3.62784e+06
mass 4140.2, q2 2.39548e+06
mass 4306.48, q2 5.21538e+06
mass 3482.73, q2 4.08372e+06
mass 4535.76, q2 9.08823e+06
mass 4595.72, q2 3.83176e+06
mass 3802.46, q2 2.26917e+06
mass 5038.46, q2 3.14615e+06
mass 5381.57, q2 3.67569e+06
mass 4055.17, q2 1.35933e+06
mass 3610.29, q2 2.41767e+06
mass 3774.48, q2 2.07564e+06
mass 4596, q2 1.09766e+06
mass 4516.65, q2 5.0564e+06
mass 3904.19, q2 8.616e+06
mass 3695.56, q2 2.05035e+06
mass 4005.35, q2 3.30704e+06
mass 4288, q2 4.04727e+06
mass 4426.95, q2 5.14444e+06
mass 4256.66, q2 4.43287e+06
mass 5303.26, q2 4.97745e+06
mass 4724.18, q2 2.41461e+06
mass 4722.47, q2 1.71183e+06
mass 4205.13, q2 2.40665e+06
mass 5454.13, q2 4.56247e+06
mass 4406.88, q2 211419
mass 4733.07, q2 2.51238e+06
mass 4959.54, q2 470798
mass 4773.75, q2 6.31016e+06
mass 4459.17, q2 1.32769e+06
mass 4278.05, q2 1.16082e+06
mass 4172.7, q2 5.72724e+06
mass 4714.76, q2 2.97315e+06
mass 4692.52, q2 4.44784e+06
mass 4386.16, q2 3.91177e+06
mass 5599.43, q2 2.43169e+06
mass 4518.91, q2 6.33964e+06
mass 4904.45, q2 8.24906e+06
mass 5210.87, q2 697322
mass 5336.13, q2 3.05806e+06
mass 5099.48, q2 2.95474e+06
mass 4569.22, q2 1.01627e+07
mass 4586.4, q2 8.94021e+06
mass 4346.67, q2 1.95926e+06
mass 4240.06, q2 2.15181e+06
mass 3477.89, q2 1.63451e+06
mass 5436.69, q2 4.33421e+06
mass 4266.18, q2 1.24381e+06
mass 4213.9, q2 840746
mass 4588.7, q2 1.81334e+06
mass 4808.34, q2 65320
mass 3660.87, q2 1.91295e+06
mass 4857.34, q2 4.87328e+06
mass 3419.75, q2 1.03497e+06
mass 4318.61, q2 5.60637e+06
mass 4153.31, q2 7.87957e+06
mass 4490.61, q2 1.96251e+06
mass 6005.24, q2 1.22779e+06
mass 4315.17, q2 3.35558e+06
mass 3899.39, q2 649622
mass 3762.09, q2 6.23223e+06
mass 4771.95, q2 2.75805e+06
mass 4178.92, q2 1.52834e+06
mass 4552.78, q2 4.12095e+06
mass 4805.7, q2 586461
mass 5006.61, q2 2.6292e+06
mass 5021.35, q2 4.2997e+06
mass 4900.59, q2 832191
mass 5459.29, q2 1.57995e+06
mass 4407.09, q2 1.75998e+06
mass 4265.02, q2 1.5078e+06
mass 4145.07, q2 3.51403e+06
mass 4831.66, q2 6.4122e+06
mass 4225.67, q2 1.82183e+06
mass 5118.82, q2 6.76793e+06
mass 4759.63, q2 1.38613e+06
mass 4868.03, q2 1.65813e+06
mass 5590.33, q2 3.15011e+06
mass 4677.3, q2 3.73912e+06
mass 5066.76, q2 3.47079e+06
mass 5081.45, q2 2.43234e+06
mass 4738.14, q2 3.5711e+06
mass 4132.02, q2 8.92351e+06
mass 4280.17, q2 2.14117e+06
mass 4453.69, q2 592009
mass 5198.48, q2 1.7905e+06
mass 4544.88, q2 6.8939e+06
mass 4447.66, q2 1.52634e+06
mass 5366.65, q2 6.27383e+06
mass 5190.4, q2 2.13829e+06
mass 3993.89, q2 5.66785e+06
mass 5556.34, q2 1.5615e+06
mass 5668.44, q2 1.26202e+06
mass 5108.32, q2 2.12424e+06
mass 4396.15, q2 173890
mass 4753.98, q2 6.99664e+06
mass 3847.41, q2 1.95366e+06
mass 5686.5, q2 2.3381e+06
mass 3960.81, q2 5.98207e+06
mass 4157.57, q2 2.58864e+06
mass 5184.98, q2 4.16564e+06
mass 4795, q2 5.3978e+06
mass 3769.38, q2 1.32047e+06
mass 4794.48, q2 2.84447e+06
mass 4655.79, q2 951601
mass 5342.86, q2 3.96499e+06
mass 4512.42, q2 454001
mass 4881.16, q2 3.76611e+06
mass 4965.76, q2 4.40508e+06
mass 4861.43, q2 1.61669e+06
mass 4090.48, q2 8.46589e+06
mass 4534.42, q2 2.77305e+06
mass 4587.2, q2 2.34833e+06
mass 4192.87, q2 2.88897e+06
mass 5666.84, q2 6.19574e+06
mass 5454.71, q2 2.50013e+06
mass 4418.03, q2 689451
mass 5299.46, q2 2.91601e+06
mass 5338.83, q2 2.63006e+06
mass 5300.19, q2 5.08086e+06
mass 5302.32, q2 2.87258e+06
mass 4290.11, q2 494559
mass 4805.77, q2 5.11392e+06
mass 4571.54, q2 7.46619e+06
mass 4341.34, q2 4.79982e+06
mass 4324.23, q2 1.05764e+06
mass 5385.44, q2 1.52593e+06
mass 4412.19, q2 1.00194e+07
mass 4347.75, q2 2.87971e+06
mass 3875.09, q2 554649
mass 5354, q2 4.28095e+06
mass 4862.32, q2 1.92773e+06
mass 4774.36, q2 198952
mass 5034.47, q2 3.07472e+06
mass 4695.76, q2 4.24379e+06
mass 4738.77, q2 644125
mass 4686.84, q2 775537
mass 4547.02, q2 3.87661e+06
mass 4169.46, q2 1.10225e+06
mass 5067.07, q2 1.67322e+06
mass 4108.6, q2 2.77189e+06
mass 4692.54, q2 1.44054e+06
mass 3431.37, q2 1.11115e+06
mass 4570.64, q2 696812
mass 3556.73, q2 7.5176e+06
mass 4321.77, q2 1.82939e+06
mass 4347.07, q2 1.6869e+06
mass 3691.39, q2 3.78803e+06
mass 4248.39, q2 3.42584e+06
mass 3757.86, q2 1.87716e+06
mass 5060.1, q2 2.22012e+06
mass 4150.17, q2 5.72686e+06
mass 5108.63, q2 3.01558e+06
mass 5977.19, q2 -1.60817e+06
mass 3598.09, q2 1.87995e+06
mass 5421.12, q2 2.29872e+06
mass 5022.92, q2 4.0137e+06
mass 4499.07, q2 3.13079e+06
mass 5780.29, q2 -514841
mass 5192.55, q2 3.67269e+06
mass 4007.99, q2 1.63595e+06
mass 4982.8, q2 4.11497e+06
mass 4193.3, q2 3.99324e+06
mass 3563.99, q2 2.46472e+06
mass 4216.62, q2 1.10006e+06
mass 3559.34, q2 1.8845e+06
mass 4613.26, q2 961751
mass 4332.36, q2 4.73548e+06
mass 4631.95, q2 4.53761e+06
mass 4073.27, q2 5.15586e+06
mass 3399.01, q2 1.3172e+06
mass 4845.4, q2 1.9601e+06
mass 4641.26, q2 4.05657e+06
mass 4768.19, q2 3.16878e+06
mass 4360.84, q2 853889
mass 4546.79, q2 3.12913e+06
mass 4380.54, q2 3.39054e+06
mass 6232.35, q2 -107064
mass 4518.73, q2 316195
mass 4409.9, q2 937138
mass 4730.39, q2 8.61239e+06
mass 5082.81, q2 2.74928e+06
mass 5022.89, q2 870012
mass 4292.71, q2 6.07876e+06
mass 3824.26, q2 2.60374e+06
mass 4348.24, q2 1.43776e+06
mass 3663.38, q2 981883
mass 4358.62, q2 855038
mass 4604.08, q2 1.76334e+06
mass 5617.46, q2 4.11951e+06
mass 4143.14, q2 5.49269e+06
mass 3210.08, q2 1.62849e+06
mass 4453.08, q2 2.88351e+06
mass 5948.67, q2 -242274
mass 3911.2, q2 1.19724e+06
mass 4255.6, q2 3.19415e+06
mass 5461.11, q2 2.68974e+06
mass 4287.56, q2 1.96971e+06
mass 4649.7, q2 4.45066e+06
mass 4013.18, q2 1.50712e+06
mass 4252.51, q2 3.76281e+06
mass 4400.39, q2 1.54938e+06
mass 4349.43, q2 2.17135e+06
mass 4929.75, q2 2.03011e+06
mass 3950.56, q2 577746
mass 4222.41, q2 1.08222e+06
mass 3765.77, q2 3.0197e+06
mass 4391.67, q2 3.17825e+06
mass 3694.06, q2 2.50568e+06
mass 4616.13, q2 1.32871e+06
mass 5086.29, q2 4.65083e+06
mass 4814.14, q2 1.99637e+06
mass 4795.93, q2 7.90705e+06
mass 4334.2, q2 6.25546e+06
mass 4915.99, q2 1.46373e+06
mass 4731.54, q2 3.7499e+06
mass 3479.92, q2 1.66173e+06
mass 4222.27, q2 1.6925e+06
mass 5073.99, q2 6.98388e+06
mass 4996.66, q2 4.29238e+06
mass 4422.36, q2 7.29518e+06
mass 4166.87, q2 1.27237e+06
mass 4590.74, q2 4.14698e+06
mass 4429.57, q2 6.45076e+06
mass 4704.85, q2 823466
mass 4836.58, q2 1.25825e+06
mass 3575.67, q2 1.06628e+06
mass 4359.48, q2 5.26283e+06
mass 4199.19, q2 2.07924e+06
mass 4237.23, q2 1.03289e+06
mass 4372.41, q2 5.03229e+06
mass 4757.68, q2 1.97748e+06
mass 5111.47, q2 4.01238e+06
mass 4126.47, q2 829644
mass 5140.63, q2 4.58744e+06
mass 4045.14, q2 3.2459e+06
mass 4216.44, q2 1.87464e+06
mass 4526.18, q2 474525
mass 5522.28, q2 -278929
mass 5073.83, q2 5.53757e+06
mass 5118.45, q2 4.83927e+06
mass 6292.7, q2 -1.34332e+06
mass 4730.53, q2 3.23676e+06
mass 4017.08, q2 2.09718e+06
mass 3782.27, q2 2.08308e+06
mass 4133.68, q2 1.56223e+06
mass 5763.14, q2 584962
mass 3554.74, q2 7.52716e+06
mass 3300.12, q2 1.28531e+06
mass 3602.75, q2 1.99001e+06
mass 3377.86, q2 4.48273e+06
mass 3373.75, q2 1.21064e+06
mass 4879.21, q2 5.06665e+06
mass 5217.82, q2 480943
mass 4522.64, q2 4.20291e+06
mass 4870.67, q2 414191
mass 4821.07, q2 1.65815e+06
mass 3635.85, q2 1.75142e+06
mass 4953.96, q2 4.89566e+06
mass 4442.2, q2 934086
mass 3892.89, q2 7.26797e+06
mass 3314.76, q2 1.91121e+06
mass 4508.47, q2 5.85657e+06
mass 5663.84, q2 955165
mass 5041.35, q2 3.23427e+06
mass 4851.67, q2 4.58406e+06
mass 3812.96, q2 917930
mass 5556.51, q2 4.96774e+06
mass 4592.18, q2 2.0119e+06
mass 3796.76, q2 2.88863e+06
mass 4715.78, q2 1.20426e+06
mass 8319.4, q2 -1.34336e+07
mass 4731.56, q2 3.3705e+06
mass 3370.59, q2 2.46701e+06
mass 4652.68, q2 3.38626e+06
mass 5205.1, q2 1.85455e+06
mass 4057, q2 7.14962e+06
mass 4133.51, q2 5.17271e+06
mass 5339.42, q2 8.7239e+06
mass 5312.71, q2 3.49066e+06
mass 4840.17, q2 8.2686e+06
mass 4963.72, q2 1.67878e+06
mass 4291.94, q2 2.05826e+06
mass 5474.39, q2 3.78291e+06
mass 7214.26, q2 -5.67211e+06
mass 4622.42, q2 1.44915e+06
mass 5234.43, q2 4.73198e+06
mass 4536.79, q2 4.03519e+06
mass 3501.43, q2 1.81763e+06
mass 4161.75, q2 6.87246e+06
mass 3836.9, q2 8.31054e+06
mass 4468.71, q2 1.9077e+06
mass 3614.38, q2 8.23333e+06
mass 3210.77, q2 507745
mass 4189.26, q2 5.6353e+06
mass 4123.15, q2 6.11781e+06
mass 5178.42, q2 6.16482e+06
mass 4165.33, q2 8.06044e+06
mass 3961.38, q2 6.96922e+06
mass 4209.64, q2 2.08151e+06
mass 5192.43, q2 4.31887e+06
mass 4868.43, q2 693952
mass 4752.81, q2 6.78958e+06
mass 4444.92, q2 3.43534e+06
mass 3994.93, q2 9.53805e+06
mass 3941.58, q2 4.20051e+06
mass 4444.24, q2 2.62182e+06
mass 5064.57, q2 946532
mass 4410.22, q2 1.1597e+06
mass 4736.23, q2 78017.3
mass 4332.05, q2 2.8114e+06
mass 5704.97, q2 2.1853e+06
mass 4701.52, q2 2.13962e+06
mass 4989.43, q2 3.88058e+06
mass 5216.7, q2 635822
mass 4700.78, q2 6.94968e+06
mass 4644.94, q2 5.14885e+06
mass 4452.53, q2 2.54677e+06
mass 5644.5, q2 2.30478e+06
mass 4353.35, q2 3.93097e+06
mass 5297.39, q2 205744
mass 5941.28, q2 3.1197e+06
mass 4923.68, q2 2.00246e+06
mass 3930.57, q2 7.42858e+06
mass 5555.05, q2 268121
mass 4472.42, q2 4.57995e+06
mass 4423.01, q2 2.68609e+06
mass 4872.53, q2 2.29884e+06
mass 3828.29, q2 7.98175e+06
mass 3741.03, q2 4.36808e+06
mass 4399.01, q2 2.67093e+06
mass 5285.8, q2 1.67514e+06
mass 3229.45, q2 1.14595e+06
mass 4438.59, q2 1.78199e+06
mass 3139.55, q2 1.23372e+06
mass 4451.68, q2 1.59645e+06
mass 5202.06, q2 3.47867e+06
mass 5590.93, q2 4.00668e+06
mass 5422.58, q2 3.57996e+06
mass 3876.79, q2 4.2842e+06
mass 4659.4, q2 5.13162e+06
mass 5505.36, q2 921252
mass 4210.52, q2 2.98348e+06
mass 4726.82, q2 2.61463e+06
mass 4287.37, q2 4.28899e+06
mass 4472.47, q2 3.11338e+06
mass 4740.34, q2 1.06492e+06
mass 4935.19, q2 3.67189e+06
mass 4773.39, q2 1.89943e+06
mass 4797.44, q2 3.26635e+06
mass 4782.45, q2 3.31662e+06
mass 4590.92, q2 3.95974e+06
mass 4353.92, q2 4.44688e+06
mass 3816.26, q2 8.17122e+06
mass 3420.35, q2 1.96111e+06
mass 4731.53, q2 1.90448e+06
mass 4185.9, q2 4.81858e+06
mass 4734.9, q2 5.49506e+06
mass 4770.3, q2 1.10857e+06
mass 4418.02, q2 2.99608e+06
mass 5382.88, q2 127587
mass 4861.7, q2 2.41883e+06
mass 4135.1, q2 7.76393e+06
mass 5307.18, q2 2.17471e+06
mass 4429.62, q2 1.27547e+06
mass 4620.57, q2 1.57463e+06
mass 5206.47, q2 6.07349e+06
mass 5594.1, q2 3.23566e+06
mass 5013.9, q2 4.0286e+06
mass 4555.21, q2 389705
mass 5049.6, q2 3.97202e+06
mass 5200.16, q2 1.15781e+06
mass 4893.49, q2 3.05931e+06
mass 4752.55, q2 1.64275e+06
mass 4532.06, q2 4.69372e+06
mass 4518.29, q2 3.70091e+06
mass 4902.99, q2 5.41707e+06
mass 5242.84, q2 3.26719e+06
mass 3933.55, q2 4.12731e+06
mass 4594.5, q2 3.41184e+06
mass 4790.92, q2 3.41774e+06
mass 3821.08, q2 1.82119e+06
mass 4050.24, q2 1.95568e+06
mass 6606.34, q2 -706078
mass 4832.26, q2 3.08988e+06
mass 4105.61, q2 2.07523e+06
mass 4520.19, q2 325288
mass 4530.97, q2 320289
mass 4226.6, q2 1.06979e+06
mass 5036.28, q2 5.03065e+06
mass 4536.96, q2 3.312e+06
mass 3947.79, q2 2.57199e+06
mass 3817.71, q2 7.06205e+06
mass 4478.68, q2 1.55183e+06
mass 4847.72, q2 2.03728e+06
mass 5090.99, q2 2.08265e+06
mass 4414.61, q2 3.40194e+06
mass 4252.16, q2 2.97606e+06
mass 3940.7, q2 2.1231e+06
mass 4626.06, q2 1.41551e+06
mass 4233.27, q2 3.57141e+06
mass 3415.86, q2 1.16552e+06
mass 3730.42, q2 2.78625e+06
mass 4853.28, q2 2.85018e+06
mass 3972.85, q2 3.05243e+06
mass 3622.18, q2 1.54144e+06
mass 4886.81, q2 934925
mass 4133.67, q2 3.80595e+06
mass 4856.24, q2 4.63209e+06
mass 4298.97, q2 1.1017e+06
mass 4243.52, q2 2.88136e+06
mass 5764.78, q2 -1.68488e+06
mass 4021.13, q2 6.94537e+06
mass 4991.51, q2 1.67955e+06
mass 5068.18, q2 4.4172e+06
mass 4421.45, q2 5.12833e+06
mass 5424.52, q2 5.52939e+06
mass 5185.54, q2 2.76189e+06
mass 4846.47, q2 3.83436e+06
mass 4060.39, q2 5.71095e+06
mass 5055.96, q2 3.08246e+06
mass 4293.96, q2 1.70278e+06
mass 3796.9, q2 1.26717e+06
mass 5650.85, q2 1.42501e+06
mass 3886.82, q2 5.64743e+06
mass 3974.82, q2 1.37939e+06
mass 4110.65, q2 1.73129e+06
mass 3718.69, q2 3.46057e+06
mass 4413.65, q2 3.31377e+06
mass 4919.08, q2 163923
mass 3830.86, q2 2.49397e+06
mass 5255.49, q2 3.16972e+06
mass 4499.32, q2 3.92476e+06
mass 4960.57, q2 1.5402e+06
mass 4018.44, q2 3.8751e+06
mass 5349.86, q2 2.54199e+06
mass 5487.12, q2 -375826
mass 4358.13, q2 7.18499e+06
mass 3601.64, q2 1.52642e+06
mass 3462.52, q2 1.93026e+06
mass 4491.51, q2 1.08464e+06
mass 4991.74, q2 3.79308e+06
mass 4290.83, q2 3.45739e+06
mass 5181.15, q2 4.46552e+06
mass 4117.27, q2 5.74142e+06
mass 5132.15, q2 2.34772e+06
mass 4438.91, q2 1.79563e+06
mass 5172.28, q2 4.94795e+06
mass 4395.75, q2 1.4679e+06
mass 4278.64, q2 4.49308e+06
mass 3584.56, q2 2.81755e+06
mass 6314.77, q2 5.49924e+06
mass 4848.5, q2 2.72532e+06
mass 4882.06, q2 5.77468e+06
mass 4119.33, q2 984677
mass 3912.47, q2 1.13077e+06
mass 4404.81, q2 6.21134e+06
mass 4120.44, q2 2.60925e+06
mass 5341.28, q2 678469
mass 4452.84, q2 946958
mass 5201.18, q2 107255
mass 3589.73, q2 6.3252e+06
mass 4571.75, q2 5.30341e+06
mass 3710.62, q2 8.80138e+06
mass 3646.07, q2 1.32734e+06
mass 5289.33, q2 2.6262e+06
mass 4204.68, q2 4.38983e+06
mass 4843.59, q2 2.89203e+06
mass 3896.5, q2 1.91236e+06
mass 3324.77, q2 391119
mass 4213.2, q2 5.08004e+06
mass 4062.57, q2 1.93674e+06
mass 4771.12, q2 161925
mass 3813.93, q2 5.18314e+06
mass 3967.16, q2 2.26026e+06
mass 4491.77, q2 2.40558e+06
mass 4336.8, q2 2.08469e+06
mass 3751.13, q2 737444
mass 4739.22, q2 3.54854e+06
mass 3950.25, q2 3.15211e+06
mass 4473.23, q2 256743
mass 3734.81, q2 1.49778e+06
mass 5990.34, q2 3.90289e+06
mass 4323.07, q2 7.03366e+06
mass 4987.55, q2 498319
mass 5531.22, q2 -360549
mass 6969.41, q2 5.5127e+06
mass 4135.66, q2 1.03175e+06
mass 3406.49, q2 4.61475e+06
mass 4794.21, q2 2.03466e+06
mass 4459.08, q2 427630
mass 5071.46, q2 4.62052e+06
mass 4790.88, q2 2.93916e+06
mass 4754.53, q2 2.21914e+06
mass 4125.68, q2 1.49753e+06
mass 5672.83, q2 4.95299e+06
mass 4231.83, q2 1.70512e+06
mass 4301.44, q2 3.29754e+06
mass 3560.5, q2 2.69821e+06
mass 3974.56, q2 1.5423e+06
mass 3573.96, q2 1.27076e+06
mass 5051.45, q2 6.01235e+06
mass 4467.21, q2 1.53155e+06
mass 4599.37, q2 2.977e+06
mass 4350.82, q2 2.69686e+06
mass 4107.46, q2 2.21061e+06
mass 3687.67, q2 1.13513e+06
mass 3828.06, q2 1.4336e+06
mass 3907.19, q2 3.10976e+06
mass 4238.73, q2 5.88589e+06
mass 4486.55, q2 1.94708e+06
mass 3877.67, q2 2.01563e+06
mass 4745.1, q2 149205
mass 4502.19, q2 6.61108e+06
mass 4521.5, q2 1.22735e+06
mass 4613.43, q2 3.15844e+06
mass 4908.92, q2 7.47104e+06
mass 3421.4, q2 2.458e+06
mass 4412.91, q2 3.20719e+06
mass 3720.52, q2 1.72828e+06
mass 5379.64, q2 3.54036e+06
mass 5408.49, q2 831601
mass 7605.3, q2 -560649
mass 3873.68, q2 2.95448e+06
mass 5134.8, q2 2.73157e+06
mass 3729.5, q2 2.02865e+06
mass 5092.23, q2 3.02394e+06
mass 4599.53, q2 5.40433e+06
mass 4703.81, q2 325827
mass 4470.36, q2 2.52557e+06
mass 4085.69, q2 1.23455e+06
mass 4456.55, q2 3.01118e+06
mass 4090.61, q2 8.55698e+06
mass 4312.95, q2 2.00115e+06
mass 4834.16, q2 4.1719e+06
mass 4550.08, q2 2.55275e+06
mass 4934.62, q2 1.62506e+06
mass 4645.63, q2 1.52214e+06
mass 4083.36, q2 1.68535e+06
mass 4112.9, q2 2.21933e+06
mass 4078.86, q2 538611
mass 4883.22, q2 2.42933e+06
mass 4079.13, q2 6.78744e+06
mass 4222.42, q2 6.338e+06
mass 4848.77, q2 1.86512e+06
mass 4204.33, q2 2.29752e+06
mass 3383.94, q2 1.56264e+06
mass 4013.65, q2 3.45122e+06
mass 5602.54, q2 2.15919e+06
mass 3828.56, q2 2.22248e+06
mass 4559, q2 2.36952e+06
mass 6489.42, q2 1.32014e+06
mass 4509.79, q2 361151
mass 4216.23, q2 1.06287e+06
mass 4148.12, q2 1.50921e+06
mass 4441.29, q2 1.47188e+06
mass 4257.44, q2 2.97958e+06
mass 4619.53, q2 612254
mass 4945.46, q2 3.93515e+06
mass 4375.35, q2 2.93434e+06
mass 4430.28, q2 7.49275e+06
mass 4207.03, q2 1.11223e+06
mass 3995.92, q2 504622
mass 4875.82, q2 3.1713e+06
mass 4073.47, q2 9.87381e+06
mass 3669.26, q2 4.46422e+06
mass 3409.2, q2 1.8455e+06
mass 4408.05, q2 863242
mass 3235.58, q2 2.39687e+06
mass 4351.8, q2 1.43525e+06
mass 5453.27, q2 5.4796e+06
mass 4983.55, q2 8.36421e+06
mass 5604.91, q2 4.90128e+06
mass 4218.64, q2 1.77078e+06
mass 4974.78, q2 699618
mass 4184.95, q2 810863
mass 4391.27, q2 1.58741e+06
mass 3897.8, q2 2.55022e+06
mass 3581.96, q2 1.73461e+06
mass 4537.47, q2 1.4886e+06
mass 4678.63, q2 1.89473e+06
mass 6088.01, q2 452775
mass 5096.04, q2 506184
mass 4255.22, q2 7.34764e+06
mass 8573.3, q2 -6.52513e+06
mass 3781.57, q2 2.15128e+06
mass 3610.1, q2 1.82028e+06
mass 4707.89, q2 387529
mass 4717.34, q2 3.05716e+06
mass 4367.2, q2 4.50492e+06
mass 4908.63, q2 6.21744e+06
mass 5410.92, q2 4.05363e+06
mass 3685.16, q2 2.9914e+06
mass 5405.36, q2 3.98144e+06
mass 4209.59, q2 4.91377e+06
mass 4398.51, q2 1.84871e+06
mass 4989.73, q2 3.85955e+06
mass 3721.84, q2 6.69018e+06
mass 4251.55, q2 2.25282e+06
mass 4357.55, q2 721587
mass 4386.19, q2 6.53542e+06
mass 4848.5, q2 3.23546e+06
mass 4679.27, q2 1.08455e+06
mass 4182.55, q2 4.43081e+06
mass 4523.67, q2 2.91066e+06
mass 4368.23, q2 4.13433e+06
mass 4067.32, q2 137980
mass 4729, q2 2.04384e+06
mass 4902.83, q2 1.8265e+06
mass 4126.02, q2 1.47129e+06
mass 4342.07, q2 9.70531e+06
mass 3623.12, q2 920936
mass 3757.38, q2 2.23963e+06
mass 4194.07, q2 2.6715e+06
mass 4656.98, q2 1.67522e+06
mass 5841.55, q2 -1.82534e+06
mass 4698.96, q2 5.31261e+06
mass 4610.75, q2 2.32498e+06
mass 4698.42, q2 1.6584e+06
mass 5426.75, q2 601428
mass 4313.74, q2 1.34225e+06
mass 4521.16, q2 1.94923e+06
mass 5340.68, q2 729255
mass 4625.43, q2 1.7144e+06
mass 5339.72, q2 4.12902e+06
mass 4534.58, q2 2.72145e+06
mass 4665.18, q2 360728
mass 3221.29, q2 2.65483e+06
mass 4849.94, q2 6.19101e+06
mass 5130.65, q2 2.10793e+06
mass 4427.96, q2 7.9932e+06
mass 4436.47, q2 4.68557e+06
mass 4534.28, q2 4.61279e+06
mass 4348.2, q2 6.76962e+06
mass 4773.67, q2 3.93518e+06
mass 3856.05, q2 6.2301e+06
mass 4221.98, q2 1.91218e+06
mass 4915.63, q2 4.49319e+06
mass 4662.35, q2 3.3184e+06
mass 4767.04, q2 836150
mass 4370.91, q2 4.58012e+06
mass 5022.66, q2 1.36891e+06
mass 4284.6, q2 4.05996e+06
mass 5752.03, q2 1.06624e+06
mass 5191.08, q2 1.55305e+06
mass 4299.21, q2 1.79565e+06
mass 4039.89, q2 1.38494e+06
mass 4990.32, q2 2.86628e+06
mass 4945.62, q2 339574
mass 4819.58, q2 3.98417e+06
mass 4409.38, q2 1.86971e+06
mass 4960.81, q2 2.73902e+06
mass 5015.26, q2 242590
mass 3754.11, q2 1.91577e+06
mass 4068.43, q2 2.30083e+06
mass 5248.16, q2 4.70771e+06
mass 3787.06, q2 2.36876e+06
mass 5030.11, q2 930318
mass 3432.51, q2 1.9574e+06
mass 4002.85, q2 1.83379e+06
mass 4539.14, q2 962838
mass 4243.92, q2 1.92377e+06
mass 4326.87, q2 3.55468e+06
mass 5590.95, q2 2.48957e+06
mass 4425.97, q2 683681
mass 3577.21, q2 2.53616e+06
mass 4002.32, q2 1.11445e+06
mass 5292.19, q2 4.89555e+06
mass 4423.03, q2 1.14548e+06
mass 4648.9, q2 3.36122e+06
mass 4238.01, q2 1.54069e+06
mass 4694.44, q2 4.55777e+06
mass 4858.87, q2 2.61256e+06
mass 3745.14, q2 3.2041e+06
mass 4682.08, q2 903766
mass 4522.72, q2 1.16471e+06
mass 4219.66, q2 6.82806e+06
mass 4453.17, q2 552875
mass 4605.4, q2 3.83821e+06
mass 5296.07, q2 2.41049e+06
mass 4086.55, q2 1.72461e+06
mass 4037.85, q2 2.8787e+06
mass 4366.02, q2 2.02138e+06
mass 4847.59, q2 3.98357e+06
mass 5728.17, q2 6.33178e+06
mass 5149.05, q2 4.34341e+06
mass 4519.63, q2 6.62826e+06
mass 5246.67, q2 316463
mass 4355.38, q2 4.0519e+06
mass 5091.56, q2 2.93426e+06
mass 4108.54, q2 2.03893e+06
mass 5493.33, q2 4.43378e+06
mass 5322.1, q2 2.49398e+06
mass 4998.97, q2 2.97263e+06
mass 3484.29, q2 2.09436e+06
mass 5178.96, q2 5.5699e+06
mass 4945.58, q2 7.09769e+06
mass 4443.21, q2 3.72363e+06
mass 4757.18, q2 7.55483e+06
mass 5299.51, q2 1.3719e+06
mass 3821.63, q2 6.43533e+06
mass 3725.23, q2 584695
mass 4021.41, q2 1.64396e+06
mass 4878.86, q2 2.68181e+06
mass 3358.77, q2 2.05866e+06
mass 4957.6, q2 291381
mass 4138.94, q2 6.65424e+06
mass 4707.6, q2 3.47721e+06
mass 4447.27, q2 2.45202e+06
mass 5208.95, q2 7.76991e+06
mass 3689.59, q2 1.25207e+06
mass 4172.45, q2 2.67581e+06
mass 5242.69, q2 5.66751e+06
mass 4239.79, q2 5.05961e+06
mass 4225.56, q2 6.48967e+06
mass 5836.96, q2 3.41621e+06
mass 4381.79, q2 4.1171e+06
mass 4545.68, q2 2.33253e+06
mass 5002.96, q2 4.98944e+06
mass 6747.07, q2 -3.86864e+06
mass 5360.37, q2 961589
mass 3718.66, q2 9.54218e+06
mass 4919.82, q2 2.47378e+06
mass 5028.01, q2 5.78246e+06
mass 5550.96, q2 246052
mass 4384.36, q2 2.79021e+06
mass 4934.38, q2 2.05831e+06
mass 7549, q2 -5.37959e+06
mass 4222.19, q2 1.19689e+06
mass 3447.97, q2 2.07233e+06
mass 4079.49, q2 4.70103e+06
mass 4855.51, q2 3.33941e+06
mass 3996.31, q2 8.57697e+06
mass 3708.55, q2 2.47597e+06
mass 4807.18, q2 7.80978e+06
mass 4191.56, q2 1.81867e+06
mass 5393.64, q2 1.31979e+06
mass 4166.05, q2 5.64631e+06
mass 4848.47, q2 4.8033e+06
mass 3508.28, q2 1.85755e+06
mass 3783.28, q2 3.65409e+06
mass 4102.6, q2 2.26363e+06
mass 5266.31, q2 4.33028e+06
mass 4300.16, q2 3.11472e+06
mass 4789.68, q2 3.40899e+06
mass 3728.67, q2 1.13762e+06
mass 3946.95, q2 1.5359e+06
mass 3766.75, q2 1.04745e+06
mass 4608.79, q2 452258
mass 4903.33, q2 795792
mass 6107.47, q2 983858
mass 4947.67, q2 6.09839e+06
mass 3995.88, q2 1.69186e+06
mass 4194.36, q2 4.05941e+06
mass 4744.48, q2 3.59961e+06
mass 4115.02, q2 1.03536e+06
mass 5009.05, q2 5.16133e+06
mass 5656.32, q2 4.84496e+06
mass 3405.29, q2 2.6071e+06
mass 4827.35, q2 793355
mass 4428.36, q2 5.17396e+06
mass 3547.03, q2 2.42961e+06
mass 4191.62, q2 5.99117e+06
mass 4756.21, q2 1.73079e+06
mass 4015.03, q2 2.19139e+06
mass 3361.55, q2 6.05298e+06
mass 4347.92, q2 879508
mass 3604.04, q2 2.01977e+06
mass 3947.1, q2 1.31341e+06
mass 3515.38, q2 1.49884e+06
mass 4665.85, q2 6.5574e+06
mass 3680.99, q2 1.63325e+06
mass 4566.13, q2 4.26119e+06
mass 4535.9, q2 3.22037e+06
mass 4982, q2 3.92072e+06
mass 4391.85, q2 4.83549e+06
mass 5234.75, q2 905884
mass 5049.77, q2 3.00082e+06
mass 4281.53, q2 5.56217e+06
mass 4141.47, q2 1.0242e+07
mass 4281.34, q2 3.30023e+06
mass 3936.71, q2 1.01578e+06
mass 7093.82, q2 -7.37775e+06
mass 5435.64, q2 1.49118e+06
mass 6137.4, q2 -1.19684e+06
mass 4260.26, q2 7.30829e+06
mass 4227.02, q2 7.42762e+06
mass 3756.31, q2 952037
mass 5296.66, q2 3.30421e+06
mass 6034.99, q2 1.85063e+06
mass 3750.99, q2 998334
mass 4585.76, q2 2.84544e+06
mass 4210.44, q2 1.83495e+06
mass 4310.38, q2 2.31873e+06
mass 4341.79, q2 3.06402e+06
mass 3244.89, q2 1.85283e+06
mass 4003.76, q2 4.98357e+06
mass 4934.54, q2 2.24714e+06
mass 4025.94, q2 3.68099e+06
mass 4705.03, q2 1.7425e+06
mass 4598.45, q2 4.23682e+06
mass 4500.27, q2 3.7859e+06
mass 5017.98, q2 2.27335e+06
mass 4037.85, q2 1.00664e+06
mass 4635.44, q2 754791
mass 5201.7, q2 1.83492e+06
mass 5253.93, q2 3.62259e+06
mass 4043.63, q2 1.76867e+06
mass 3799.18, q2 3.98482e+06
mass 5215.41, q2 1.67623e+06
mass 4776.19, q2 4.60269e+06
mass 4802.82, q2 4.45221e+06
mass 4691.27, q2 5.33843e+06
mass 4372.43, q2 652616
mass 5033.95, q2 180902
mass 5240.43, q2 463569
mass 4925.06, q2 5.65064e+06
mass 4359.8, q2 1.82658e+06
mass 3355.15, q2 2.24703e+06
mass 4665.23, q2 565279
mass 5147.42, q2 103525
mass 3919.88, q2 2.63927e+06
mass 3898.16, q2 5.31346e+06
mass 4936.28, q2 4.21917e+06
mass 5771.39, q2 5.4944e+06
mass 5621.65, q2 1.40095e+06
mass 4157.26, q2 3.3361e+06
mass 3839.33, q2 6.0246e+06
mass 4376.84, q2 8.09425e+06
mass 3348.58, q2 3.55282e+06
mass 4101.93, q2 2.26459e+06
mass 5423.75, q2 4.20345e+06
mass 3683.8, q2 2.63451e+06
mass 4643.22, q2 4.82492e+06
mass 5714.1, q2 2.77584e+06
mass 4568.16, q2 6.54686e+06
mass 4401.25, q2 1.38857e+06
mass 4320.43, q2 682362
mass 3865.91, q2 384915
mass 3711.41, q2 2.83991e+06
mass 3542.77, q2 1.44586e+06
mass 5210.95, q2 1.05657e+06
mass 5440.42, q2 5.55711e+06
mass 5531.08, q2 4.02929e+06
mass 4932.03, q2 3.95913e+06
mass 4806.02, q2 3.69089e+06
mass 4349.94, q2 4.40458e+06
mass 4297.79, q2 3.85318e+06
mass 4537.34, q2 1.11172e+06
mass 4943.34, q2 1.68256e+06
mass 4071.07, q2 6.81477e+06
mass 3669.03, q2 2.58431e+06
mass 4898.17, q2 4.05467e+06
mass 3827.74, q2 1.78521e+06
mass 4393.99, q2 5.73222e+06
mass 3269.81, q2 1.70871e+06
mass 4592.02, q2 3.91542e+06
mass 5055.78, q2 2.777e+06
mass 4579.16, q2 2.30677e+06
mass 4761.1, q2 2.85601e+06
mass 4573.59, q2 2.2477e+06
mass 4449.26, q2 4.58485e+06
mass 4557.73, q2 1.13367e+06
mass 6133.4, q2 3.49808e+06
mass 3954.22, q2 1.83854e+06
mass 4502.8, q2 174747
mass 4762.06, q2 4.72097e+06
mass 4897.37, q2 3.91661e+06
mass 5307.91, q2 668596
mass 4132.13, q2 4.22149e+06
mass 4187.02, q2 3.28483e+06
mass 3692.28, q2 865108
mass 3441.39, q2 1.59063e+06
mass 4472.66, q2 8.78298e+06
mass 4638.34, q2 1.34189e+06
mass 4987.32, q2 2.74548e+06
mass 4724.65, q2 4.57616e+06
mass 4139.85, q2 877924
mass 4840.29, q2 3.44761e+06
mass 4187.22, q2 3.68122e+06
mass 4979.81, q2 1.37274e+06
mass 4718.43, q2 761034
mass 5773.69, q2 2.41752e+06
mass 4053.67, q2 164377
mass 4192.08, q2 2.09505e+06
mass 5045.81, q2 4.078e+06
mass 3344.58, q2 2.60839e+06
mass 4833.92, q2 1.53624e+06
mass 4349.33, q2 6.79892e+06
mass 4784.49, q2 3.45929e+06
mass 5637.67, q2 262098
mass 4421.64, q2 4.57736e+06
mass 4929.72, q2 2.16206e+06
mass 3663.77, q2 1.21596e+06
mass 3987.7, q2 6.62776e+06
mass 5613.09, q2 4.38749e+06
mass 5230.2, q2 2.90262e+06
mass 4608.7, q2 1.99377e+06
mass 5379.33, q2 1.31026e+06
mass 4887.33, q2 2.48998e+06
mass 5093.77, q2 1.79933e+06
mass 3917.79, q2 2.78352e+06
mass 5588.56, q2 4.97008e+06
mass 4420.88, q2 7.22293e+06
mass 4012.27, q2 2.75365e+06
mass 3499.07, q2 8.20977e+06
mass 4485.37, q2 3.48751e+06
mass 4686.77, q2 196181
mass 4995.3, q2 8.55678e+06
mass 4788.78, q2 9.71653e+06
mass 4117.72, q2 1.39202e+06
mass 3608.44, q2 6.62995e+06
mass 4269.77, q2 9.01559e+06
mass 3314.67, q2 2.01166e+06
mass 4292.03, q2 5.16279e+06
mass 4232.77, q2 2.99255e+06
mass 4704.46, q2 873834
mass 4868.52, q2 902901
mass 4894.24, q2 1.2641e+06
mass 4159.71, q2 4.85489e+06
mass 5798.93, q2 -666924
mass 3719.16, q2 3.23006e+06
mass 3555.54, q2 1.4872e+06
mass 5160.23, q2 6.58744e+06
mass 5743.63, q2 1.07114e+06
mass 4388.51, q2 542663
mass 4566.89, q2 5.25142e+06
mass 3863.17, q2 3.64229e+06
mass 4696.49, q2 1.49787e+06
RooDataSet::dataset[m_{D_{s}#mu}] = 2986 entries
RooDataSet::datasetQ[m_{D_{s}#mu},q^{2}] = 2986 entries
RooDataSet::datasetE[m_{D_{s}#mu},E_{#mu}] = 2986 entries
RooDataSet::datasetM[m_{D_{s}#mu},mm^2] = 2986 entries
RooDataSet::datasetQP[m_{D_{s}#mu},q^{2}] = 2986 entries
RooDataSet::datasetQM[m_{D_{s}#mu},q^{2}] = 2986 entries
All events processed
