
[1mRooFit v3.60 -- Developed by Wouter Verkerke and David Kirkby[0m 
                Copyright (C) 2000-2013 NIKHEF, University of California & Stanford University
                All rights reserved, please read http://roofit.sourceforge.net/license.txt

 10 ./Templater
 10 -in
 10 -conf
 10 -flag
 10 -mc
 10 -ff
Configuring
 ::: Setting Fit Parameters from config/config_NorBin_IsoPIDCut_Q2.txt file ::: 
Read value :: 0 :: for param :: applyTauCut
 ::: Setting Fit Parameters from config/config_NorBin_IsoPIDCut_Q2.txt file ::: 
Read value :: 0 :: for param :: applyBMCut
 ::: Setting Fit Parameters from config/config_NorBin_IsoPIDCut_Q2.txt file ::: 
Read value :: 1 :: for param :: applyIsoCut
 ::: Setting Fit Parameters from config/config_NorBin_IsoPIDCut_Q2.txt file ::: 
Read value :: 20 :: for param :: nBinsMass
 ::: Setting Fit Parameters from config/config_NorBin_IsoPIDCut_Q2.txt file ::: 
Read value :: 11 :: for param :: nBinsQsq
 ::: Setting Fit Parameters from config/config_NorBin_IsoPIDCut_Q2.txt file ::: 
Read value :: 10 :: for param :: nBinsEmu
 ::: Setting Fit Parameters from config/config_NorBin_IsoPIDCut_Q2.txt file ::: 
Read value :: 20 :: for param :: nBinsMMsq
 ::: Setting Fit Parameters from config/config_NorBin_IsoPIDCut_Q2.txt file ::: 
Read value :: 0 :: for param :: doPhiPi
Setting output 
 Entering Do Template 
-------------------------
Set LHCb Style - Feb 2012
-------------------------
Going to write output file :: output/RootOutp_MCAll_bin0_NorBIsoPIDCutBuD0Ds_Weight.root
 /afs/cern.ch/user/r/rvazquez/RDS/DaVinciDev_v41r3/Phys/BsDsMuNuForRDS/src/DsMass_WithSWeighted_Dsst_BuDD_NoCL_CB_Sim09b.root
TFile**		/afs/cern.ch/user/r/rvazquez/RDS/DaVinciDev_v41r3/Phys/BsDsMuNuForRDS/src/DsMass_WithSWeighted_Dsst_BuDD_NoCL_CB_Sim09b.root	
 TFile*		/afs/cern.ch/user/r/rvazquez/RDS/DaVinciDev_v41r3/Phys/BsDsMuNuForRDS/src/DsMass_WithSWeighted_Dsst_BuDD_NoCL_CB_Sim09b.root	
  KEY: TTree	DecayTree;1	tree with weights
nentries = 1613
With weight = ( McorrDsst > 3000 && McorrDsst < 8000 && (Ds_MM>1940 && Ds_MM<2000) && sq > 0. && ( Kpl_P>5000 && Kmi_P>5000 && pi_P>5000 && (Kpl_PT>800 || Kmi_PT>800 || pi_PT>800) && Ds_PT>2000 && Bs_0_BDTS_DOCA<0.50 && Bs_0_FDCHI2_TOPPV>50 && 1940<Ds_MM && 2000>Ds_MM  )  && ( mu_PIDmu > 0) && (mu_iso_MinBDT_Long>-0.5) )*sigw
1613
--- ... Processing event: 0
mass 4177.36, q2 4.92449e+06
mass 4111.59, q2 2.81682e+06
mass 5059.2, q2 2.27733e+06
mass 4488.69, q2 3.34141e+06
mass 3773.94, q2 3.29329e+06
mass 3851.05, q2 2.32122e+06
mass 4376.13, q2 2.11668e+06
mass 5234.98, q2 3.98926e+06
mass 4403.36, q2 3.18807e+06
mass 4834.21, q2 3.49599e+06
mass 4274.07, q2 3.09966e+06
mass 4131.95, q2 249095
mass 4636.92, q2 2.98057e+06
mass 3523.71, q2 9.69999e+06
mass 4557.72, q2 1.85691e+06
mass 3883.25, q2 6.75362e+06
mass 5498.74, q2 1.38807e+06
mass 4438.58, q2 6.67864e+06
mass 3374.83, q2 2.51659e+06
mass 3962.39, q2 8.16761e+06
mass 3997.87, q2 8.89395e+06
mass 4266.23, q2 5.40262e+06
mass 4838.85, q2 1.17931e+06
mass 4864.76, q2 1.42786e+06
mass 4827.85, q2 1.68416e+06
mass 4750.35, q2 1.09361e+06
mass 4144.99, q2 382177
mass 4863.35, q2 2.27625e+06
mass 4671.03, q2 6.21793e+06
mass 5086.37, q2 1.73476e+06
mass 4498.92, q2 1.90404e+06
mass 3685.66, q2 1.35731e+06
mass 5315.07, q2 5.81808e+06
mass 4510.51, q2 3.28344e+06
mass 5187.36, q2 1.11404e+06
mass 4490.85, q2 3.2374e+06
mass 3783.83, q2 3.01807e+06
mass 4643.36, q2 4.06155e+06
mass 5400.15, q2 1.02156e+06
mass 4744.68, q2 3.50349e+06
mass 4018.05, q2 1.74626e+06
mass 4268.33, q2 8.40363e+06
mass 4419.11, q2 2.05228e+06
mass 4156.54, q2 8.02073e+06
mass 4576.88, q2 304540
mass 3546.73, q2 7.30353e+06
mass 4906.03, q2 5.91386e+06
mass 4807.94, q2 942983
mass 4429.82, q2 2.04845e+06
mass 4962.05, q2 7.74853e+06
mass 3151.22, q2 2.56182e+06
mass 5001.53, q2 1.92536e+06
mass 4549.7, q2 1.82927e+06
mass 4276.02, q2 1.792e+06
mass 4101.48, q2 3.4504e+06
mass 4725.55, q2 2.27708e+06
mass 4336.2, q2 2.01822e+06
mass 4016.32, q2 2.64184e+06
mass 4864.93, q2 1.88499e+06
mass 4141.64, q2 4.00527e+06
mass 3892.22, q2 3.81835e+06
mass 5008.21, q2 1.42655e+06
mass 4423.8, q2 2.92207e+06
mass 5222.31, q2 3.01967e+06
mass 4952.41, q2 1.45335e+06
mass 4482.41, q2 877016
mass 3737.49, q2 2.56325e+06
mass 3875.68, q2 1.00496e+07
mass 4043.91, q2 580551
mass 4241.32, q2 7.93769e+06
mass 5173.21, q2 391743
mass 4443.46, q2 1.55786e+06
mass 4773.9, q2 2.65709e+06
mass 4686.77, q2 2.26296e+06
mass 4605.05, q2 1.554e+06
mass 4051.04, q2 1.31862e+06
mass 4171.15, q2 1.59566e+06
mass 4804.81, q2 1.32039e+06
mass 4485.46, q2 4.54818e+06
mass 4837.82, q2 910986
mass 4345.42, q2 1.44305e+06
mass 4880.36, q2 5.09415e+06
mass 4345.86, q2 2.39072e+06
mass 5060.06, q2 473535
mass 5256.11, q2 960524
mass 4903.34, q2 2.5148e+06
mass 4953.23, q2 3.69226e+06
mass 4642.27, q2 1.11759e+06
mass 4375.17, q2 1.7067e+06
mass 5263.96, q2 2.64401e+06
mass 4121.36, q2 2.05476e+06
mass 3738.31, q2 686774
mass 4280.44, q2 6.96044e+06
mass 4855.15, q2 2.95987e+06
mass 6082.21, q2 4.51069e+06
mass 4309.07, q2 1.45579e+06
mass 5022.04, q2 4.86718e+06
mass 4248.33, q2 5.82555e+06
mass 4557.63, q2 4.48867e+06
mass 5682.6, q2 2.15797e+06
mass 4683.4, q2 3.33658e+06
mass 4573.88, q2 2.22117e+06
mass 4498.25, q2 1.062e+06
mass 4793.6, q2 5.29458e+06
mass 4062, q2 847213
mass 3711.51, q2 917709
mass 3825.9, q2 2.33395e+06
mass 4444.3, q2 1.7249e+06
mass 5089.31, q2 1.16443e+06
mass 3982.05, q2 2.41916e+06
mass 4185.96, q2 5.88511e+06
mass 3823.76, q2 3.21428e+06
mass 4841.47, q2 185940
mass 4149.91, q2 7.44873e+06
mass 5083.73, q2 1.29751e+06
mass 4491.64, q2 660800
mass 4187.44, q2 7.249e+06
mass 4176.15, q2 3.20737e+06
mass 4051.85, q2 2.3422e+06
mass 4008.6, q2 1.90368e+06
mass 4130.18, q2 1.71792e+06
mass 4948.7, q2 2.07838e+06
mass 3552.96, q2 970200
mass 5544.77, q2 60854.8
mass 4435.22, q2 709049
mass 3540.35, q2 9.34047e+06
mass 4590.72, q2 489188
mass 3584.09, q2 3.63133e+06
mass 3805.62, q2 1.0302e+06
mass 3429.81, q2 8.69176e+06
mass 3311.29, q2 1.86004e+06
mass 4097.53, q2 558004
mass 5380.84, q2 608466
mass 5102.26, q2 2.12081e+06
mass 4612.54, q2 4.20444e+06
mass 4528.83, q2 2.08557e+06
mass 4582.8, q2 1.82989e+06
mass 3381.88, q2 2.26232e+06
mass 4279.87, q2 6.41004e+06
mass 4406.99, q2 3.7296e+06
mass 3554.08, q2 2.07578e+06
mass 4221.39, q2 1.58474e+06
mass 4225.84, q2 7.33084e+06
mass 4299.65, q2 3.07931e+06
mass 5233.72, q2 3.23966e+06
mass 4647.86, q2 1.06808e+06
mass 4689.91, q2 1.55884e+06
mass 4797.34, q2 4.94954e+06
mass 4265.01, q2 702762
mass 3653.62, q2 698814
mass 4487.78, q2 3.46331e+06
mass 4536.53, q2 6.43885e+06
mass 4279.05, q2 2.09513e+06
mass 4327.19, q2 1.36404e+06
mass 4996.22, q2 431401
mass 4698.85, q2 2.76391e+06
mass 4839.81, q2 8.16058e+06
mass 3843.44, q2 1.73426e+06
mass 3612.78, q2 6.73461e+06
mass 4691.83, q2 2.32597e+06
mass 4581.3, q2 926496
mass 4417.53, q2 1.78081e+06
mass 3666.69, q2 829758
mass 4719.14, q2 1.78213e+06
mass 4206.01, q2 4.36592e+06
mass 4764.27, q2 229534
mass 4619.01, q2 3.83195e+06
mass 5037.02, q2 1.0866e+06
mass 4812.23, q2 5.88431e+06
mass 4141.64, q2 879158
mass 4311.24, q2 691779
mass 6012.41, q2 210785
mass 3842.53, q2 6.21416e+06
mass 4308.36, q2 6.7806e+06
mass 4731.79, q2 6.46026e+06
mass 5588.2, q2 3.10515e+06
mass 5368.29, q2 2.0138e+06
mass 3871.04, q2 8.74315e+06
mass 3797.38, q2 6.12966e+06
mass 4745.42, q2 2.2056e+06
mass 4637.69, q2 738406
mass 4832, q2 4.37332e+06
mass 5311.24, q2 1.49549e+06
mass 3717.24, q2 3.73628e+06
mass 6463.43, q2 -3.52988e+06
mass 4135.07, q2 7.71743e+06
mass 4661.5, q2 229641
mass 4768.58, q2 1.18754e+06
mass 4358.45, q2 6.97006e+06
mass 4580.64, q2 2.77822e+06
mass 4452.51, q2 3.08827e+06
mass 3998.62, q2 1.89906e+06
mass 4616.89, q2 3.57909e+06
mass 4321.71, q2 2.93626e+06
mass 5028.41, q2 3.11365e+06
mass 4706.82, q2 1.79885e+06
mass 4291.18, q2 3.5764e+06
mass 3510.72, q2 2.16651e+06
mass 3932.6, q2 1.1835e+06
mass 3951.17, q2 7.14186e+06
mass 3505.32, q2 2.78167e+06
mass 4589.46, q2 1.20497e+06
mass 4435.33, q2 1.2831e+06
mass 4092.33, q2 6.3219e+06
mass 4494.59, q2 5.43668e+06
mass 4857.01, q2 2.56167e+06
mass 3725.04, q2 3.03192e+06
mass 4614.27, q2 2.24174e+06
mass 5141.68, q2 2.85258e+06
mass 3720.65, q2 1.88652e+06
mass 3568.9, q2 1.82072e+06
mass 4414.53, q2 1.27674e+06
mass 5008.38, q2 2.28165e+06
mass 5003.16, q2 2.05674e+06
mass 3423.31, q2 657962
mass 5329.57, q2 1.49448e+06
mass 4197.14, q2 173121
mass 4225.57, q2 2.7593e+06
mass 4362.67, q2 1.02658e+07
mass 3582.09, q2 849198
mass 5275.71, q2 1.78408e+06
mass 4376.08, q2 4.02474e+06
mass 5620.8, q2 -793517
mass 4773.39, q2 2.37112e+06
mass 4720.16, q2 3.76663e+06
mass 4783.41, q2 3.23032e+06
mass 4200.04, q2 7.87508e+06
mass 4793.36, q2 1.07088e+06
mass 4830.99, q2 1.25231e+06
mass 5169.89, q2 3.58174e+06
mass 4714.74, q2 2.21797e+06
mass 4491.28, q2 479754
mass 4598.25, q2 4.78811e+06
mass 5399.28, q2 2.29002e+06
mass 4910.06, q2 2.11851e+06
mass 5725.57, q2 -1.4145e+06
mass 4253.65, q2 4.43865e+06
mass 4032.05, q2 959300
mass 4397.64, q2 4.45715e+06
mass 4884.07, q2 4.95237e+06
mass 5030.37, q2 3.11654e+06
mass 4434.37, q2 3.03561e+06
mass 3660.65, q2 810286
mass 3535.45, q2 4.00575e+06
mass 3479.63, q2 2.38071e+06
mass 3409.17, q2 1.04243e+06
mass 4554.63, q2 2.39828e+06
mass 5087.36, q2 2.19228e+06
mass 4320.03, q2 3.67497e+06
mass 4597.73, q2 1.64973e+06
mass 4555.75, q2 1.31547e+06
mass 3776.45, q2 2.73755e+06
mass 3628.25, q2 1.63288e+06
mass 4075.97, q2 2.09036e+06
mass 4666.58, q2 3.5303e+06
mass 4248.09, q2 2.78081e+06
mass 4691.96, q2 250323
mass 3836.2, q2 1.44655e+06
mass 3230.57, q2 2.07497e+06
mass 3945.82, q2 6.29205e+06
mass 3907.43, q2 994450
mass 5654.27, q2 191434
mass 4777.09, q2 2.35568e+06
mass 4572.72, q2 3.74485e+06
mass 4927.17, q2 3.29266e+06
mass 4024.51, q2 1.37885e+06
mass 4010.05, q2 4.71644e+06
mass 4442.37, q2 1.89161e+06
mass 3894.44, q2 2.70492e+06
mass 5012.16, q2 8.3587e+06
mass 4475.84, q2 2.52123e+06
mass 4620.93, q2 1.0095e+06
mass 5389.35, q2 4.65322e+06
mass 3767.04, q2 3.60107e+06
mass 4228.81, q2 2.81455e+06
mass 4368.13, q2 1.28958e+06
mass 4012.95, q2 1.56405e+06
mass 4365.77, q2 309084
mass 4803.19, q2 1.08039e+06
mass 3587.17, q2 3.22972e+06
mass 4226.87, q2 5.83633e+06
mass 3728.27, q2 2.19941e+06
mass 4439.62, q2 2.00855e+06
mass 4791.85, q2 423121
mass 4109.5, q2 3.12814e+06
mass 3913.62, q2 749242
mass 4144.62, q2 2.37236e+06
mass 4737.84, q2 1.75311e+06
mass 3858.29, q2 9.20539e+06
mass 3511.27, q2 1.63044e+06
mass 5875.04, q2 5.5151e+06
mass 4370.01, q2 1.39602e+06
mass 4629.01, q2 2.88251e+06
mass 4456.11, q2 2.17447e+06
mass 4027.15, q2 1.22409e+06
mass 4505.13, q2 4.15973e+06
mass 4366.08, q2 3.4302e+06
mass 4943.23, q2 2.03438e+06
mass 4012.66, q2 1.68435e+06
mass 5742.85, q2 598027
mass 4573.51, q2 1.32895e+06
mass 4561.29, q2 2.79753e+06
mass 5149.1, q2 1.23766e+06
mass 5044.94, q2 3.47397e+06
mass 4041.22, q2 1.69344e+06
mass 5181.91, q2 8.5454e+06
mass 4281.01, q2 4.36485e+06
mass 4513.05, q2 5.39014e+06
mass 3506.96, q2 1.17026e+06
mass 3672.98, q2 2.17536e+06
mass 4554.8, q2 3.74701e+06
mass 3714.86, q2 1.53003e+06
mass 4793.57, q2 3.16556e+06
mass 4305.66, q2 1.22323e+06
mass 4647.57, q2 2.39377e+06
mass 4379.81, q2 814261
mass 5531.23, q2 8.78641e+06
mass 5189.9, q2 2.77286e+06
mass 4191.6, q2 9.64126e+06
mass 3411.32, q2 269367
mass 4858.41, q2 3.75891e+06
mass 4601.47, q2 1.85587e+06
mass 4476.57, q2 4.26059e+06
mass 4307.03, q2 2.12477e+06
mass 4365.76, q2 3.16413e+06
mass 4286.35, q2 6.33608e+06
mass 4253.42, q2 4.3526e+06
mass 4890.79, q2 2.95525e+06
mass 4300.45, q2 1.40787e+06
mass 3080.7, q2 2.68194e+06
mass 5560.8, q2 1.72844e+06
mass 5073.74, q2 1.78436e+06
mass 3834.57, q2 7.4621e+06
mass 4182.83, q2 1.11449e+06
mass 5094.08, q2 465592
mass 4205.13, q2 653980
mass 4156.72, q2 1.38438e+06
mass 4463.18, q2 2.24982e+06
mass 4750.53, q2 5.42096e+06
mass 4655.86, q2 1.94283e+06
mass 4672.74, q2 4.23533e+06
mass 4598.55, q2 4.02343e+06
mass 4342.09, q2 2.79159e+06
mass 4591, q2 4.09919e+06
mass 5760.39, q2 7.62579e+06
mass 4349.37, q2 2.6869e+06
mass 5014.67, q2 780103
mass 4729.57, q2 2.19108e+06
mass 3630.41, q2 1.85982e+06
mass 3470.7, q2 2.58499e+06
mass 5693.11, q2 1.46478e+06
mass 3455.45, q2 1.7615e+06
mass 3901.86, q2 1.23719e+06
mass 4558.28, q2 1.26665e+06
mass 4065.77, q2 4.51416e+06
mass 4338.56, q2 1.29325e+06
mass 4509.62, q2 5.22286e+06
mass 4292, q2 1.46247e+06
mass 4268.9, q2 6.20992e+06
mass 4361, q2 1.42047e+06
mass 4401.4, q2 1.69064e+06
mass 4568.91, q2 3.64726e+06
mass 4330.08, q2 6.06756e+06
mass 5151.82, q2 2.09677e+06
mass 4662.49, q2 2.16782e+06
mass 4620.48, q2 125958
mass 3715.18, q2 2.93371e+06
mass 4534.16, q2 3.66607e+06
mass 3694.08, q2 1.73047e+06
mass 3186.43, q2 581956
mass 5172.22, q2 1.86085e+06
mass 4985.25, q2 4.99982e+06
mass 3795.42, q2 4.46465e+06
mass 4119.13, q2 3.29378e+06
mass 4074.2, q2 671023
mass 3984.36, q2 8.07289e+06
mass 4287.89, q2 3.95616e+06
mass 3686.12, q2 2.65862e+06
mass 4852.64, q2 786867
mass 4468.99, q2 688060
mass 4183.67, q2 5.99866e+06
mass 5534.4, q2 -259479
mass 4641.65, q2 3.05951e+06
mass 4447.89, q2 6.32424e+06
mass 4798.8, q2 1.27943e+06
mass 4040.36, q2 5.64888e+06
mass 5488.97, q2 1.62825e+06
mass 3616.52, q2 2.59382e+06
mass 4444.99, q2 847104
mass 4422.39, q2 1.03532e+06
mass 5338.02, q2 2.2194e+06
mass 3738.47, q2 1.42651e+06
mass 3289.37, q2 3.50743e+06
mass 5598.39, q2 1.65363e+06
mass 5188.58, q2 964095
mass 4655.77, q2 4.85855e+06
mass 4759.79, q2 4.01157e+06
mass 4398.19, q2 8.32761e+06
mass 4815.92, q2 1.64941e+06
mass 3699.93, q2 1.02403e+06
mass 4022.47, q2 4.23374e+06
mass 4135.23, q2 3.20503e+06
mass 4566.96, q2 2.27164e+06
mass 4898.6, q2 2.35988e+06
mass 4857.26, q2 3.10758e+06
mass 3730.03, q2 2.12471e+06
mass 4679.02, q2 6.56973e+06
mass 5108.96, q2 2.45882e+06
mass 4940.34, q2 3.88133e+06
mass 4331.06, q2 2.26607e+06
mass 3211.56, q2 1.8253e+06
mass 4183.53, q2 2.44353e+06
mass 4571.1, q2 2.22244e+06
mass 3909.88, q2 1.93324e+06
mass 4800.03, q2 3.6489e+06
mass 4616.62, q2 359668
mass 4267.17, q2 2.85751e+06
mass 4408.26, q2 4.36885e+06
mass 4542.27, q2 4.52254e+06
mass 3385.02, q2 1.8059e+06
mass 4330.7, q2 5.7014e+06
mass 4382.86, q2 8.13348e+06
mass 4914.14, q2 3.5382e+06
mass 3393.81, q2 1.48234e+06
mass 3266.4, q2 1.6299e+06
mass 4443.62, q2 4.61445e+06
mass 4434.41, q2 3.4501e+06
mass 5103.52, q2 3.41009e+06
mass 4739.44, q2 3.90601e+06
mass 4189.97, q2 5.64478e+06
mass 3283.09, q2 1.08862e+06
mass 3874.25, q2 2.49504e+06
mass 3591.2, q2 602563
mass 5063.18, q2 242392
mass 4457.57, q2 2.38731e+06
mass 3502.12, q2 279156
mass 3830.22, q2 1.05024e+06
mass 4109.76, q2 6.49895e+06
mass 3300.2, q2 1.31273e+06
mass 4987.68, q2 4.29025e+06
mass 3586.52, q2 1.29739e+06
mass 4906.17, q2 1.29332e+06
mass 3732.94, q2 2.11462e+06
mass 3595.8, q2 1.98328e+06
mass 4883.46, q2 256673
mass 4122.53, q2 5.20957e+06
mass 5005.95, q2 3.79431e+06
mass 3629.65, q2 739295
mass 4834.26, q2 3.00337e+06
mass 5142.15, q2 1.40352e+06
mass 3579.15, q2 3.46157e+06
mass 4326.91, q2 2.94003e+06
mass 4211.34, q2 1.84205e+06
mass 4253.23, q2 2.24298e+06
mass 4402.97, q2 9.7873e+06
mass 4409.54, q2 1.08762e+06
mass 5260.25, q2 7.13874e+06
mass 4802.55, q2 6.0641e+06
mass 4060.33, q2 1.2901e+06
mass 3720.96, q2 939976
mass 4750.35, q2 250885
mass 3829.35, q2 522580
mass 5129, q2 774505
mass 4134.82, q2 1.07465e+06
mass 5593.39, q2 -195113
mass 4431.73, q2 2.07903e+06
mass 4609.94, q2 952275
mass 3560.56, q2 2.27748e+06
mass 4690.11, q2 1.49393e+06
mass 4612.66, q2 1.38341e+06
mass 4678.01, q2 1.52735e+06
mass 4739.77, q2 2.48489e+06
mass 4279.54, q2 2.39509e+06
mass 3689.02, q2 5.68928e+06
mass 4686.41, q2 2.92902e+06
mass 4219.83, q2 923295
mass 3444.15, q2 2.77996e+06
mass 4535.55, q2 1.27193e+06
mass 4517.2, q2 4.58979e+06
mass 3984.97, q2 8.69781e+06
mass 4348.98, q2 2.15121e+06
mass 4338.17, q2 3.37899e+06
mass 4762.55, q2 1.51871e+06
mass 3701.76, q2 2.77164e+06
mass 4722.71, q2 4.35933e+06
mass 5064.94, q2 199004
mass 4474.71, q2 2.81651e+06
mass 4666.11, q2 868763
mass 4946.84, q2 2.18653e+06
mass 4458.76, q2 7.14968e+06
mass 3593.84, q2 1.59363e+06
mass 3750.25, q2 914132
mass 4551.08, q2 6.24343e+06
mass 3617.2, q2 3.02699e+06
mass 5620.82, q2 1.79627e+06
mass 4123.47, q2 6.65283e+06
mass 3924.61, q2 2.56106e+06
mass 4262.16, q2 7.75775e+06
mass 4278.34, q2 6.28359e+06
mass 5780.4, q2 -1.25351e+06
mass 4150.34, q2 2.54018e+06
mass 4339.82, q2 2.51809e+06
mass 3829.65, q2 6.62752e+06
mass 3166.98, q2 8.06285e+06
mass 4128.52, q2 2.24599e+06
mass 3351.62, q2 2.33351e+06
mass 4193.61, q2 2.64393e+06
mass 4804.4, q2 510602
mass 3149.7, q2 8.07172e+06
mass 4451.8, q2 789328
mass 3911.12, q2 3.59468e+06
mass 4410.07, q2 1.24711e+06
mass 5478.48, q2 142426
mass 4378.48, q2 1.20523e+06
mass 5006.38, q2 1.07955e+06
mass 3810.01, q2 6.24954e+06
mass 4924.39, q2 3.23178e+06
mass 4676.39, q2 9.27604e+06
mass 3591.93, q2 1.01621e+07
mass 3787.99, q2 2.68796e+06
mass 4291.35, q2 4.4148e+06
mass 3510.56, q2 2.30477e+06
mass 4767.83, q2 770270
mass 4457.36, q2 3.6486e+06
mass 4146.58, q2 4.67014e+06
mass 3203.62, q2 1.60809e+06
mass 4809.7, q2 2.46245e+06
mass 4469.15, q2 3.78194e+06
mass 5262.69, q2 583369
mass 3329.01, q2 1.41505e+06
mass 4479.57, q2 4.79876e+06
mass 4905.03, q2 4.77657e+06
mass 3295.7, q2 4.29099e+06
mass 4332.07, q2 9.50475e+06
mass 6104.26, q2 2.42607e+06
mass 3803.09, q2 1.08334e+06
mass 4407.19, q2 1.25295e+06
mass 3649.55, q2 2.80454e+06
mass 5260.73, q2 1.88865e+06
mass 4243.71, q2 3.13048e+06
mass 4247.56, q2 957026
mass 3774.34, q2 3.16676e+06
mass 4152.04, q2 2.70508e+06
mass 4090.28, q2 1.86882e+06
mass 4455.03, q2 5.17482e+06
mass 3947.47, q2 1.54066e+06
mass 4307.42, q2 3.3613e+06
mass 4376.19, q2 623456
mass 4363.95, q2 6.6455e+06
mass 4563.6, q2 3.5811e+06
mass 5245.41, q2 2.97308e+06
mass 7459.53, q2 -3.58458e+06
mass 4550.32, q2 1.00803e+06
mass 3539.13, q2 1.31956e+06
mass 4013.92, q2 1.34252e+06
mass 4655.29, q2 2.7431e+06
mass 4362.32, q2 4.10014e+06
mass 4733.28, q2 975968
mass 4321.03, q2 3.99578e+06
mass 4065.55, q2 8.20509e+06
mass 5453.35, q2 703293
mass 5384.4, q2 2.67976e+06
mass 3469.96, q2 243673
mass 4522.75, q2 1.90169e+06
mass 4596.12, q2 4.62707e+06
mass 4514.12, q2 2.81213e+06
mass 3940.33, q2 7.00101e+06
mass 4383.76, q2 5.67446e+06
mass 4563.61, q2 5.24371e+06
mass 4545.35, q2 4.47175e+06
mass 4944.84, q2 432230
mass 4109.33, q2 5.99249e+06
mass 4789.13, q2 784154
mass 5057.22, q2 675211
mass 4208.14, q2 1.18249e+06
mass 4809.57, q2 1.68295e+06
mass 4802.16, q2 1.78315e+06
mass 5667.5, q2 327607
mass 5107.37, q2 3.27417e+06
mass 4639.04, q2 4.12673e+06
mass 4718.58, q2 1.88426e+06
mass 5390.46, q2 4.0155e+06
mass 4429.35, q2 7.08009e+06
mass 4050.34, q2 3.5567e+06
mass 4057.9, q2 4.43087e+06
mass 4457.6, q2 1.59945e+06
mass 3160.65, q2 2.59199e+06
mass 3762.85, q2 8.71428e+06
mass 3593.35, q2 8.8097e+06
mass 3974.92, q2 9.39019e+06
mass 4614.45, q2 7.8778e+06
mass 4054.49, q2 1.98406e+06
mass 4104.68, q2 1.18806e+06
mass 3114.4, q2 2.9257e+06
mass 5003.58, q2 3.22552e+06
mass 4545.95, q2 577421
mass 4487.9, q2 1.67178e+06
mass 4043.55, q2 2.64888e+06
mass 6393.5, q2 -1.52194e+06
mass 4376.17, q2 1.26091e+06
mass 3653.6, q2 2.31406e+06
mass 4247.05, q2 949754
mass 4758.03, q2 258718
mass 4035.14, q2 5.3988e+06
mass 4726.13, q2 2.98928e+06
mass 4900.43, q2 1.19246e+06
mass 4289, q2 700651
mass 3657.41, q2 1.88673e+06
mass 4583.96, q2 6.24741e+06
mass 4391.71, q2 576252
mass 4676.21, q2 4.11596e+06
mass 4230.44, q2 1.44695e+06
mass 3474.89, q2 2.46358e+06
mass 4256.44, q2 2.48991e+06
mass 4047.45, q2 743164
mass 4529.54, q2 2.80502e+06
mass 6770.49, q2 -3.37636e+06
mass 3719.96, q2 1.82642e+06
mass 5868.7, q2 -755515
mass 4102.12, q2 2.07763e+06
mass 4063.66, q2 1.29697e+06
mass 4447.39, q2 9.38998e+06
mass 4690.91, q2 4.96984e+06
mass 5050.1, q2 730124
mass 5392.74, q2 777977
mass 4766.56, q2 1.39656e+06
mass 4581.78, q2 4.57304e+06
mass 4747.98, q2 5.33207e+06
mass 3667.17, q2 1.68086e+06
mass 4690.9, q2 422361
mass 3712.68, q2 2.33421e+06
mass 3779.71, q2 2.10011e+06
mass 4651.09, q2 1.77369e+06
mass 4868.62, q2 660797
mass 4858.45, q2 2.3019e+06
mass 5162.25, q2 3.17665e+06
mass 4615.19, q2 1.18087e+06
mass 4728.55, q2 631404
mass 3962.66, q2 2.5401e+06
mass 4817.55, q2 2.21352e+06
mass 4406.37, q2 3.03735e+06
mass 4125.14, q2 3.14119e+06
mass 4627.41, q2 5.78997e+06
mass 4468.37, q2 1.37491e+06
mass 3803.66, q2 4.22999e+06
mass 5060.84, q2 1.38658e+06
mass 4307, q2 1.68961e+06
mass 4331.91, q2 6.65135e+06
mass 5240.43, q2 574453
mass 4158.39, q2 9.60893e+06
mass 3752.19, q2 6.96049e+06
mass 6607.17, q2 -315590
mass 5242, q2 3.62904e+06
mass 3608.89, q2 1.78307e+06
mass 4867.02, q2 2.59377e+06
mass 3581.94, q2 1.94439e+06
mass 4432.78, q2 936509
mass 3563.8, q2 4.00084e+06
mass 3882.14, q2 1.26208e+06
mass 3432.58, q2 1.34539e+06
mass 4082.61, q2 4.79007e+06
mass 4884.99, q2 636960
mass 3809.99, q2 3.36743e+06
mass 4454.47, q2 1.29963e+06
mass 3193.41, q2 1.59762e+06
mass 4867.72, q2 723312
mass 4374.72, q2 3.88647e+06
mass 5138.15, q2 2.79628e+06
mass 4377.34, q2 3.53183e+06
mass 7945.08, q2 -6.4911e+06
mass 3960.87, q2 4.28944e+06
mass 4568.38, q2 5.7748e+06
mass 3189.71, q2 2.1801e+06
mass 4825.39, q2 1.24088e+06
mass 3892.48, q2 3.53154e+06
mass 6073.5, q2 782691
mass 4203.23, q2 1.70809e+06
mass 4569.55, q2 76560.8
mass 4867.12, q2 2.09822e+06
mass 4313.01, q2 823812
mass 4681.61, q2 1.0132e+06
mass 4840.57, q2 1.97659e+06
mass 4186.7, q2 109604
mass 5378.32, q2 2.10961e+06
mass 3216.57, q2 1.06101e+06
mass 5028.89, q2 5.41486e+06
mass 3940.04, q2 4.73508e+06
mass 4815.5, q2 551981
mass 4192.15, q2 4.07622e+06
mass 4666.69, q2 1.81776e+06
mass 5700.8, q2 1.48912e+06
mass 4414.55, q2 1.90772e+06
mass 3785.97, q2 2.76286e+06
mass 4492.63, q2 2.20454e+06
mass 4546.03, q2 3.30441e+06
mass 4665.63, q2 564058
mass 3807.35, q2 1.00268e+07
mass 4546.01, q2 3.83804e+06
mass 4244.84, q2 6.48222e+06
mass 4554.41, q2 4.06394e+06
mass 5079.73, q2 645029
mass 4123.3, q2 1.57298e+06
mass 4244.86, q2 2.28474e+06
mass 4450, q2 3.05969e+06
mass 3898.7, q2 6.12662e+06
mass 4550.04, q2 1.84468e+06
mass 3648.4, q2 1.47607e+06
mass 3845.74, q2 9.50029e+06
mass 5283.4, q2 525174
mass 4161.71, q2 1.54635e+06
mass 4743.16, q2 3.90341e+06
mass 5418.11, q2 1.23816e+06
mass 4058.78, q2 7.1512e+06
mass 4403.19, q2 2.10064e+06
mass 4127.59, q2 3.81638e+06
mass 4736.1, q2 5.18665e+06
mass 3239.58, q2 1.86897e+06
mass 3525.49, q2 2.31187e+06
mass 4575.37, q2 5.17856e+06
mass 4101.82, q2 1.08571e+06
mass 4868.06, q2 570428
mass 3850.42, q2 1.27251e+06
mass 3221.69, q2 1.61686e+06
mass 5015.11, q2 747767
mass 4408.25, q2 3.7385e+06
mass 3339.91, q2 1.45359e+06
mass 3776.31, q2 949387
mass 3560.34, q2 2.81411e+06
mass 4709.89, q2 5.86987e+06
mass 4101.25, q2 1.53353e+06
mass 3404.36, q2 2.12786e+06
mass 4313.78, q2 2.52524e+06
mass 3829.04, q2 9.03466e+06
mass 5400.23, q2 596918
mass 3840.62, q2 61406
mass 4679.61, q2 657169
mass 3688.48, q2 2.22502e+06
mass 4594.9, q2 5.96266e+06
mass 3561.34, q2 3.98823e+06
mass 4256.73, q2 1.80129e+06
mass 4137.97, q2 4.80922e+06
mass 4208.06, q2 2.77937e+06
mass 3601.54, q2 4.03728e+06
mass 3703.62, q2 3.21114e+06
mass 4432.44, q2 2.2859e+06
mass 4423.06, q2 1.82641e+06
mass 4395.87, q2 4.06427e+06
mass 3728.68, q2 1.50311e+06
mass 4852.16, q2 942434
mass 4828.47, q2 4.46921e+06
mass 4462.15, q2 219251
mass 4195.35, q2 6.08634e+06
mass 4258.95, q2 6.71076e+06
mass 3766.14, q2 2.86633e+06
mass 3578.46, q2 1.52605e+06
mass 3331.09, q2 2.03031e+06
mass 3543.82, q2 1.55552e+06
mass 3548.65, q2 7.81396e+06
mass 4773.15, q2 3.14919e+06
mass 3932.21, q2 4.55179e+06
mass 3762.68, q2 6.17641e+06
mass 3663.07, q2 5.04821e+06
mass 4651.14, q2 1.90826e+06
mass 5105.38, q2 3.12735e+06
mass 4681.92, q2 603453
mass 5031.08, q2 4.61327e+06
mass 5128.67, q2 3.25289e+06
mass 3967.19, q2 2.24106e+06
mass 3515.26, q2 1.09645e+06
mass 6165.84, q2 3.90402e+06
mass 3557.14, q2 2.00393e+06
mass 3938.06, q2 7.78176e+06
mass 3846.99, q2 5.99447e+06
mass 3557.16, q2 2.00431e+06
mass 4461.95, q2 5.77754e+06
mass 4529.04, q2 4.40374e+06
mass 4740.72, q2 3.14744e+06
mass 4000.83, q2 2.06684e+06
mass 3825.04, q2 8.33872e+06
mass 3487.41, q2 2.22919e+06
mass 4061.93, q2 1.16526e+06
mass 4757.05, q2 1.255e+06
mass 3349.45, q2 965724
mass 3499.89, q2 1.22917e+06
mass 3978.31, q2 2.63773e+06
mass 4786.76, q2 3.7353e+06
mass 4404.67, q2 1.28756e+06
mass 4741.55, q2 1.12284e+06
mass 4008.62, q2 3.83743e+06
mass 4272.38, q2 2.09469e+06
mass 3224.16, q2 1.37184e+06
mass 3416.12, q2 2.53286e+06
mass 4934.99, q2 8.12986e+06
mass 4998.15, q2 746539
mass 4203.48, q2 512589
mass 3812.06, q2 3.16228e+06
mass 4474.43, q2 911768
mass 5360.39, q2 1.72389e+06
mass 4016.94, q2 893988
mass 4306.63, q2 4.05992e+06
mass 4894.98, q2 713360
mass 3829.46, q2 5.44931e+06
mass 3653.93, q2 1.43103e+06
mass 4687.2, q2 5.73542e+06
mass 3738.93, q2 2.6349e+06
mass 4093.22, q2 669394
mass 3797.48, q2 2.53813e+06
mass 3305.17, q2 7.90802e+06
mass 4545.7, q2 3.47593e+06
mass 4136.97, q2 3.29649e+06
mass 4215.67, q2 3.31935e+06
mass 4195.47, q2 4.54637e+06
mass 4669.65, q2 3.63344e+06
mass 3157.07, q2 797100
mass 5975.32, q2 -1.63414e+06
mass 4767.8, q2 6.41108e+06
mass 4679.53, q2 3.99696e+06
mass 6247.47, q2 -3.91949e+06
mass 3232.2, q2 3.0918e+06
mass 4157.91, q2 594451
mass 3749.24, q2 734988
mass 4039.58, q2 1.78917e+06
mass 4456.91, q2 1.35923e+06
mass 3464.67, q2 1.30393e+06
mass 4595.07, q2 1.12893e+06
mass 4353.24, q2 2.39269e+06
mass 4506.78, q2 1.11054e+06
mass 4035.67, q2 2.65415e+06
mass 4466.72, q2 2.44055e+06
mass 4587, q2 2.0146e+06
mass 4679.18, q2 2.01458e+06
mass 5045.49, q2 3.57116e+06
mass 4128.05, q2 585390
mass 4873.21, q2 2.3521e+06
mass 3949.15, q2 4.95586e+06
mass 4133.09, q2 2.45772e+06
mass 4340.76, q2 4.61754e+06
mass 3518.79, q2 1.0879e+06
mass 4844.69, q2 3.24948e+06
mass 3625.83, q2 1.10157e+06
mass 4068.9, q2 9.28982e+06
mass 4569.01, q2 1.7612e+06
mass 4644.03, q2 2.82632e+06
mass 4510.33, q2 5.15183e+06
mass 4595.93, q2 1.06304e+06
mass 4445.13, q2 2.45483e+06
mass 4325.24, q2 6.00292e+06
mass 5874.42, q2 343981
mass 3809.17, q2 1.61962e+06
mass 5015.37, q2 4.66103e+06
mass 4571.4, q2 2.75885e+06
mass 4954.04, q2 5.55198e+06
mass 4713.19, q2 3.99342e+06
mass 5053.76, q2 2.78566e+06
mass 4679.6, q2 3.85543e+06
mass 4516.81, q2 1.51496e+06
mass 4838.88, q2 4.70424e+06
mass 4632.59, q2 978675
mass 7248.16, q2 -699467
mass 4334.65, q2 3.3177e+06
mass 4636.25, q2 1.08103e+06
mass 4400.23, q2 6.02866e+06
mass 5291.68, q2 2.7817e+06
mass 3991.34, q2 1.16267e+06
mass 4560.41, q2 93287.5
mass 3910.11, q2 1.89962e+06
mass 4065.78, q2 9.62826e+06
mass 5190.05, q2 2.29833e+06
mass 4482.31, q2 1.74048e+06
mass 5200.66, q2 756626
mass 3926.92, q2 1.38623e+06
mass 5619.17, q2 -815626
mass 4036.53, q2 7.53407e+06
mass 3907.54, q2 4.71601e+06
mass 4588.84, q2 5.97995e+06
mass 4413.17, q2 883442
mass 4345.76, q2 4.6202e+06
mass 3514.02, q2 8.52534e+06
mass 5144.1, q2 1.53949e+06
mass 4838.88, q2 4.88259e+06
mass 4116.23, q2 2.685e+06
mass 4470.4, q2 1.75653e+06
mass 5357.87, q2 1.1874e+06
mass 3872.78, q2 8.23555e+06
mass 3459.85, q2 1.12978e+06
mass 3847.27, q2 8.3518e+06
mass 3151.93, q2 1.9247e+06
mass 4205.94, q2 2.65713e+06
mass 4326.33, q2 5.00124e+06
mass 4546.55, q2 6.0956e+06
mass 4997.97, q2 927484
mass 5261, q2 2.15308e+06
mass 4210.86, q2 4.17119e+06
mass 3367.4, q2 8.27595e+06
mass 4557.75, q2 4.22591e+06
mass 4003.98, q2 2.07236e+06
mass 4251.85, q2 1.95907e+06
mass 3758.98, q2 1.14962e+06
mass 4894.69, q2 2.30006e+06
mass 3244, q2 2.37074e+06
mass 4577.91, q2 2.86818e+06
mass 4462.2, q2 7.44117e+06
mass 4343.64, q2 3.99998e+06
mass 4690.78, q2 2.57975e+06
mass 4858.77, q2 3.19619e+06
mass 4586.17, q2 5.54337e+06
mass 4617.87, q2 3.36688e+06
mass 4524.79, q2 1.28248e+06
mass 3403.49, q2 1.38631e+06
mass 4107.35, q2 3.60212e+06
mass 3930.12, q2 980329
mass 3643.94, q2 1.53466e+06
mass 4462.43, q2 2.56066e+06
mass 4500.36, q2 55610.6
mass 4840.35, q2 5.24451e+06
mass 4904.81, q2 947314
mass 5030.98, q2 1.5202e+06
mass 8090.6, q2 -1.5e+07
mass 4473.4, q2 3.53198e+06
mass 3428.16, q2 6.05692e+06
mass 4101.06, q2 3.65274e+06
mass 4394.39, q2 5.01152e+06
mass 4440.1, q2 4.67068e+06
mass 3825.21, q2 3.155e+06
mass 3618.26, q2 2.54588e+06
mass 4228.11, q2 3.52148e+06
mass 3806.02, q2 8.32144e+06
mass 5454.73, q2 51309.4
mass 4598.19, q2 879211
mass 4383.08, q2 7.42763e+06
mass 4731.81, q2 1.32411e+06
mass 4359.75, q2 2.13222e+06
mass 4127.5, q2 195498
mass 6062.74, q2 104852
mass 5248.27, q2 2.16817e+06
mass 4340.91, q2 886761
mass 3760.68, q2 7.08218e+06
mass 4110.01, q2 1.53941e+06
mass 4582.06, q2 3.58766e+06
mass 4602.13, q2 784809
mass 4435.77, q2 3.24702e+06
mass 4650.82, q2 3.22718e+06
mass 4340.56, q2 925932
mass 5083.16, q2 1.88936e+06
mass 5267.5, q2 2.79778e+06
mass 4849.6, q2 3.95909e+06
mass 4480.81, q2 5.37344e+06
mass 3224.94, q2 1.62386e+06
mass 5044.6, q2 2.98471e+06
mass 4521.82, q2 6.9632e+06
mass 5208.43, q2 1.14314e+06
mass 3469.26, q2 2.61743e+06
mass 4586.61, q2 1.2162e+06
mass 4612.48, q2 1.37743e+06
mass 4403.97, q2 3.11575e+06
mass 3227.37, q2 7.524e+06
mass 3551.98, q2 1.64006e+06
mass 4679.32, q2 3.29272e+06
mass 4647.02, q2 2.72997e+06
mass 4170.85, q2 1.88249e+06
mass 3656.66, q2 671011
mass 4576.82, q2 1.0031e+06
mass 3655.31, q2 8.16376e+06
mass 3997.34, q2 1.19464e+06
mass 4159.98, q2 3.17415e+06
mass 4483.41, q2 2.35879e+06
mass 4018.34, q2 2.71465e+06
mass 4748.63, q2 1.58091e+06
mass 4946.59, q2 811500
mass 4020.62, q2 2.84376e+06
mass 3649.29, q2 1.67453e+06
mass 4422.13, q2 2.85271e+06
mass 3359.15, q2 1.92333e+06
mass 4272.82, q2 1.09928e+06
mass 3847.76, q2 2.4345e+06
mass 3716.59, q2 1.80252e+06
mass 3254.42, q2 849544
mass 3221.42, q2 2.09909e+06
mass 3615.57, q2 1.04923e+06
mass 4637.15, q2 596973
mass 4410.76, q2 4.682e+06
mass 4059.21, q2 1.69846e+06
mass 4631.25, q2 2.82534e+06
mass 3725.67, q2 3.12461e+06
mass 4715.19, q2 1.28825e+06
mass 4745.29, q2 2.12302e+06
mass 5271.97, q2 7.13144e+06
mass 4709.47, q2 2.13357e+06
mass 5191.29, q2 2.6572e+06
mass 5995.48, q2 1.99988e+06
mass 4592.82, q2 6.17063e+06
mass 3714.77, q2 1.1693e+06
mass 3855, q2 6.20331e+06
mass 4382.24, q2 2.73963e+06
mass 4506.9, q2 992557
mass 4647.32, q2 280068
mass 4225.16, q2 1.01111e+07
mass 5005.68, q2 2.60577e+06
mass 6284.5, q2 820655
mass 4360.47, q2 2.54339e+06
mass 4618.75, q2 3.0409e+06
mass 4441.87, q2 972199
mass 4115.13, q2 712968
mass 3968.49, q2 453860
mass 3780.21, q2 5.42252e+06
mass 5025.63, q2 1.3646e+06
mass 5354.49, q2 1.48385e+06
mass 4717.54, q2 3.23192e+06
mass 4018.03, q2 609373
mass 5598.82, q2 -447912
mass 3894.72, q2 1.56156e+06
mass 3405.52, q2 3.02038e+06
mass 4882.59, q2 189406
mass 3831.02, q2 3.29495e+06
mass 4574.2, q2 1.30135e+06
mass 4335.75, q2 785906
mass 4316.16, q2 2.96978e+06
mass 3867.32, q2 2.93282e+06
mass 4193.56, q2 1.05446e+06
mass 4507.61, q2 857492
mass 3145.1, q2 1.11497e+06
mass 4057.66, q2 2.24529e+06
mass 3896.86, q2 8.94764e+06
mass 3099.12, q2 2.80283e+06
mass 4549.04, q2 3.62309e+06
mass 4397.49, q2 1.60078e+06
mass 5262.87, q2 3.26466e+06
mass 4116.72, q2 6.65435e+06
mass 4407.8, q2 858535
mass 5471.6, q2 -4950.95
mass 4712.11, q2 3.64806e+06
mass 4476.62, q2 2.75751e+06
mass 5320.99, q2 263515
mass 4460.13, q2 7.66065e+06
mass 4107.36, q2 2.07732e+06
mass 3569.65, q2 2.5611e+06
mass 5143.42, q2 1.94129e+06
mass 4367.94, q2 1.13493e+06
mass 4146.22, q2 4.04526e+06
mass 4441.46, q2 4.75342e+06
mass 6231.81, q2 -1.91651e+06
mass 3767.94, q2 3.11301e+06
mass 3089.45, q2 2.96915e+06
mass 5017.83, q2 4.88868e+06
mass 5764.68, q2 -1.27677e+06
mass 4502.6, q2 946202
mass 4900.75, q2 1.38183e+06
mass 4002.4, q2 3.40502e+06
mass 4582.65, q2 1.34223e+06
mass 4605.18, q2 2.18086e+06
mass 4544.13, q2 1.67056e+06
mass 4686.15, q2 5.16442e+06
mass 5789.45, q2 -577798
mass 5080.16, q2 1.55192e+06
mass 4396.19, q2 2.98362e+06
mass 4334.82, q2 1.02589e+07
mass 4973.61, q2 1.83209e+06
mass 6023.62, q2 618352
mass 3685.56, q2 1.53661e+06
mass 4126.65, q2 1.5568e+06
mass 3897.97, q2 1.57892e+06
mass 3977.67, q2 3.87792e+06
mass 5019.26, q2 2.79874e+06
mass 3314.62, q2 872578
mass 5247.96, q2 1.12413e+06
mass 4782.64, q2 4.77722e+06
mass 4796.56, q2 2.90174e+06
mass 4206.98, q2 2.00848e+06
mass 4755.38, q2 2.04183e+06
mass 4951.31, q2 696533
mass 6499.24, q2 -4.04681e+06
mass 4220.39, q2 2.35077e+06
mass 4157.31, q2 762233
mass 4112.37, q2 2.89695e+06
mass 5094.13, q2 1.94499e+06
mass 4153.39, q2 2.988e+06
mass 3728.82, q2 7.13014e+06
mass 4686.98, q2 760590
mass 4657.31, q2 1.79672e+06
mass 4588.61, q2 4.29551e+06
mass 4308.92, q2 3.60607e+06
mass 5206.78, q2 1.13478e+06
mass 3315.65, q2 2.72565e+06
mass 4374.7, q2 8.23496e+06
mass 4595.4, q2 4.13309e+06
mass 4298.23, q2 1.7189e+06
mass 4706.92, q2 1.28678e+06
mass 4219.51, q2 3.96915e+06
mass 4288.43, q2 1.55131e+06
mass 4572.97, q2 1.56839e+06
mass 5316.48, q2 2.32354e+06
mass 4550.86, q2 247062
mass 4370.85, q2 914955
mass 4280.22, q2 1.09161e+06
mass 4566.59, q2 5.20132e+06
mass 4359.06, q2 1.31714e+06
mass 4109.02, q2 1.28794e+06
mass 4577.34, q2 2.68659e+06
mass 4068.52, q2 3.56024e+06
mass 5356.05, q2 3.01395e+06
mass 4459.02, q2 4.35533e+06
mass 4418, q2 2.39201e+06
mass 3970.19, q2 2.78498e+06
mass 4226.95, q2 9.64492e+06
mass 4090.99, q2 2.75858e+06
mass 4397.43, q2 4.97612e+06
mass 3849.46, q2 6.43761e+06
mass 3422.38, q2 2.46689e+06
mass 4791.4, q2 2.16703e+06
mass 4382.68, q2 990782
mass 4690.49, q2 2.60908e+06
mass 4026.68, q2 2.46706e+06
mass 4315.53, q2 4.19474e+06
mass 3999.67, q2 6.55417e+06
mass 4387.77, q2 1.03622e+07
mass 4481.79, q2 560624
mass 3871.4, q2 1.99309e+06
mass 4169.89, q2 368115
mass 3895.53, q2 1.15711e+06
mass 3602.79, q2 1.2855e+06
mass 3784.29, q2 7.02158e+06
mass 4393.08, q2 3.2324e+06
mass 3668.51, q2 652496
mass 5341.69, q2 697789
mass 4114.52, q2 3.14216e+06
mass 5529.45, q2 1.90954e+06
mass 5042.25, q2 101316
mass 4594.04, q2 5.40158e+06
mass 4488.95, q2 1.7341e+06
mass 5015.51, q2 3.41508e+06
mass 3647.8, q2 1.17241e+06
mass 4114.17, q2 3.20663e+06
mass 4672.49, q2 2.65519e+06
mass 4511.94, q2 3.27633e+06
mass 4758.23, q2 1.48704e+06
mass 3802.01, q2 8.03988e+06
mass 5184.87, q2 1.80945e+06
mass 4391.35, q2 3.52844e+06
mass 4496.34, q2 4.5885e+06
mass 4548.21, q2 3.85162e+06
mass 4463.43, q2 8.22617e+06
mass 4318.8, q2 678260
mass 4980.17, q2 8.11755e+06
mass 3927.48, q2 8.99294e+06
mass 3972.97, q2 2.51645e+06
mass 3204.77, q2 8.33105e+06
mass 4774.21, q2 5.11523e+06
mass 4788.35, q2 1.62223e+06
mass 3265.81, q2 1.90864e+06
mass 4850.13, q2 3.07213e+06
mass 3779.05, q2 1.63276e+06
mass 4932.13, q2 5.87027e+06
mass 4147.57, q2 3.92178e+06
mass 4827.78, q2 3.33418e+06
mass 4455.2, q2 3.0515e+06
mass 3242.41, q2 2.52065e+06
mass 4233.08, q2 1.36846e+06
mass 4503.14, q2 3.52967e+06
mass 5121.8, q2 1.90259e+06
mass 5173.1, q2 2.92807e+06
mass 4370.59, q2 2.51593e+06
mass 3846.59, q2 250343
mass 4485.92, q2 7.13265e+06
mass 4352.2, q2 1.2583e+06
mass 4724.03, q2 3.88813e+06
mass 4873.82, q2 3.04147e+06
mass 4696.64, q2 680445
mass 4826.2, q2 938987
mass 3341.91, q2 1.47857e+06
mass 3498.49, q2 1.84392e+06
mass 3870.64, q2 3.8139e+06
mass 3622.41, q2 1.49629e+06
mass 4757.46, q2 4.56598e+06
mass 4202.15, q2 4.89604e+06
mass 4449.36, q2 109551
mass 3097.81, q2 1.5082e+06
mass 4270.62, q2 1.38122e+06
mass 3325.17, q2 1.31492e+06
mass 4785, q2 6.51088e+06
mass 4865.36, q2 9.49055e+06
mass 3651.21, q2 2.37494e+06
mass 4431.89, q2 5.29883e+06
mass 4938.91, q2 1.91942e+06
mass 4762.19, q2 1.57019e+06
mass 4080.54, q2 4.44624e+06
mass 5032.33, q2 956222
mass 4411.25, q2 524590
mass 3488.08, q2 2.04938e+06
mass 4124.03, q2 3.05791e+06
mass 4421.67, q2 3.85617e+06
mass 4141.74, q2 2.33476e+06
mass 4205.79, q2 481700
mass 4384.66, q2 3.63691e+06
mass 4828.64, q2 4.31838e+06
mass 3608.63, q2 2.76292e+06
mass 5002.51, q2 5.09787e+06
mass 4060.24, q2 1.45362e+06
mass 3603, q2 9.03175e+06
mass 5692.37, q2 1.21376e+06
mass 3724.12, q2 1.60296e+06
mass 3986.37, q2 2.51819e+06
mass 4799.58, q2 2.91698e+06
mass 3324.27, q2 8.91782e+06
mass 3628.83, q2 1.67876e+06
mass 4550.41, q2 3.74326e+06
mass 3781.47, q2 377694
mass 3850.61, q2 285214
mass 4554.93, q2 2.23865e+06
mass 4236.6, q2 1.40707e+06
mass 3808.15, q2 2.71532e+06
mass 3833.24, q2 2.19483e+06
mass 4970.96, q2 7.18978e+06
mass 4825.17, q2 2.05673e+06
mass 5537.58, q2 1.08613e+06
mass 4773.82, q2 4.25726e+06
mass 3907.19, q2 560583
mass 3713.94, q2 1.07695e+06
mass 4917.63, q2 1.32668e+06
mass 4273.96, q2 899294
mass 4815.37, q2 486607
mass 3358.6, q2 7.70258e+06
mass 4359.44, q2 668154
mass 4318.39, q2 984293
mass 3782.58, q2 2.1534e+06
mass 4974.99, q2 1.68746e+06
mass 3467.24, q2 1.95677e+06
mass 4877.37, q2 4.79425e+06
mass 5914.26, q2 -2.24868e+06
mass 4739.09, q2 1.03454e+06
mass 4934.94, q2 3.05922e+06
mass 5072.5, q2 1.28863e+06
mass 4001.33, q2 3.47657e+06
mass 5194.2, q2 5.84639e+06
mass 3975.42, q2 3.73448e+06
mass 4841.02, q2 1.86902e+06
mass 4817.48, q2 1.48666e+06
mass 3569.97, q2 1.74862e+06
mass 3457.37, q2 8.12276e+06
mass 5449.17, q2 762492
mass 3865.08, q2 3.20819e+06
mass 4781.18, q2 1.29937e+06
mass 4432.14, q2 3.83351e+06
mass 4205.54, q2 1.55366e+06
mass 4650.49, q2 3.43099e+06
mass 3857.22, q2 1.547e+06
mass 4534.61, q2 1.8865e+06
mass 4701.2, q2 2.53535e+06
mass 3459.23, q2 635166
mass 3825.99, q2 619571
mass 4722.82, q2 2.71329e+06
mass 4316.84, q2 8.52842e+06
mass 3701.16, q2 1.58142e+06
mass 5222.72, q2 8.6539e+06
mass 4218.38, q2 6.85201e+06
mass 4096.29, q2 1.65566e+06
mass 3632.5, q2 1.76642e+06
mass 4288.1, q2 2.80128e+06
mass 3357.28, q2 2.68489e+06
mass 4572.09, q2 5.31538e+06
mass 4598.93, q2 7.07622e+06
mass 3788.73, q2 2.69359e+06
mass 4863.67, q2 989928
mass 4497.04, q2 1.64399e+06
mass 3539.53, q2 1.46124e+06
mass 4703.32, q2 484873
mass 4130.01, q2 5.12088e+06
mass 4606.92, q2 8.49758e+06
mass 5506.27, q2 1.51885e+06
mass 3697.08, q2 3.59048e+06
mass 4352.49, q2 2.09508e+06
mass 4969.33, q2 1.62323e+06
mass 4145.3, q2 2.55831e+06
mass 4501.82, q2 1.55929e+06
mass 3836.27, q2 1.10714e+06
mass 3938, q2 1.1909e+06
mass 3702.44, q2 1.8041e+06
mass 4475.04, q2 4.20154e+06
mass 4428.47, q2 1.29124e+06
mass 4594.03, q2 2.24092e+06
mass 4080.77, q2 7.36734e+06
mass 3990.14, q2 2.88897e+06
mass 5417.48, q2 2.42907e+06
mass 4051.49, q2 3.12993e+06
mass 3924.78, q2 705924
mass 3892.85, q2 1.32521e+06
mass 3797.63, q2 1.91703e+06
mass 3855.42, q2 1.49359e+06
mass 4370.27, q2 1.11638e+06
mass 4491.43, q2 4.94515e+06
mass 3955.05, q2 6.00294e+06
mass 3919.11, q2 1.70886e+06
mass 4484.91, q2 2.81004e+06
mass 3700.36, q2 2.15853e+06
mass 3317.53, q2 7.18114e+06
mass 5066.92, q2 3.97953e+06
mass 5183.09, q2 2.04724e+06
mass 3414.57, q2 4.66981e+06
mass 3953.57, q2 5.98705e+06
mass 4060.95, q2 3.06423e+06
mass 5154.86, q2 80381.7
mass 4932.89, q2 2.8822e+06
mass 4995.93, q2 426584
mass 5473.99, q2 838086
mass 4525.15, q2 1.47439e+06
mass 4121.57, q2 3.51698e+06
mass 3653.51, q2 4.21871e+06
mass 4743.15, q2 1.98578e+06
mass 4217.13, q2 1.75498e+06
mass 3617.54, q2 1.57711e+06
mass 4356.99, q2 1.57229e+06
mass 5046.49, q2 656345
mass 4667.39, q2 3.79698e+06
mass 4402.92, q2 2.09564e+06
mass 4493.38, q2 6.02272e+06
mass 4381.41, q2 2.43157e+06
mass 4218.98, q2 1.07146e+06
mass 4110.16, q2 2.80799e+06
mass 4672.68, q2 4.89151e+06
mass 4387.73, q2 6.09312e+06
mass 4264.64, q2 297165
mass 4350.96, q2 7.05742e+06
mass 3932.29, q2 6.89834e+06
mass 3700.41, q2 1.56187e+06
mass 4313.45, q2 426132
mass 4651.88, q2 916270
mass 4029.57, q2 1.66587e+06
mass 5027.02, q2 2.83415e+06
mass 3307.9, q2 8.4039e+06
mass 5336.21, q2 1.65051e+06
mass 4144.8, q2 8.6222e+06
mass 4661.06, q2 2.40658e+06
mass 4000.54, q2 615654
mass 4583.67, q2 1.09963e+06
mass 5521.72, q2 744996
mass 4002.8, q2 1.93982e+06
mass 4206.69, q2 231896
mass 4105.69, q2 2.75762e+06
mass 3737.19, q2 349174
mass 4512.07, q2 2.40673e+06
mass 3899.28, q2 2.84453e+06
mass 4424.49, q2 3.15353e+06
mass 4823.32, q2 1.81875e+06
mass 3783.59, q2 1.0213e+06
mass 3569.01, q2 1.47493e+06
mass 4539.37, q2 4.51107e+06
mass 4102.04, q2 4.98642e+06
mass 3900.79, q2 5.71909e+06
mass 3783.3, q2 2.05298e+06
mass 4517.25, q2 1.35078e+06
mass 4020.42, q2 8.11189e+06
mass 4370.65, q2 6.22041e+06
mass 4555.95, q2 763648
mass 4555.49, q2 2.47326e+06
mass 5499.57, q2 938956
mass 4507.68, q2 966323
mass 3615.6, q2 3.10568e+06
mass 4470.7, q2 1.86411e+06
mass 3904.73, q2 524984
mass 5090.88, q2 1.00133e+07
mass 3752.87, q2 1.20622e+06
mass 4630.31, q2 4.60601e+06
mass 4878.18, q2 877160
mass 4472.76, q2 884240
mass 4670.64, q2 1.03113e+06
mass 4253.88, q2 9.12821e+06
mass 3501.93, q2 8.60028e+06
mass 4229.48, q2 1.13362e+06
mass 4443.55, q2 1.60665e+06
mass 4575.77, q2 1.90095e+06
mass 3811.14, q2 1.95859e+06
mass 3468.41, q2 9.47019e+06
mass 3816.5, q2 1.44237e+06
mass 4264.2, q2 5.77038e+06
mass 4728.71, q2 4.30434e+06
mass 3944.51, q2 2.19679e+06
mass 4500.59, q2 777619
mass 4664, q2 4.30242e+06
mass 4447.41, q2 593547
mass 5074.57, q2 2.00316e+06
mass 3770.46, q2 2.55783e+06
mass 4495.63, q2 1.07219e+06
mass 4268.22, q2 2.49731e+06
mass 3802.68, q2 1.58287e+06
mass 4623.8, q2 6.60459e+06
mass 4894.3, q2 1.90877e+06
mass 5127.25, q2 5.33807e+06
mass 5438.21, q2 -276959
mass 5447.25, q2 2.00175e+06
mass 7209.96, q2 -6.31692e+06
mass 3674.86, q2 2.68522e+06
mass 3771.33, q2 749381
mass 4226.31, q2 6.80372e+06
mass 4296.88, q2 1.56539e+06
mass 5122.28, q2 4.08667e+06
mass 4596.47, q2 3.12336e+06
mass 4476.96, q2 145140
mass 4387.2, q2 2.00607e+06
mass 4163.82, q2 1.54e+06
mass 4877.78, q2 2.1122e+06
mass 4807.84, q2 3.36904e+06
mass 4584.79, q2 2.73314e+06
mass 3870.4, q2 286498
mass 4953.72, q2 1.16298e+06
mass 4534.44, q2 5.94156e+06
mass 3781.52, q2 3.13647e+06
mass 4626.03, q2 3.69962e+06
mass 3976.15, q2 2.31495e+06
mass 3542.02, q2 1.31552e+06
mass 4397.42, q2 1.7536e+06
mass 7132.12, q2 -3.67364e+06
mass 3671.79, q2 2.62995e+06
mass 4021.37, q2 253388
mass 6243.95, q2 -1.76482e+06
mass 3933.53, q2 908982
mass 4055.12, q2 2.13545e+06
mass 3178.83, q2 1.68773e+06
mass 4213.17, q2 381513
mass 5085.77, q2 6.49649e+06
mass 3457.51, q2 5.36092e+06
mass 3474.07, q2 2.33741e+06
mass 3625.36, q2 2.33229e+06
mass 3384.29, q2 1.32857e+06
mass 5444.25, q2 2.32341e+06
mass 4941.44, q2 1.49231e+06
mass 5294.92, q2 4.00504e+06
mass 4264.99, q2 1.62282e+06
mass 4255.51, q2 2.60436e+06
mass 4415.46, q2 1.55165e+06
mass 3532.26, q2 1.88629e+06
mass 4277.17, q2 3.06229e+06
mass 3665.98, q2 2.47708e+06
mass 4782.04, q2 3.56847e+06
mass 4365.9, q2 2.73519e+06
mass 5058.87, q2 845190
mass 4434.76, q2 6.22963e+06
mass 3826.41, q2 3.19298e+06
mass 4335.58, q2 6.0451e+06
mass 3534.26, q2 5.29841e+06
mass 4467.51, q2 3.89007e+06
mass 3288.33, q2 2.721e+06
mass 3903.75, q2 1.79142e+06
mass 3639.52, q2 2.25598e+06
mass 5640.69, q2 -619266
mass 5701.33, q2 9.2254e+06
mass 4226.76, q2 2.66569e+06
mass 4646.25, q2 484318
mass 4732.73, q2 2.04876e+06
mass 4466.73, q2 4.63369e+06
mass 3643.31, q2 1.79818e+06
mass 4689.03, q2 5.51964e+06
mass 4545.37, q2 3.21334e+06
mass 4838.72, q2 1.83857e+06
mass 3676.56, q2 532749
mass 4839.75, q2 3.7954e+06
mass 3709.48, q2 1.18696e+06
mass 4975.77, q2 1.66987e+06
mass 3221.94, q2 1.97481e+06
mass 4558.01, q2 2.13652e+06
mass 4185.27, q2 2.91908e+06
mass 4001.63, q2 2.43837e+06
mass 4938.65, q2 2.08341e+06
mass 4123.49, q2 1.1398e+06
mass 3912.36, q2 1.19701e+06
mass 4848.29, q2 3.10957e+06
mass 3759.89, q2 1.7631e+06
mass 4762.46, q2 643538
mass 4753.6, q2 1.67305e+06
mass 4294.89, q2 2.59728e+06
mass 4628.45, q2 5.48238e+06
mass 5048.24, q2 1.20034e+06
mass 3726.46, q2 2.0226e+06
mass 3460, q2 2.09013e+06
mass 4850.99, q2 2.66171e+06
mass 4601.89, q2 3.10955e+06
mass 3739.15, q2 1.50209e+06
mass 3833.35, q2 1.67277e+06
mass 5531.63, q2 1.57934e+06
mass 4099.46, q2 3.9718e+06
mass 4097.82, q2 2.76739e+06
mass 3851.18, q2 2.92565e+06
mass 4462.81, q2 6.12951e+06
mass 3704.57, q2 2.32049e+06
mass 3826.32, q2 674201
mass 4896.73, q2 3.49499e+06
mass 4363.46, q2 3.07365e+06
mass 3650.97, q2 789271
mass 4851.05, q2 2.9395e+06
mass 4536.05, q2 1.23876e+06
mass 3933.75, q2 1.03221e+07
mass 4299.36, q2 2.74339e+06
mass 3670.56, q2 1.80952e+06
mass 4199.28, q2 2.58372e+06
mass 3104.83, q2 3.22213e+06
mass 5317.57, q2 1.56671e+06
mass 3946.78, q2 2.28643e+06
mass 4278.86, q2 3.23271e+06
mass 4160.6, q2 615813
mass 3914.86, q2 804811
mass 4600.04, q2 2.09633e+06
mass 3601.08, q2 1.28221e+06
mass 4494.73, q2 1.65377e+06
mass 3810.42, q2 7.1237e+06
mass 4376.98, q2 7.07646e+06
mass 4985.65, q2 1.9459e+06
mass 4019.95, q2 8.1379e+06
mass 4093.37, q2 2.03541e+06
mass 4878.75, q2 2.25985e+06
mass 5609.74, q2 223332
mass 4496.09, q2 2.32495e+06
mass 4328.28, q2 2.47291e+06
mass 3837.18, q2 2.39635e+06
mass 3562.3, q2 2.06134e+06
mass 4100.48, q2 2.08721e+06
mass 3892.73, q2 1.9309e+06
mass 4841.07, q2 2.38431e+06
mass 5473.99, q2 2.66574e+06
mass 5161.32, q2 1.47832e+06
mass 3953.42, q2 6.57097e+06
mass 4415.76, q2 1.42648e+06
mass 5765.01, q2 5.1546e+06
mass 4181.94, q2 5.41528e+06
mass 3639.8, q2 3.44974e+06
mass 3588.49, q2 1.35071e+06
mass 4612.23, q2 6.10121e+06
mass 5179.08, q2 4.71632e+06
mass 3360.07, q2 1.28231e+06
mass 3416.04, q2 1.90913e+06
mass 3277.35, q2 2.92614e+06
mass 4783.15, q2 5.45786e+06
mass 3207.72, q2 1.06001e+06
mass 4747.77, q2 849944
mass 4458.07, q2 2.89366e+06
mass 3396.81, q2 2.56818e+06
mass 4169.25, q2 1.81324e+06
mass 4829.32, q2 3.35087e+06
mass 6381.62, q2 1.65206e+06
mass 3545.93, q2 3.37989e+06
mass 3726.07, q2 3.05721e+06
mass 4664.76, q2 3.8e+06
mass 3980.35, q2 2.38774e+06
mass 4056.67, q2 1.69116e+06
mass 4348.46, q2 4.92479e+06
mass 3864.64, q2 5.10797e+06
mass 5213.66, q2 324044
mass 4297.75, q2 1.42237e+06
mass 4804.61, q2 2.25527e+06
mass 5077.14, q2 947152
mass 4218.06, q2 5.67273e+06
mass 3538.25, q2 3.39599e+06
mass 3838.45, q2 1.99194e+06
mass 3327.9, q2 1.3062e+06
mass 4157.07, q2 2.73581e+06
mass 4628.16, q2 2.61837e+06
mass 4037.27, q2 2.3509e+06
mass 4279.46, q2 1.21983e+06
mass 4049.11, q2 5.23958e+06
mass 4967.31, q2 1.79134e+06
mass 4868.83, q2 1.01917e+06
mass 5053.22, q2 1.66626e+06
mass 4519.47, q2 388250
mass 3601.4, q2 1.16678e+06
mass 5145.29, q2 393036
mass 3827.54, q2 2.24921e+06
mass 4008.55, q2 1.54607e+06
mass 4359.35, q2 1.31455e+06
mass 4019.96, q2 3.29012e+06
mass 5048.61, q2 1.68543e+06
mass 4258.45, q2 3.05329e+06
mass 4491.23, q2 3.00221e+06
mass 4487.84, q2 2.59208e+06
mass 4409.72, q2 2.86816e+06
mass 4332.83, q2 9.8938e+06
mass 3216.45, q2 3.157e+06
mass 4652.12, q2 2.79634e+06
mass 4372.48, q2 2.0223e+06
mass 4139.13, q2 2.1066e+06
mass 4586.73, q2 2.56271e+06
mass 4581.54, q2 256878
mass 5422.47, q2 953821
mass 4410.21, q2 3.08498e+06
mass 4042.72, q2 3.57675e+06
mass 4639.67, q2 5.39546e+06
mass 4406.74, q2 3.8922e+06
mass 4327.3, q2 954382
mass 5080.26, q2 4.83475e+06
mass 3102.33, q2 7.23463e+06
mass 4511.03, q2 2.03897e+06
mass 3838.33, q2 2.18459e+06
mass 3365.13, q2 7.31338e+06
mass 5131.83, q2 1.4722e+06
mass 4915.12, q2 2.01749e+06
mass 4032.8, q2 2.47324e+06
mass 4961.35, q2 1.8282e+06
mass 4217.13, q2 1.33365e+06
mass 4346.87, q2 943462
mass 4384.2, q2 1.63786e+06
mass 4607.67, q2 1.14164e+06
mass 4586.24, q2 5.17e+06
mass 3801.77, q2 2.22617e+06
mass 4055.33, q2 2.87207e+06
mass 4088.61, q2 6.64531e+06
mass 4397.25, q2 4.51118e+06
mass 4294.59, q2 1.46082e+06
mass 4740.91, q2 1.97144e+06
mass 4761.61, q2 2.55616e+06
mass 5420.83, q2 245082
mass 4650.72, q2 2.74954e+06
mass 3622.08, q2 274404
mass 4709.18, q2 5.46464e+06
mass 4123.76, q2 1.83517e+06
mass 3839.64, q2 1.28285e+06
mass 4179.46, q2 597820
mass 4530.93, q2 3.56996e+06
RooDataSet::dataset[m_{D_{s}#mu}] = 1613 entries
RooDataSet::datasetQ[m_{D_{s}#mu},q^{2}] = 1613 entries
RooDataSet::datasetE[m_{D_{s}#mu},E_{#mu}] = 1613 entries
RooDataSet::datasetM[m_{D_{s}#mu},mm^2] = 1613 entries
RooDataSet::datasetQP[m_{D_{s}#mu},q^{2}] = 1613 entries
RooDataSet::datasetQM[m_{D_{s}#mu},q^{2}] = 1613 entries
All events processed
