
[1mRooFit v3.60 -- Developed by Wouter Verkerke and David Kirkby[0m 
                Copyright (C) 2000-2013 NIKHEF, University of California & Stanford University
                All rights reserved, please read http://roofit.sourceforge.net/license.txt

 10 ./Templater
 10 -in
 10 -ss
 10 -conf
 10 -flag
 10 -ff
Configuring
 ::: Setting Fit Parameters from config/config_NorBin_IsoPIDCut_Q2.txt file ::: 
Read value :: 0 :: for param :: applyTauCut
 ::: Setting Fit Parameters from config/config_NorBin_IsoPIDCut_Q2.txt file ::: 
Read value :: 0 :: for param :: applyBMCut
 ::: Setting Fit Parameters from config/config_NorBin_IsoPIDCut_Q2.txt file ::: 
Read value :: 1 :: for param :: applyIsoCut
 ::: Setting Fit Parameters from config/config_NorBin_IsoPIDCut_Q2.txt file ::: 
Read value :: 20 :: for param :: nBinsMass
 ::: Setting Fit Parameters from config/config_NorBin_IsoPIDCut_Q2.txt file ::: 
Read value :: 11 :: for param :: nBinsQsq
 ::: Setting Fit Parameters from config/config_NorBin_IsoPIDCut_Q2.txt file ::: 
Read value :: 10 :: for param :: nBinsEmu
 ::: Setting Fit Parameters from config/config_NorBin_IsoPIDCut_Q2.txt file ::: 
Read value :: 20 :: for param :: nBinsMMsq
 ::: Setting Fit Parameters from config/config_NorBin_IsoPIDCut_Q2.txt file ::: 
Read value :: 0 :: for param :: doPhiPi
Setting output 
 Entering Do Template 
-------------------------
Set LHCb Style - Feb 2012
-------------------------
Going to write output file :: output/RootOutp_MCAll_bin0_NorBIsoPIDCut_SameSign_Weight.root
 /afs/cern.ch/user/r/rvazquez/RDS/DaVinciDev_v41r3/Phys/BsDsMuNuForRDS/src/DsMass_WithSWeighted_Dsst_SS_CB.root
TFile**		/afs/cern.ch/user/r/rvazquez/RDS/DaVinciDev_v41r3/Phys/BsDsMuNuForRDS/src/DsMass_WithSWeighted_Dsst_SS_CB.root	
 TFile*		/afs/cern.ch/user/r/rvazquez/RDS/DaVinciDev_v41r3/Phys/BsDsMuNuForRDS/src/DsMass_WithSWeighted_Dsst_SS_CB.root	
  KEY: TTree	DecayTree;1	tree with weights
nentries = 5696
With weight = ( McorrDsst > 3000 && McorrDsst < 8000 && (Ds_MM>1940 && Ds_MM<2000) && sq > 0. && (Bs_0_Hlt2XcMuXForTauB2XcMuDecision_TOS == 1)  && ( mu_PIDmu > 0) && (mu_iso_MinBDT_Long>-0.5) )*sigw
5696
--- ... Processing event: 0
mass 3426.58, q2 6.74932e+06
mass 3796.48, q2 1.45328e+06
mass 4235.97, q2 7.67167e+06
mass 3518.87, q2 895050
mass 4632.52, q2 9.45836e+06
mass 5181.58, q2 8.74649e+06
mass 4343.4, q2 1.86336e+06
mass 3936.64, q2 6.12395e+06
mass 3521.47, q2 8.97502e+06
mass 3226.43, q2 4.19426e+06
mass 4658, q2 3.16215e+06
mass 4978.29, q2 9.49796e+06
mass 4212.72, q2 1.05144e+07
mass 3891.92, q2 4.75902e+06
mass 3472.52, q2 7.96878e+06
mass 3293.44, q2 4.30171e+06
mass 4090.91, q2 2.17081e+06
mass 3392.16, q2 5.74359e+06
mass 3563.12, q2 9.56432e+06
mass 4281.49, q2 1.01256e+07
mass 3965.09, q2 258070
mass 4760.43, q2 1.02507e+07
mass 3791.61, q2 3.59212e+06
mass 5250.25, q2 8.80071e+06
mass 3800.43, q2 2.69872e+06
mass 5050.96, q2 2.97508e+06
mass 3466.81, q2 7.19478e+06
mass 4397.24, q2 8.17679e+06
mass 3388.91, q2 2.89841e+06
mass 3509.56, q2 2.51672e+06
mass 3369.07, q2 8.92505e+06
mass 3616.26, q2 3.11509e+06
mass 3276.77, q2 7.42314e+06
mass 4463.1, q2 1.03599e+07
mass 3781.04, q2 8.6418e+06
mass 3171.06, q2 1.94632e+06
mass 3977.94, q2 6.55078e+06
mass 3367.24, q2 1.39858e+06
mass 3360.52, q2 8.67534e+06
mass 5053.24, q2 3.90311e+06
mass 5279.99, q2 8.71486e+06
mass 3203.69, q2 8.99742e+06
mass 3563.02, q2 1.77309e+06
mass 3887.51, q2 735129
mass 4444.52, q2 9.33537e+06
mass 4184.66, q2 1.0319e+07
mass 3704.46, q2 5.64369e+06
mass 4438.31, q2 1.01856e+07
mass 3828.67, q2 8.94041e+06
mass 4339.2, q2 1.06286e+07
mass 3980.5, q2 8.71158e+06
mass 4062.8, q2 1.84446e+06
mass 3589.07, q2 6.56383e+06
mass 3123.12, q2 8.72843e+06
mass 3189.44, q2 1.36302e+06
mass 3565.23, q2 8.84033e+06
mass 3486.49, q2 3.44844e+06
mass 4399, q2 1.03166e+07
mass 3920.47, q2 4.04174e+06
mass 4779.17, q2 1.01751e+07
mass 4092.3, q2 9.60433e+06
mass 4063.8, q2 2.25115e+06
mass 3636.99, q2 4.81577e+06
mass 3423.98, q2 796001
mass 3842.28, q2 8.34903e+06
mass 7893.6, q2 -2.59881e+06
mass 3240.46, q2 8.10603e+06
mass 3523.38, q2 501701
mass 4960.92, q2 1.01472e+07
mass 3836.73, q2 3.12777e+06
mass 4601.86, q2 5.0672e+06
mass 3221.76, q2 5.92966e+06
mass 5181.67, q2 2.57011e+06
mass 3969.31, q2 1.01966e+07
mass 3880.17, q2 5.11642e+06
mass 4240.75, q2 4.51624e+06
mass 3251.61, q2 7.66452e+06
mass 3672.23, q2 1.89111e+06
mass 3304.44, q2 8.45384e+06
mass 4060.23, q2 2.11187e+06
mass 3181.55, q2 4.5389e+06
mass 3565.76, q2 3.02011e+06
mass 4229.71, q2 762243
mass 4250.87, q2 2.59479e+06
mass 3733.92, q2 1.47917e+06
mass 3498.09, q2 2.95047e+06
mass 3888.06, q2 9.90839e+06
mass 3446.22, q2 929097
mass 7439.38, q2 -252512
mass 3346.92, q2 1.48815e+06
mass 3105.33, q2 3.88402e+06
mass 5329.54, q2 5.2022e+06
mass 3481.99, q2 6.18401e+06
mass 3528.37, q2 5.39443e+06
mass 5313.95, q2 8.34695e+06
mass 4061.34, q2 1.02499e+07
mass 4008.81, q2 3.65276e+06
mass 4440.56, q2 1.94067e+06
mass 4680.28, q2 6.14287e+06
mass 4694.06, q2 8.86668e+06
mass 3703.54, q2 5.39632e+06
mass 4238.62, q2 3.5708e+06
mass 3720.89, q2 9.80818e+06
mass 4983.33, q2 2.34598e+06
mass 4502.96, q2 2.45371e+06
mass 4472.71, q2 9.79436e+06
mass 4616.21, q2 7.78672e+06
mass 3404.11, q2 1.06762e+06
mass 3472.61, q2 4.36437e+06
mass 4187.28, q2 1.03542e+07
mass 5014.33, q2 7.96535e+06
mass 4497.53, q2 1.78797e+06
mass 4853.51, q2 708408
mass 3626.09, q2 2.2126e+06
mass 4124.7, q2 1.01098e+07
mass 3402.09, q2 2.87499e+06
mass 4599.33, q2 1.88462e+06
mass 3975.94, q2 6.41831e+06
mass 5190.01, q2 564885
mass 3275.41, q2 7.1663e+06
mass 3774.46, q2 2.03296e+06
mass 3870.28, q2 3.64827e+06
mass 4075.62, q2 3.28681e+06
mass 4473.56, q2 2.92734e+06
mass 3779.27, q2 5.04155e+06
mass 4068.89, q2 7.45877e+06
mass 4486.06, q2 1.58287e+06
mass 3804.11, q2 3.52649e+06
mass 3536.28, q2 1.55664e+06
mass 3997.58, q2 4.24514e+06
mass 3828.49, q2 3.9464e+06
mass 5164.62, q2 5.99375e+06
mass 3962.07, q2 196260
mass 3240.22, q2 5.09624e+06
mass 3447.84, q2 9.08901e+06
mass 4101.18, q2 1.0592e+07
mass 4105.18, q2 3.13972e+06
mass 3229.04, q2 8.46868e+06
mass 3860.31, q2 2.70879e+06
mass 3218.17, q2 1.41833e+06
mass 5114.35, q2 6.99708e+06
mass 3616.71, q2 1.04157e+06
mass 3437.67, q2 9.38254e+06
mass 3659.39, q2 2.45698e+06
mass 3183.93, q2 9.14587e+06
mass 5292.54, q2 5.52753e+06
mass 3545, q2 2.80248e+06
mass 3836.06, q2 9.82168e+06
mass 3968.81, q2 2.20494e+06
mass 3453.77, q2 8.26553e+06
mass 3889.1, q2 9.80513e+06
mass 5036.3, q2 9.67307e+06
mass 3549.48, q2 7.47432e+06
mass 3739.35, q2 2.99234e+06
mass 4282.69, q2 1.00801e+07
mass 3897.57, q2 5.57103e+06
mass 3589.12, q2 4.44932e+06
mass 4107.79, q2 1.03097e+07
mass 3968.01, q2 4.59499e+06
mass 3652.8, q2 2.2385e+06
mass 3280.65, q2 1.61296e+06
mass 3524.1, q2 1.78408e+06
mass 3310.77, q2 6.52743e+06
mass 4226.13, q2 1.51142e+06
mass 3918.25, q2 3.02367e+06
mass 3962.13, q2 1.63841e+06
mass 4024.59, q2 3.17255e+06
mass 4984.77, q2 2.28474e+06
mass 5049.35, q2 8.28116e+06
mass 3347.9, q2 3.49543e+06
mass 3820.39, q2 1.63446e+06
mass 4518.68, q2 8.24552e+06
mass 3252.86, q2 8.77513e+06
mass 4078.16, q2 9.74734e+06
mass 4521.64, q2 3.62492e+06
mass 4358.96, q2 2.23721e+06
mass 4673.87, q2 2.09982e+06
mass 4381.74, q2 9.88848e+06
mass 3503.55, q2 3.13452e+06
mass 3817.23, q2 3.72176e+06
mass 3467.34, q2 8.69492e+06
mass 6486.54, q2 -1.34678e+06
mass 3343.19, q2 2.86625e+06
mass 4789.01, q2 1.40379e+06
mass 3255.51, q2 6.96543e+06
mass 3962.33, q2 1.05687e+07
mass 4327.84, q2 1.2781e+06
mass 4763.83, q2 1.83726e+06
mass 3374.45, q2 2.19223e+06
mass 4810.76, q2 5.86734e+06
mass 4871.75, q2 4.41012e+06
mass 3554.41, q2 1.85259e+06
mass 3988.73, q2 4.54875e+06
mass 4552.76, q2 8.63752e+06
mass 3315.35, q2 6.21753e+06
mass 3442.98, q2 5.72515e+06
mass 3997.62, q2 8.4072e+06
mass 3483.84, q2 4.24106e+06
mass 4071.51, q2 9.93602e+06
mass 4593.29, q2 9.78136e+06
mass 4265.38, q2 2.10469e+06
mass 4689.49, q2 659080
mass 4505.32, q2 1.05121e+07
mass 3446.96, q2 6.11924e+06
mass 3523.86, q2 2.39915e+06
mass 4498.83, q2 1.06737e+07
mass 4923.23, q2 8.81174e+06
mass 3994.39, q2 9.69746e+06
mass 5322.04, q2 666325
mass 3894.5, q2 2.20879e+06
mass 3554.91, q2 941820
mass 4035.03, q2 6.52402e+06
mass 6297.13, q2 -642986
mass 3277.59, q2 8.92686e+06
mass 3832.06, q2 1.82426e+06
mass 4294, q2 3.28413e+06
mass 3610.4, q2 7.89998e+06
mass 4413.39, q2 1.60655e+06
mass 4004, q2 1.26107e+06
mass 3944.47, q2 1.05049e+07
mass 3448.12, q2 2.62941e+06
mass 3797.5, q2 7.79616e+06
mass 5336.93, q2 1.10485e+06
mass 4091.63, q2 4.07408e+06
mass 4197.6, q2 906358
mass 3416.25, q2 8.10884e+06
mass 5296.7, q2 676727
mass 3561.7, q2 850179
mass 3950.96, q2 1.03443e+07
mass 3309.51, q2 4.12058e+06
mass 4953.28, q2 7.83759e+06
mass 4448.16, q2 2.73677e+06
mass 3970.28, q2 1.05188e+06
mass 3597.94, q2 1.32516e+06
mass 4333.1, q2 9.73953e+06
mass 3488.97, q2 1.95056e+06
mass 4421.18, q2 8.52455e+06
mass 3359.69, q2 2.66694e+06
mass 3335.24, q2 2.52847e+06
mass 4420.03, q2 5.58799e+06
mass 3565.23, q2 9.67004e+06
mass 4025.7, q2 3.75901e+06
mass 4934.5, q2 9.06875e+06
mass 3447.76, q2 9.64488e+06
mass 3423.63, q2 5.19095e+06
mass 4762.64, q2 1.03836e+07
mass 5028.23, q2 3.18437e+06
mass 4049.63, q2 152379
mass 3089.53, q2 5.48302e+06
mass 3848.81, q2 2.10944e+06
mass 4579.63, q2 1.11844e+06
mass 3529.88, q2 9.86812e+06
mass 3538.86, q2 893438
mass 3182.71, q2 1.51668e+06
mass 3459.63, q2 2.54107e+06
mass 3449.64, q2 8.0872e+06
mass 3211.65, q2 8.14655e+06
mass 4703.54, q2 7.31243e+06
mass 3524.21, q2 1.19132e+06
mass 3854.59, q2 1.06186e+07
mass 5301.23, q2 1.01292e+07
mass 5313.34, q2 5.90628e+06
mass 4228.58, q2 2.3387e+06
mass 4003.14, q2 9.61298e+06
mass 4161.74, q2 1.03443e+07
mass 5012.11, q2 3.86304e+06
mass 4568.36, q2 1.80502e+06
mass 3557.67, q2 392294
mass 3913.6, q2 1.054e+07
mass 3938.49, q2 9.86764e+06
mass 3775.56, q2 1.98112e+06
mass 4139.14, q2 2.25615e+06
mass 4189.28, q2 2.08076e+06
mass 3951.59, q2 9.79247e+06
mass 5074.86, q2 7.84001e+06
mass 4638.01, q2 9.92265e+06
mass 3279.7, q2 4.25578e+06
mass 3304.71, q2 4.95685e+06
mass 3572.22, q2 1.95379e+06
mass 4121.61, q2 6.39051e+06
mass 4397.74, q2 1.71046e+06
mass 3412.07, q2 5.87893e+06
mass 3523.76, q2 7.68217e+06
mass 4314.72, q2 1.12091e+06
mass 5212.1, q2 1.05679e+06
mass 3816.08, q2 9.7022e+06
mass 3956.24, q2 2.50883e+06
mass 4171.34, q2 1.02159e+07
mass 3269.37, q2 5.06335e+06
mass 3713.31, q2 2.25234e+06
mass 3914.17, q2 1.05035e+07
mass 4383.55, q2 502003
mass 4007.96, q2 5.28145e+06
mass 3238.75, q2 3.09527e+06
mass 3978.24, q2 4.26887e+06
mass 4156.85, q2 5.26172e+06
mass 5269.8, q2 9.43609e+06
mass 4777.95, q2 1.94115e+06
mass 4013.29, q2 4.49032e+06
mass 3875.52, q2 6.87972e+06
mass 4861.31, q2 9.69263e+06
mass 3985.27, q2 1.0312e+07
mass 3266.96, q2 888559
mass 3535.97, q2 6.35205e+06
mass 5048.15, q2 6.77012e+06
mass 3119.78, q2 7.62799e+06
mass 4454.29, q2 738391
mass 3489.64, q2 8.29242e+06
mass 3687.73, q2 4.56444e+06
mass 3142.43, q2 1.39899e+06
mass 3219.53, q2 8.69187e+06
mass 3691.43, q2 4.8362e+06
mass 3244.49, q2 942215
mass 3825.49, q2 5.123e+06
mass 4304.95, q2 1.08516e+06
mass 4026.03, q2 3.12966e+06
mass 3377.95, q2 1.93176e+06
mass 3594.7, q2 2.12416e+06
mass 3086.37, q2 1.47974e+06
mass 3694.74, q2 1.69341e+06
mass 5324.25, q2 6.30021e+06
mass 3867.3, q2 1.03644e+07
mass 3213.21, q2 9.16499e+06
mass 4333.38, q2 1.27226e+06
mass 4880.63, q2 8.83596e+06
mass 3262.2, q2 7.69664e+06
mass 3359.81, q2 1.46299e+06
mass 3242.27, q2 5.88642e+06
mass 3788.5, q2 4.55221e+06
mass 3801.37, q2 1.01828e+07
mass 3499.7, q2 6.85632e+06
mass 4099.2, q2 7.88493e+06
mass 3456.57, q2 1.28421e+06
mass 3360.63, q2 1.06133e+06
mass 3981.58, q2 2.73541e+06
mass 3126.86, q2 6.49445e+06
mass 3716.74, q2 6.38532e+06
mass 3783.76, q2 2.68597e+06
mass 4090.97, q2 7.76087e+06
mass 3423.55, q2 8.82448e+06
mass 4907.76, q2 1.02537e+07
mass 3399.64, q2 2.94726e+06
mass 3755.85, q2 8.77378e+06
mass 4791.98, q2 745707
mass 4591.11, q2 562580
mass 3514.9, q2 2.03534e+06
mass 4329.86, q2 1.00793e+07
mass 3880.09, q2 1.98722e+06
mass 4694.56, q2 1.9732e+06
mass 4094.02, q2 8.84976e+06
mass 3748.65, q2 1.04583e+07
mass 3734.79, q2 632935
mass 3592.86, q2 1.10184e+06
mass 3774.93, q2 9.50433e+06
mass 4914.99, q2 870186
mass 3772.49, q2 7.30596e+06
mass 3786, q2 2.66325e+06
mass 3593.28, q2 1.34054e+06
mass 3484.46, q2 1.15508e+06
mass 4764.04, q2 1.25837e+06
mass 3419.25, q2 1.45191e+06
mass 4155.67, q2 9.56884e+06
mass 3473.2, q2 521685
mass 3722.76, q2 9.21081e+06
mass 4872.53, q2 3.62086e+06
mass 3361.68, q2 7.32877e+06
mass 3522.04, q2 7.49481e+06
mass 4752.27, q2 6.46172e+06
mass 3994.2, q2 7.64966e+06
mass 4978.53, q2 5.94054e+06
mass 3922.09, q2 8.6305e+06
mass 4212.02, q2 2.06333e+06
mass 3324.24, q2 7.00147e+06
mass 4995.08, q2 9.16471e+06
mass 4995.11, q2 8.86981e+06
mass 3988.84, q2 2.28079e+06
mass 4443.8, q2 2.56815e+06
mass 3531.83, q2 3.71092e+06
mass 3803.91, q2 1.14974e+06
mass 5008.19, q2 685316
mass 3227.82, q2 7.62584e+06
mass 5100.18, q2 2.85121e+06
mass 5068.81, q2 9.65097e+06
mass 4837.75, q2 1.04874e+07
mass 4842.42, q2 814769
mass 4094.98, q2 1.02935e+07
mass 4149.49, q2 1.02792e+07
mass 4000.9, q2 4.10113e+06
mass 3413.69, q2 1.48988e+06
mass 4935.04, q2 3.17383e+06
mass 4141.95, q2 3.69368e+06
mass 3415.05, q2 6.73395e+06
mass 3518.32, q2 2.14914e+06
mass 4726.73, q2 1.06616e+07
mass 4900.79, q2 1.07005e+06
mass 3375.15, q2 6.65013e+06
mass 3902.62, q2 1.54509e+06
mass 4577.41, q2 1.00508e+07
mass 4656.49, q2 283489
mass 4954.4, q2 8.03263e+06
mass 3647.16, q2 5.01574e+06
mass 6767.09, q2 -1.02522e+06
mass 4897.02, q2 6.51548e+06
mass 3815.9, q2 3.28631e+06
mass 4492.53, q2 1.03822e+07
mass 3975.34, q2 8.68364e+06
mass 3347.61, q2 2.28201e+06
mass 4115.72, q2 1.74921e+06
mass 3904.29, q2 4.71858e+06
mass 3300.43, q2 2.23263e+06
mass 5060.28, q2 8.15404e+06
mass 3194.51, q2 4.82071e+06
mass 3531.69, q2 9.46683e+06
mass 3463.12, q2 1.07002e+06
mass 3857.88, q2 3.73918e+06
mass 4919.05, q2 637729
mass 3877.06, q2 2.86326e+06
mass 4149.21, q2 2.45183e+06
mass 4343, q2 7.90666e+06
mass 4687.47, q2 2.63424e+06
mass 3536.52, q2 3.13806e+06
mass 4927.39, q2 1.04622e+07
mass 4122.56, q2 1.0172e+07
mass 4491.72, q2 3.12042e+06
mass 3578.39, q2 8.73855e+06
mass 3379.62, q2 7.48403e+06
mass 5363.63, q2 7.51001e+06
mass 3513.06, q2 6.33338e+06
mass 4639.06, q2 559220
mass 3602.47, q2 6.0015e+06
mass 4196.16, q2 1.60943e+06
mass 4292.08, q2 7.63065e+06
mass 4877.49, q2 117029
mass 3457.83, q2 2.17056e+06
mass 4277.22, q2 1.05232e+07
mass 3623.56, q2 5.92503e+06
mass 3555.34, q2 7.09761e+06
mass 3437.37, q2 2.46658e+06
mass 3263.79, q2 1.57094e+06
mass 3922.12, q2 1.03645e+06
mass 5085.05, q2 669721
mass 4126.27, q2 4.92254e+06
mass 4440.84, q2 1.95615e+06
mass 3932.98, q2 5.43938e+06
mass 4327.97, q2 5.99288e+06
mass 4476.2, q2 1.19579e+06
mass 4028.42, q2 1.05204e+07
mass 3675.17, q2 2.76013e+06
mass 5019.14, q2 3.03289e+06
mass 4376.02, q2 1.35169e+06
mass 3925.04, q2 1.41377e+06
mass 4018.62, q2 2.10572e+06
mass 4876.82, q2 9.15124e+06
mass 3553.85, q2 1.41968e+06
mass 3517.84, q2 5.18947e+06
mass 3798.36, q2 6.56702e+06
mass 4921.99, q2 3.17497e+06
mass 4138.47, q2 3.11199e+06
mass 4232.65, q2 6.10451e+06
mass 4948.95, q2 8.41224e+06
mass 5207.33, q2 2.55222e+06
mass 3643.95, q2 9.11357e+06
mass 4024.55, q2 1.92566e+06
mass 3633.43, q2 9.91983e+06
mass 4915.18, q2 8.66187e+06
mass 3476.72, q2 423651
mass 4299.24, q2 5.6474e+06
mass 3850.49, q2 4.47792e+06
mass 3359.49, q2 7.89837e+06
mass 5266.35, q2 1.38106e+06
mass 5068.95, q2 9.38624e+06
mass 3421.95, q2 1.27175e+06
mass 3672.51, q2 7.45815e+06
mass 3449.69, q2 1.43153e+06
mass 3415.02, q2 2.9089e+06
mass 3947.29, q2 8.92155e+06
mass 3187.75, q2 7.20488e+06
mass 4005.95, q2 781073
mass 4347.37, q2 1.02793e+07
mass 3604.42, q2 1.29278e+06
mass 4562.74, q2 3.95285e+06
mass 3802.8, q2 3.9115e+06
mass 4792.18, q2 3.68909e+06
mass 4416.54, q2 2.78489e+06
mass 3302.65, q2 4.82298e+06
mass 3529.3, q2 9.66225e+06
mass 3978.85, q2 5.43461e+06
mass 3073.44, q2 1.63901e+06
mass 4556.07, q2 7.51135e+06
mass 3578.72, q2 5.22879e+06
mass 3581.62, q2 3.42305e+06
mass 4312.9, q2 3.58634e+06
mass 4552.62, q2 2.47432e+06
mass 5271.38, q2 4.45172e+06
mass 3452.3, q2 703300
mass 5141.73, q2 2.945e+06
mass 5256.2, q2 6.64494e+06
mass 3833.09, q2 1.52117e+06
mass 3900.15, q2 7.20777e+06
mass 5145.03, q2 4.76116e+06
mass 4155.74, q2 2.8168e+06
mass 3054.9, q2 4.96756e+06
mass 4776.8, q2 1.14757e+06
mass 5120.48, q2 4.72383e+06
mass 4419.62, q2 2.25775e+06
mass 4181.76, q2 1.03721e+07
mass 3811.62, q2 3.17944e+06
mass 3730.06, q2 7.12339e+06
mass 3671.39, q2 1.01408e+07
mass 4044.76, q2 1.06468e+07
mass 3288.87, q2 2.51491e+06
mass 3648.89, q2 533168
mass 3937.7, q2 1.76116e+06
mass 4801.21, q2 8.88621e+06
mass 3435.11, q2 4.36264e+06
mass 3727.27, q2 628455
mass 4751.62, q2 4.74607e+06
mass 3493.29, q2 6.16102e+06
mass 3191.33, q2 8.56754e+06
mass 3598.96, q2 1.75611e+06
mass 3558.6, q2 9.73793e+06
mass 3186.68, q2 8.75018e+06
mass 3204.93, q2 670547
mass 4679.72, q2 5.74798e+06
mass 3969.88, q2 1.04215e+07
mass 3820.31, q2 7.84106e+06
mass 3889.62, q2 8.01439e+06
mass 3742.18, q2 9.90775e+06
mass 4052.77, q2 646630
mass 3736.43, q2 1.93895e+06
mass 5101.52, q2 5.62115e+06
mass 4382.58, q2 7.79762e+06
mass 4730.07, q2 2.43769e+06
mass 4619.09, q2 3.06495e+06
mass 4219.9, q2 5.24169e+06
mass 4376.42, q2 1.74906e+06
mass 4506.1, q2 2.52559e+06
mass 5046, q2 2.44558e+06
mass 3795.72, q2 4.90794e+06
mass 3869.63, q2 1.46356e+06
mass 4521.17, q2 1.03547e+07
mass 3826.24, q2 1.02195e+07
mass 4177.76, q2 1.04776e+07
mass 4645.64, q2 3.66066e+06
mass 3775.01, q2 3.71718e+06
mass 4411.75, q2 9.40103e+06
mass 3829.51, q2 1.01451e+06
mass 3834.18, q2 5.87143e+06
mass 4163.04, q2 2.15721e+06
mass 5238.06, q2 1.09546e+06
mass 4015.36, q2 1.04275e+07
mass 4702.3, q2 9.79659e+06
mass 3406.4, q2 8.16257e+06
mass 4637.7, q2 1.24445e+06
mass 3877.63, q2 2.57719e+06
mass 4078.04, q2 2.26756e+06
mass 3378.1, q2 2.6525e+06
mass 3670.3, q2 1.41864e+06
mass 3367.28, q2 8.7699e+06
mass 5100.43, q2 5.75435e+06
mass 3815.35, q2 1.04714e+07
mass 4495.37, q2 1.65405e+06
mass 4686.73, q2 3.65789e+06
mass 5313.44, q2 3.59704e+06
mass 4529.07, q2 6.25369e+06
mass 4216.55, q2 646872
mass 3657.54, q2 2.43227e+06
mass 3805.86, q2 9.79843e+06
mass 4385.73, q2 1.45146e+06
mass 4623.53, q2 1.34705e+06
mass 3581.99, q2 8.5022e+06
mass 4523.4, q2 9.76129e+06
mass 3717.56, q2 1.07714e+06
mass 4060.12, q2 1.26839e+06
mass 3379.47, q2 3.38317e+06
mass 3450.03, q2 1.89838e+06
mass 5017.82, q2 9.63026e+06
mass 3674.49, q2 3.05588e+06
mass 4836.31, q2 1.00816e+07
mass 3961.83, q2 1.05359e+07
mass 4085.8, q2 1.04244e+07
mass 4453.64, q2 5.11813e+06
mass 3700.5, q2 9.0438e+06
mass 4719, q2 1.01124e+07
mass 3923.55, q2 8.92146e+06
mass 3837.55, q2 1.51869e+06
mass 3297.31, q2 3.86156e+06
mass 4485.72, q2 5.21041e+06
mass 4078.39, q2 5.64297e+06
mass 3707.82, q2 9.98557e+06
mass 3674.08, q2 1.23728e+06
mass 3908.45, q2 1.01959e+07
mass 4524.36, q2 2.78627e+06
mass 4894.7, q2 1.05572e+07
mass 3228.74, q2 7.65566e+06
mass 5290.65, q2 1.2889e+06
mass 3576.18, q2 1.0004e+07
mass 3669.4, q2 1.02403e+07
mass 5286.32, q2 2.27541e+06
mass 3919.51, q2 3.6067e+06
mass 4665.04, q2 3.00181e+06
mass 4511.56, q2 2.69656e+06
mass 4219.46, q2 732852
mass 4219.64, q2 6.40837e+06
mass 4091.64, q2 2.56398e+06
mass 3186.95, q2 8.61742e+06
mass 4638.21, q2 3.94515e+06
mass 4945.11, q2 1.0185e+07
mass 3476.97, q2 6.25247e+06
mass 3215.41, q2 5.9664e+06
mass 3982.8, q2 2.38051e+06
mass 4718.58, q2 4.44213e+06
mass 4276.11, q2 6.22928e+06
mass 3554.95, q2 629615
mass 4719.32, q2 1.00029e+07
mass 3807.19, q2 8.30547e+06
mass 3891.69, q2 9.33755e+06
mass 3422, q2 2.43971e+06
mass 3808.67, q2 9.21461e+06
mass 4432.77, q2 2.99583e+06
mass 3559.94, q2 8.71004e+06
mass 3741.16, q2 2.22569e+06
mass 3462.73, q2 4.81088e+06
mass 3821.03, q2 6.97893e+06
mass 4199.49, q2 9.76444e+06
mass 4109.27, q2 1.43658e+06
mass 4944.74, q2 3.15705e+06
mass 3331.45, q2 6.77676e+06
mass 3402.39, q2 5.33199e+06
mass 3982.07, q2 4.92143e+06
mass 4940.96, q2 1.1037e+06
mass 4585.2, q2 2.88112e+06
mass 3913.87, q2 1.02513e+07
mass 5208.37, q2 1.03462e+07
mass 3547, q2 9.18063e+06
mass 5066.11, q2 7.14305e+06
mass 3983.3, q2 8.61498e+06
mass 3763.03, q2 7.14603e+06
mass 3566.01, q2 2.20603e+06
mass 3654.69, q2 5.74247e+06
mass 3244.66, q2 1.99514e+06
mass 4491.02, q2 5.46755e+06
mass 3580.67, q2 1.01964e+07
mass 3925.04, q2 1.79102e+06
mass 3503.64, q2 3.84127e+06
mass 3906.05, q2 2.38487e+06
mass 4528.71, q2 1.18382e+06
mass 4562.79, q2 3.74216e+06
mass 4617.12, q2 645451
mass 3767.95, q2 6.84182e+06
mass 3088, q2 1.2864e+06
mass 4293.2, q2 1.0032e+07
mass 4496.51, q2 4.2013e+06
mass 3101.69, q2 1.2897e+06
mass 5236.11, q2 5.97834e+06
mass 3604.24, q2 9.66658e+06
mass 3818.59, q2 2.40225e+06
mass 4435.64, q2 4.61457e+06
mass 3861.1, q2 1.77071e+06
mass 4608.54, q2 2.0436e+06
mass 3919.33, q2 9.00393e+06
mass 3799.77, q2 8.22354e+06
mass 4851.59, q2 7.85241e+06
mass 3333.04, q2 1.77475e+06
mass 3351.4, q2 1.57882e+06
mass 3174.23, q2 5.52846e+06
mass 3743.28, q2 356361
mass 3348.65, q2 1.53324e+06
mass 3948.73, q2 9.69368e+06
mass 3943.45, q2 1.01871e+07
mass 4714.45, q2 5.01881e+06
mass 4706.85, q2 9.65837e+06
mass 3673.14, q2 9.3729e+06
mass 3938.64, q2 3.93228e+06
mass 3596.79, q2 9.72654e+06
mass 4073.92, q2 8.55147e+06
mass 3594.31, q2 9.09736e+06
mass 3519.95, q2 2.64518e+06
mass 3352.34, q2 4.97953e+06
mass 5187.81, q2 4.85786e+06
mass 4077.73, q2 1.03403e+07
mass 4999.46, q2 4.08984e+06
mass 4721.1, q2 1.83426e+06
mass 4737.66, q2 4.67098e+06
mass 3303.99, q2 1.58382e+06
mass 3084.11, q2 4.77909e+06
mass 3377.31, q2 828980
mass 3631.57, q2 1.01213e+07
mass 5209.74, q2 3.03042e+06
mass 4090.1, q2 9.97102e+06
mass 3525.31, q2 9.58941e+06
mass 5014.63, q2 9.18182e+06
mass 4250.53, q2 9.721e+06
mass 4211.31, q2 3.48234e+06
mass 4956.48, q2 3.61486e+06
mass 3487.11, q2 3.86701e+06
mass 4335.72, q2 4.16758e+06
mass 4897.8, q2 9.52348e+06
mass 4263.22, q2 3.59021e+06
mass 4921.35, q2 4.78314e+06
mass 3250.45, q2 4.01402e+06
mass 4024.2, q2 9.78466e+06
mass 3369.19, q2 5.39022e+06
mass 4371.85, q2 3.63912e+06
mass 3292.36, q2 1.69968e+06
mass 4244.2, q2 2.85575e+06
mass 4369.55, q2 1.04761e+07
mass 3709.94, q2 1.97926e+06
mass 5157.25, q2 9.78221e+06
mass 4469.72, q2 1.05257e+07
mass 3700.77, q2 5.37102e+06
mass 5354.35, q2 9.55704e+06
mass 4253.67, q2 2.38721e+06
mass 3330.24, q2 7.92798e+06
mass 3772.02, q2 1.12361e+06
mass 3448.15, q2 1.68047e+06
mass 4498.62, q2 5.56015e+06
mass 4184.96, q2 2.10561e+06
mass 5306.59, q2 573711
mass 4022.96, q2 673019
mass 3598.39, q2 9.14468e+06
mass 4013.47, q2 1.0388e+07
mass 3667.79, q2 8.82622e+06
mass 5346.27, q2 6.35794e+06
mass 5321.35, q2 6.58353e+06
mass 3865.38, q2 2.73726e+06
mass 3989.81, q2 8.10511e+06
mass 4470.08, q2 1.92874e+06
mass 4379.41, q2 1.54424e+06
mass 3989.16, q2 1.33574e+06
mass 3376.63, q2 9.03166e+06
mass 4183.9, q2 2.14847e+06
mass 5198.96, q2 3.33859e+06
mass 3246.81, q2 2.86364e+06
mass 4088.81, q2 4.00114e+06
mass 3910.17, q2 1.40412e+06
mass 5006.54, q2 1.60696e+06
mass 4147.31, q2 6.12085e+06
mass 3599.75, q2 2.14531e+06
mass 3579.97, q2 1.9955e+06
mass 4493.67, q2 2.05931e+06
mass 4103.19, q2 5.78886e+06
mass 3775.29, q2 4.65269e+06
mass 4673.22, q2 3.04754e+06
mass 4940.09, q2 7.97607e+06
mass 3826.19, q2 3.34003e+06
mass 4758.42, q2 97098.5
mass 3668, q2 1.00214e+07
mass 3632.66, q2 6.80296e+06
mass 3588.54, q2 1.65987e+06
mass 4442.3, q2 1.04423e+07
mass 3309.31, q2 876135
mass 3232.84, q2 6.68489e+06
mass 4032.14, q2 1.07986e+07
mass 4548.53, q2 7.88356e+06
mass 4893.36, q2 2.66516e+06
mass 3256.3, q2 3.06627e+06
mass 4710.02, q2 5.90655e+06
mass 5064.94, q2 8.69885e+06
mass 4398.64, q2 2.26255e+06
mass 5028.43, q2 1.87859e+06
mass 4478.5, q2 138056
mass 3570.64, q2 4.17254e+06
mass 3537.69, q2 3.39246e+06
mass 4401.24, q2 9.49091e+06
mass 4454.45, q2 1.00778e+07
mass 3376.45, q2 7.75952e+06
mass 4052.39, q2 3.66864e+06
mass 3537.13, q2 5.91177e+06
mass 4707.57, q2 1.05472e+07
mass 3771.37, q2 1.1773e+06
mass 5044.81, q2 4.26182e+06
mass 4911.76, q2 1.03408e+07
mass 3750.37, q2 9.98211e+06
mass 3596.62, q2 7.45312e+06
mass 3571.42, q2 1.92559e+06
mass 5301.33, q2 1.52092e+06
mass 4391.98, q2 1.92771e+06
mass 3894.04, q2 5.65718e+06
mass 3248.13, q2 7.59117e+06
mass 3773.68, q2 1.04431e+07
mass 4069.56, q2 1.00217e+07
mass 4244.15, q2 4.92136e+06
mass 3318.77, q2 4.66384e+06
mass 3335.21, q2 2.78777e+06
mass 4603.23, q2 5.1827e+06
mass 3360.67, q2 6.38479e+06
mass 5272.43, q2 576455
mass 4418.75, q2 5.91907e+06
mass 3810.81, q2 9.84246e+06
mass 4226.65, q2 2.49747e+06
mass 3776.89, q2 7.36219e+06
mass 4285.7, q2 7.72773e+06
mass 3628.71, q2 3.68678e+06
mass 3809.12, q2 2.63592e+06
mass 3174.43, q2 4.66131e+06
mass 4023.18, q2 1.01954e+07
mass 4626.09, q2 433810
mass 4360.84, q2 3.45795e+06
mass 3944.42, q2 1.06213e+07
mass 4862.01, q2 5.7064e+06
mass 4881.39, q2 5.56691e+06
mass 3436.49, q2 8.01481e+06
mass 4504.47, q2 2.05854e+06
mass 3264.7, q2 1.99533e+06
mass 3639.95, q2 787307
mass 4638.19, q2 1.06209e+07
mass 4438.55, q2 971515
mass 4741.1, q2 9.9795e+06
mass 4633.25, q2 477882
mass 3597.88, q2 6.86755e+06
mass 4562.24, q2 635140
mass 3481.99, q2 2.23974e+06
mass 4329.69, q2 9.8586e+06
mass 3658.81, q2 1.02327e+07
mass 4683.86, q2 9.66912e+06
mass 4470.67, q2 4.93067e+06
mass 4700.96, q2 6.46422e+06
mass 4571.32, q2 3.73671e+06
mass 3553.31, q2 3.24588e+06
mass 3939.13, q2 3.4659e+06
mass 4539.72, q2 2.1993e+06
mass 5144.4, q2 1.00109e+07
mass 4738.43, q2 3.0706e+06
mass 4044.96, q2 6.00107e+06
mass 3711.66, q2 1.48625e+06
mass 3975.89, q2 9.91911e+06
mass 3901.93, q2 7.08714e+06
mass 4660.21, q2 6.03092e+06
mass 3456.2, q2 1.8992e+06
mass 3941, q2 1.96969e+06
mass 3516.55, q2 650921
mass 5320.06, q2 5.20704e+06
mass 4890.43, q2 3.64864e+06
mass 4053.34, q2 4.8574e+06
mass 3460.87, q2 2.69439e+06
mass 3360.34, q2 5.7455e+06
mass 3701.58, q2 3.66637e+06
mass 3489.48, q2 6.90476e+06
mass 3672.22, q2 1.14712e+06
mass 4675.28, q2 535916
mass 3534.2, q2 1.92268e+06
mass 4134.02, q2 1.06225e+07
mass 4342.06, q2 2.51143e+06
mass 4455.48, q2 2.01404e+06
mass 3382.77, q2 3.30087e+06
mass 4747.34, q2 4.3862e+06
mass 4118.28, q2 1.71575e+06
mass 4211.15, q2 9.3801e+06
mass 3796.64, q2 1.24226e+06
mass 3547.64, q2 1.79566e+06
mass 7706.36, q2 -3.22705e+06
mass 4966.78, q2 1.03506e+07
mass 4783.34, q2 6.52353e+06
mass 3497.15, q2 2.16664e+06
mass 3933.24, q2 598096
mass 5157.97, q2 8.16801e+06
mass 3987.76, q2 9.84417e+06
mass 3567.93, q2 7.03343e+06
mass 4495.42, q2 9.13034e+06
mass 3850.3, q2 1.94314e+06
mass 3847.22, q2 6.47128e+06
mass 3417.52, q2 8.70902e+06
mass 4278.58, q2 1.05114e+07
mass 4812.36, q2 1.01222e+07
mass 4918.51, q2 3.98377e+06
mass 3203.68, q2 1.43539e+06
mass 3706.57, q2 2.1112e+06
mass 3593.58, q2 8.91611e+06
mass 3195.98, q2 3.37204e+06
mass 3297.41, q2 5.54526e+06
mass 4450.46, q2 1.01937e+07
mass 5154.25, q2 8.63381e+06
mass 4771.21, q2 1.06164e+07
mass 3493.89, q2 9.62264e+06
mass 3306.48, q2 4.22031e+06
mass 5067.7, q2 1.06052e+07
mass 4454.29, q2 1.03166e+07
mass 4912.07, q2 9.907e+06
mass 3648.04, q2 9.84847e+06
mass 4845.59, q2 1.02013e+07
mass 4965.59, q2 5.19613e+06
mass 4543.41, q2 7.83812e+06
mass 3584.75, q2 7.76567e+06
mass 3826.19, q2 8.11264e+06
mass 3482.32, q2 1.46431e+06
mass 5244.21, q2 9.32779e+06
mass 4296.21, q2 1.8225e+06
mass 4185.44, q2 9.59338e+06
mass 3719.72, q2 9.81484e+06
mass 3474.38, q2 1.33276e+06
mass 4036.7, q2 2.03764e+06
mass 5095.51, q2 500272
mass 4201.16, q2 1.04214e+07
mass 3574.3, q2 1.45982e+06
mass 3213.47, q2 6.52936e+06
mass 4271.27, q2 2.45329e+06
mass 3793.29, q2 9.24157e+06
mass 4369.51, q2 1.26412e+06
mass 5046.28, q2 6.17317e+06
mass 3220.6, q2 4.98006e+06
mass 4411.53, q2 1.06018e+07
mass 3599.07, q2 8.52573e+06
mass 4604.37, q2 7.11285e+06
mass 3286.37, q2 1.48109e+06
mass 3992.54, q2 3.04516e+06
mass 4859.43, q2 3.84525e+06
mass 5039.55, q2 3.62145e+06
mass 4198.64, q2 599798
mass 3255.48, q2 2.47253e+06
mass 4319.46, q2 8.65894e+06
mass 3987.76, q2 8.92213e+06
mass 3643.67, q2 1.51885e+06
mass 3651.72, q2 6.19603e+06
mass 3250.57, q2 4.0409e+06
mass 3232.43, q2 6.41007e+06
mass 4367.3, q2 3.73129e+06
mass 4759.9, q2 749544
mass 4160.08, q2 7.42857e+06
mass 3540.94, q2 2.59434e+06
mass 4053.55, q2 1.2204e+06
mass 4013.97, q2 1.05429e+07
mass 3126.85, q2 7.76675e+06
mass 3344.62, q2 9.78681e+06
mass 3714.21, q2 9.25684e+06
mass 4594.1, q2 6.47651e+06
mass 3613.41, q2 4.78133e+06
mass 3902.71, q2 1.01459e+07
mass 5240.79, q2 2.01938e+06
mass 3391.01, q2 8.70674e+06
mass 4187.89, q2 1.45078e+06
mass 5263.46, q2 1.80098e+06
mass 4694.39, q2 1.05366e+07
mass 3143.17, q2 794425
mass 4096.37, q2 1.04594e+07
mass 3433.94, q2 3.41078e+06
mass 3750.61, q2 6.71038e+06
mass 3673.38, q2 5.1149e+06
mass 4159.46, q2 1.02571e+07
mass 5074.37, q2 4.59034e+06
mass 3565.66, q2 1.91998e+06
mass 4331.36, q2 1.002e+07
mass 3337.78, q2 1.42776e+06
mass 4171.75, q2 4.47557e+06
mass 3662.28, q2 4.69029e+06
mass 4807.74, q2 9.28261e+06
mass 4099.05, q2 4.64399e+06
mass 3818.67, q2 9.7114e+06
mass 3388.23, q2 8.28479e+06
mass 4497.77, q2 1.04606e+07
mass 3080.91, q2 2.32109e+06
mass 4378.69, q2 9.27585e+06
mass 4814.88, q2 9.18442e+06
mass 3862.71, q2 1.03349e+07
mass 3892.98, q2 5.66204e+06
mass 3988.91, q2 3.45025e+06
mass 4966.61, q2 9.56168e+06
mass 3203.76, q2 6.66371e+06
mass 4647.35, q2 8.46151e+06
mass 4031.93, q2 6.0713e+06
mass 7775.87, q2 -2.07291e+06
mass 3929.74, q2 7.53748e+06
mass 4068.81, q2 1.03718e+07
mass 3348.29, q2 5.84427e+06
mass 4455.52, q2 175125
mass 5297.18, q2 454006
mass 4706.54, q2 697248
mass 3412.19, q2 9.30979e+06
mass 3719.91, q2 8.92322e+06
mass 3446.25, q2 9.31962e+06
mass 3427.24, q2 9.70019e+06
mass 4793.35, q2 9.24283e+06
mass 3262.58, q2 9.50813e+06
mass 3415.59, q2 4.03243e+06
mass 4248.91, q2 7.56817e+06
mass 4927.2, q2 7.83279e+06
mass 4376.75, q2 1.01418e+07
mass 4827.68, q2 8.63509e+06
mass 4191.39, q2 1.05923e+07
mass 3878.74, q2 1.55963e+06
mass 3413.15, q2 1.36842e+06
mass 3762.5, q2 3.46953e+06
mass 3337.68, q2 2.36584e+06
mass 4411.73, q2 1.99624e+06
mass 4840.94, q2 1.49458e+06
mass 4791.43, q2 5.72702e+06
mass 3675.7, q2 602514
mass 4471.37, q2 1.06128e+07
mass 3566.3, q2 2.92127e+06
mass 3360.17, q2 932980
mass 4017.23, q2 545431
mass 4180.3, q2 1.14413e+06
mass 3148.37, q2 6.73188e+06
mass 5069.99, q2 1.04118e+07
mass 3734.9, q2 6.89335e+06
mass 3628.55, q2 1.3801e+06
mass 3752.97, q2 8.05857e+06
mass 4407.39, q2 2.83809e+06
mass 4664.36, q2 1.00236e+07
mass 4996.68, q2 1.50507e+06
mass 4170.71, q2 1.74359e+06
mass 4100.15, q2 2.06914e+06
mass 4397.01, q2 9.86474e+06
mass 4025.97, q2 2.04663e+06
mass 3319.19, q2 8.34697e+06
mass 3480.01, q2 6.61466e+06
mass 3324.52, q2 948973
mass 5342.06, q2 4.31579e+06
mass 4866.08, q2 5.45816e+06
mass 3646.26, q2 1.62925e+06
mass 3193.86, q2 6.66923e+06
mass 3249.07, q2 8.10826e+06
mass 5182.18, q2 8.52442e+06
mass 3669.44, q2 3.52748e+06
mass 3101.75, q2 913623
mass 3855.8, q2 8.91682e+06
mass 4396.67, q2 5.79389e+06
mass 4457.13, q2 1.0268e+07
mass 3781.65, q2 9.99236e+06
mass 3340.28, q2 1.00938e+06
mass 4124.77, q2 1.99307e+06
mass 4985.43, q2 8.03549e+06
mass 3199.46, q2 3.58565e+06
mass 4162.64, q2 3.43394e+06
mass 3558.14, q2 8.86645e+06
mass 3789.72, q2 8.4743e+06
mass 3395.43, q2 8.41058e+06
mass 3486.35, q2 2.55721e+06
mass 3823.44, q2 7.94368e+06
mass 3669.53, q2 1.01962e+07
mass 4303.22, q2 1.02712e+07
mass 4740.17, q2 8.79987e+06
mass 3908.81, q2 1.58523e+06
mass 3638.08, q2 4.14244e+06
mass 3858.2, q2 3.6519e+06
mass 4113.89, q2 8.98778e+06
mass 3737.17, q2 2.31271e+06
mass 4747.7, q2 6.92301e+06
mass 3357.95, q2 2.01964e+06
mass 4703.55, q2 2.14814e+06
mass 4543.68, q2 703181
mass 3441.29, q2 6.59379e+06
mass 3655.82, q2 7.85617e+06
mass 3728.78, q2 1.72395e+06
mass 5266.98, q2 1.07756e+06
mass 3437.1, q2 8.48808e+06
mass 4257.47, q2 9.31906e+06
mass 3550.09, q2 5.71435e+06
mass 3728.72, q2 2.35383e+06
mass 4839.59, q2 8.71114e+06
mass 3895.45, q2 6.13739e+06
mass 3491.25, q2 788524
mass 3920.76, q2 697721
mass 3567.02, q2 8.96878e+06
mass 3299.83, q2 896634
mass 3500.26, q2 259535
mass 4296.99, q2 1.70792e+06
mass 4856.29, q2 4.32651e+06
mass 4709.08, q2 2.74845e+06
mass 3077.14, q2 906806
mass 4670.99, q2 1.17637e+06
mass 4630.96, q2 9.82678e+06
mass 5029.07, q2 9.96971e+06
mass 4288.27, q2 1.74846e+06
mass 4477.94, q2 825854
mass 4187.67, q2 1.84571e+06
mass 4050.68, q2 8.11257e+06
mass 3817.52, q2 1.63557e+06
mass 4812.14, q2 3.02609e+06
mass 3826.77, q2 678787
mass 3556.87, q2 9.69131e+06
mass 4903.8, q2 2.3855e+06
mass 4226.63, q2 2.25479e+06
mass 5318.99, q2 8.32139e+06
mass 4640.16, q2 9.48724e+06
mass 5062.24, q2 632313
mass 4840.2, q2 9.904e+06
mass 3393.66, q2 1.61585e+06
mass 3852.8, q2 1.02399e+06
mass 3788.36, q2 3.34161e+06
mass 3205.31, q2 6.92629e+06
mass 4056.39, q2 9.12554e+06
mass 4781.13, q2 2.64931e+06
mass 5092.18, q2 2.59206e+06
mass 3311.65, q2 1.80368e+06
mass 3889.8, q2 1.91312e+06
mass 4354.2, q2 1.13755e+06
mass 5126.77, q2 2.92115e+06
mass 3706.1, q2 9.87587e+06
mass 5192.01, q2 8.65625e+06
mass 3595.8, q2 3.89511e+06
mass 3875.86, q2 1.447e+06
mass 4808.83, q2 1.04661e+07
mass 4204.98, q2 1.32855e+06
mass 4282.52, q2 1.01847e+07
mass 4070.76, q2 5.92445e+06
mass 4339.68, q2 1.06278e+07
mass 4153.14, q2 7.92802e+06
mass 4524.19, q2 2.19824e+06
mass 3896.28, q2 7.25797e+06
mass 4726.5, q2 2.99466e+06
mass 4329.12, q2 2.39044e+06
mass 3722.75, q2 7.1291e+06
mass 3820.08, q2 5.47544e+06
mass 4686.75, q2 1.00607e+07
mass 4018.21, q2 1.02471e+07
mass 4315.55, q2 1.04398e+07
mass 3412.63, q2 1.26111e+06
mass 3410.52, q2 3.02737e+06
mass 3383.07, q2 5.24975e+06
mass 4577.26, q2 9.3491e+06
mass 3220.92, q2 6.73965e+06
mass 3812.44, q2 9.92581e+06
mass 3690.08, q2 990112
mass 3361.73, q2 2.03833e+06
mass 3470.51, q2 7.84144e+06
mass 3339.76, q2 2.38863e+06
mass 3581.12, q2 3.40786e+06
mass 4257.76, q2 1.00117e+07
mass 4331.92, q2 7.28591e+06
mass 3885.36, q2 1.55764e+06
mass 4656.06, q2 1.0172e+07
mass 3695.63, q2 3.34005e+06
mass 4425.86, q2 1.68767e+06
mass 4043.97, q2 9.51431e+06
mass 4249.62, q2 1.90071e+06
mass 3920.43, q2 3.84594e+06
mass 4245.52, q2 419037
mass 4731.45, q2 2.10971e+06
mass 3923.06, q2 8.72081e+06
mass 4179.17, q2 7.82486e+06
mass 4243.57, q2 1.01895e+07
mass 3530.43, q2 912683
mass 3177.96, q2 6.49428e+06
mass 4165.27, q2 1.63745e+06
mass 5053.4, q2 9.72975e+06
mass 4116.66, q2 8.07369e+06
mass 4040.77, q2 538642
mass 4325.03, q2 8.81778e+06
mass 3376.51, q2 8.72932e+06
mass 4563.11, q2 1.05165e+07
mass 3308.59, q2 2.3294e+06
mass 4181.21, q2 1.05134e+07
mass 4812.2, q2 9.23892e+06
mass 3872.29, q2 741539
mass 4124.63, q2 735611
mass 3959.46, q2 2.77732e+06
mass 5235.58, q2 7.26208e+06
mass 3438.41, q2 4.38634e+06
mass 4692.54, q2 1.00955e+07
mass 4747.42, q2 9.03845e+06
mass 4335.68, q2 9.08248e+06
mass 3522.39, q2 8.09438e+06
mass 3358.28, q2 6.46437e+06
mass 5007.53, q2 3.53726e+06
mass 3380.92, q2 1.85516e+06
mass 3678.5, q2 8.5876e+06
mass 3550.07, q2 2.38197e+06
mass 3861.2, q2 3.36371e+06
mass 3545.64, q2 1.18056e+06
mass 4078.76, q2 1.05964e+07
mass 4666.28, q2 9.89745e+06
mass 3857.11, q2 5.88636e+06
mass 4009.89, q2 1.73393e+06
mass 4489.11, q2 1.04492e+07
mass 4701.01, q2 519537
mass 3714.44, q2 8.68031e+06
mass 3452.89, q2 885720
mass 4558.31, q2 1.37771e+06
mass 4356.3, q2 1.04655e+07
mass 3116.76, q2 4.09883e+06
mass 4529.36, q2 9.12214e+06
mass 3611.12, q2 9.7802e+06
mass 3459.63, q2 9.2191e+06
mass 3871.3, q2 2.13783e+06
mass 4824.47, q2 8.76454e+06
mass 3104.64, q2 8.87065e+06
mass 4757.55, q2 6.63671e+06
mass 5338.63, q2 9.14606e+06
mass 5031.65, q2 9.53343e+06
mass 4061.08, q2 1.67117e+06
mass 3519.1, q2 9.33132e+06
mass 3851.01, q2 9.73784e+06
mass 3920.23, q2 596266
mass 7832.76, q2 -1.5e+07
mass 3438.41, q2 9.18916e+06
mass 3984.51, q2 8.67695e+06
mass 4627.19, q2 530728
mass 3803.84, q2 3.93651e+06
mass 3436.54, q2 3.23057e+06
mass 3268.66, q2 2.365e+06
mass 4749.58, q2 1.48834e+06
mass 4295.65, q2 1.00493e+07
mass 3554.44, q2 6.95441e+06
mass 4678.78, q2 1.86199e+06
mass 4275.19, q2 2.31504e+06
mass 3800.44, q2 7.30083e+06
mass 3624.52, q2 6.09335e+06
mass 4052.67, q2 3.01966e+06
mass 3433.24, q2 7.29274e+06
mass 3814.22, q2 4.64762e+06
mass 3416.26, q2 5.69064e+06
mass 4375.3, q2 1.04364e+07
mass 4336.93, q2 1.0467e+07
mass 4384.84, q2 1.0262e+07
mass 4508.84, q2 2.49739e+06
mass 3386.62, q2 5.54374e+06
mass 3436.36, q2 7.80318e+06
mass 3997.16, q2 2.04546e+06
mass 3588.46, q2 6.38037e+06
mass 3464.62, q2 2.54336e+06
mass 5215.66, q2 4.17422e+06
mass 3982.63, q2 1.02371e+07
mass 4321.2, q2 8.193e+06
mass 3447.03, q2 2.18665e+06
mass 4301.83, q2 1.04394e+07
mass 3841.44, q2 884096
mass 5045.11, q2 9.11045e+06
mass 4869.42, q2 1.03364e+07
mass 4332.23, q2 4.51297e+06
mass 4369.36, q2 4.77516e+06
mass 5189.89, q2 2.84741e+06
mass 3256.45, q2 7.92479e+06
mass 3501, q2 1.01472e+07
mass 3500.21, q2 1.14304e+06
mass 3154.31, q2 2.11025e+06
mass 4047.06, q2 6.00402e+06
mass 3807.75, q2 6.404e+06
mass 3345.4, q2 7.9719e+06
mass 5034.36, q2 8.27404e+06
mass 4347.44, q2 8.69438e+06
mass 5172.05, q2 9.24292e+06
mass 3316.91, q2 9.039e+06
mass 3873.74, q2 1.02181e+07
mass 4192.89, q2 6.48159e+06
mass 4772.61, q2 9.99767e+06
mass 4237.26, q2 9.60732e+06
mass 3493.49, q2 1.55135e+06
mass 4244, q2 1.04865e+07
mass 3767.38, q2 1.09541e+06
mass 4168.75, q2 8.16389e+06
mass 5066.32, q2 8.77765e+06
mass 4010.61, q2 2.49554e+06
mass 4773.56, q2 1.01562e+07
mass 3723.29, q2 6.53744e+06
mass 4481.78, q2 6.13566e+06
mass 4625.25, q2 1.03139e+07
mass 3349.3, q2 2.71001e+06
mass 4007.44, q2 1.032e+07
mass 4115.72, q2 4.45775e+06
mass 4117.54, q2 1.05267e+07
mass 3503.98, q2 7.51575e+06
mass 4341.11, q2 1.8875e+06
mass 3366.29, q2 7.50717e+06
mass 4911.98, q2 1.49529e+06
mass 3381.52, q2 5.62352e+06
mass 5099.99, q2 6.16285e+06
mass 4910, q2 1.03657e+07
mass 3397.87, q2 7.30361e+06
mass 4079.63, q2 3.9066e+06
mass 4565.93, q2 1.02437e+07
mass 4454.75, q2 1.67783e+06
mass 3690.59, q2 1.52368e+06
mass 3803.43, q2 3.94752e+06
mass 3887.3, q2 8.11317e+06
mass 3324.45, q2 1.00839e+06
mass 4437.78, q2 3.35654e+06
mass 4078.02, q2 2.23104e+06
mass 3857.06, q2 1.28501e+06
mass 4439.87, q2 1.0281e+07
mass 3148.45, q2 7.82412e+06
mass 3295.13, q2 1.61217e+06
mass 3705.41, q2 1.81438e+06
mass 4550.96, q2 7.47142e+06
mass 4803.61, q2 196021
mass 3809.85, q2 840080
mass 3799.86, q2 9.07138e+06
mass 4253.96, q2 9.76482e+06
mass 4667.25, q2 1.05711e+07
mass 4719.32, q2 2.94022e+06
mass 3378.47, q2 6.98008e+06
mass 5052.91, q2 1.55233e+06
mass 4525.56, q2 1.02067e+07
mass 3697.1, q2 2.38026e+06
mass 3703.89, q2 8.39821e+06
mass 3474.84, q2 1.26097e+06
mass 3525.32, q2 9.10891e+06
mass 3606.35, q2 5.28877e+06
mass 4906.3, q2 1.2256e+06
mass 4480.16, q2 1.01317e+07
mass 4134.57, q2 2.81192e+06
mass 3413.62, q2 3.13287e+06
mass 3555.25, q2 2.06393e+06
mass 3158.31, q2 1.65128e+06
mass 4312.71, q2 2.10565e+06
mass 3448.07, q2 3.15099e+06
mass 3770.22, q2 9.05851e+06
mass 4056.16, q2 2.53684e+06
mass 3793.88, q2 1.25712e+06
mass 3222.99, q2 2.25166e+06
mass 4938.48, q2 1.02791e+07
mass 3529.02, q2 1.37868e+06
mass 3643.99, q2 951123
mass 3380.58, q2 9.61321e+06
mass 5179.17, q2 1.02904e+07
mass 3961.66, q2 2.16499e+06
mass 3495.96, q2 1.51639e+06
mass 3424.71, q2 6.36157e+06
mass 4518.4, q2 1.03941e+07
mass 3542.96, q2 2.4485e+06
mass 3220.68, q2 959917
mass 3461.93, q2 6.86088e+06
mass 4060.76, q2 7.3197e+06
mass 3627.11, q2 1.40411e+06
mass 4460.66, q2 5.58144e+06
mass 3403.31, q2 1.78812e+06
mass 3281.87, q2 1.68956e+06
mass 4842.4, q2 2.85501e+06
mass 3947.39, q2 2.07512e+06
mass 3600.38, q2 9.7638e+06
mass 3845.82, q2 9.53631e+06
mass 4088.19, q2 4.41865e+06
mass 3906.15, q2 1.88294e+06
mass 3574.87, q2 4.20704e+06
mass 3699.39, q2 959092
mass 4013.87, q2 1.05068e+07
mass 4843.41, q2 1.70148e+06
mass 3565.64, q2 4.24917e+06
mass 4333.63, q2 1.04315e+07
mass 3611.85, q2 8.1923e+06
mass 5040.35, q2 7.10462e+06
mass 4352.58, q2 8.13083e+06
mass 3603.08, q2 5.0445e+06
mass 3723.55, q2 2.20699e+06
mass 5256.44, q2 234353
mass 4145.6, q2 4.65893e+06
mass 4195.26, q2 1.02853e+07
mass 4054.31, q2 7.77325e+06
mass 3784.79, q2 898911
mass 3449.5, q2 7.93969e+06
mass 5047.67, q2 1.01983e+07
mass 4720.62, q2 1.00865e+07
mass 3562.46, q2 1.00698e+07
mass 4516.54, q2 1.04653e+07
mass 3496.33, q2 3.324e+06
mass 3464.08, q2 9.36213e+06
mass 3537.55, q2 3.32387e+06
mass 5256.28, q2 9.13808e+06
mass 4315.43, q2 1.43457e+06
mass 4048.34, q2 1.27929e+06
mass 4511.98, q2 2.30025e+06
mass 4227.87, q2 1.03219e+06
mass 7244.01, q2 -5.56279e+06
mass 4196.49, q2 1.0553e+07
mass 4357.94, q2 634317
mass 3547.82, q2 1.0894e+06
mass 3690.68, q2 378182
mass 3735.66, q2 8.05203e+06
mass 3674.3, q2 909732
mass 4875.55, q2 3.48892e+06
mass 3998.58, q2 1.36905e+06
mass 3411.77, q2 8.44337e+06
mass 4706.11, q2 5.02115e+06
mass 4429.41, q2 1.06462e+07
mass 3591.14, q2 7.40091e+06
mass 3961.5, q2 1.83156e+06
mass 4363.77, q2 1.11398e+06
mass 3664.24, q2 836196
mass 4074.18, q2 9.91417e+06
mass 4487.52, q2 4.36812e+06
mass 4297.29, q2 9.86374e+06
mass 3263.75, q2 7.99086e+06
mass 5096.68, q2 1.00826e+07
mass 4060.55, q2 525322
mass 5252.95, q2 452406
mass 3897.5, q2 7.37716e+06
mass 3526.39, q2 3.14484e+06
mass 3410.7, q2 8.24338e+06
mass 4126.45, q2 353569
mass 3832.79, q2 9.21398e+06
mass 4230.26, q2 1.03592e+07
mass 4048.08, q2 4.76909e+06
mass 4469.99, q2 7.18731e+06
mass 4094.79, q2 1.62815e+06
mass 3933.49, q2 5.89187e+06
mass 3373.29, q2 4.35423e+06
mass 3842.82, q2 1.46634e+06
mass 4566.82, q2 5.12698e+06
mass 4729.22, q2 2.24438e+06
mass 3763.52, q2 802783
mass 3997.15, q2 1.80182e+06
mass 4430.92, q2 1.79131e+06
mass 4323.61, q2 3.30287e+06
mass 4697.14, q2 1.01972e+07
mass 3281.84, q2 6.68201e+06
mass 5178.42, q2 3.63923e+06
mass 3199.47, q2 1.06021e+06
mass 4814.12, q2 4.11784e+06
mass 3231.51, q2 1.24614e+06
mass 4181.52, q2 989972
mass 4214.06, q2 8.10953e+06
mass 3820.6, q2 2.0386e+06
mass 3688.02, q2 1.02387e+07
mass 3219.37, q2 8.9512e+06
mass 4512.06, q2 6.66245e+06
mass 4832.51, q2 9.45552e+06
mass 3449.27, q2 5.41799e+06
mass 5179.16, q2 1.68475e+06
mass 3494.82, q2 6.55723e+06
mass 3373.49, q2 4.1712e+06
mass 4413.12, q2 9.10476e+06
mass 4193.26, q2 2.08041e+06
mass 3762.81, q2 2.20488e+06
mass 4923.96, q2 9.51705e+06
mass 4623.12, q2 6.71803e+06
mass 4601.62, q2 3.5063e+06
mass 4960.14, q2 4.81626e+06
mass 3933.7, q2 9.01763e+06
mass 3961.2, q2 4.49295e+06
mass 4253.76, q2 3.26236e+06
mass 4829.48, q2 2.69318e+06
mass 3525.19, q2 8.03928e+06
mass 4102.29, q2 9.83852e+06
mass 3597.38, q2 2.95138e+06
mass 3865.82, q2 6.34391e+06
mass 4969.3, q2 120032
mass 3461.43, q2 4.10967e+06
mass 3342.17, q2 5.4201e+06
mass 3436.07, q2 1.8806e+06
mass 4182.47, q2 620588
mass 3987.39, q2 378927
mass 3809.26, q2 8.23191e+06
mass 4631.38, q2 3.68534e+06
mass 4121.61, q2 3.20149e+06
mass 4767.09, q2 2.03407e+06
mass 3642.07, q2 8.19111e+06
mass 5029.29, q2 1.94359e+06
mass 4044.81, q2 2.66465e+06
mass 5266.14, q2 9.73103e+06
mass 4387.79, q2 6.28522e+06
mass 3290.27, q2 3.31684e+06
mass 3843.37, q2 935800
mass 3344.16, q2 1.01603e+07
mass 3990.9, q2 2.84113e+06
mass 3834.56, q2 9.64066e+06
mass 4630.27, q2 1.01144e+07
mass 3795.94, q2 2.99981e+06
mass 3347.53, q2 2.92585e+06
mass 4814.78, q2 2.98294e+06
mass 4032.83, q2 2.19507e+06
mass 3429.98, q2 9.41027e+06
mass 3177.98, q2 1.69604e+06
mass 3760.64, q2 7.04709e+06
mass 3926.72, q2 1.08774e+06
mass 4386.08, q2 1.03132e+07
mass 3897.94, q2 6.02482e+06
mass 3767.97, q2 546486
mass 5181.82, q2 358460
mass 4789.02, q2 8.12012e+06
mass 4056.64, q2 1.0149e+07
mass 4268.3, q2 523315
mass 3961.52, q2 4.51982e+06
mass 3365.35, q2 2.00745e+06
mass 4054.8, q2 9.02006e+06
mass 4115.5, q2 1.03416e+07
mass 4779.23, q2 656419
mass 3472.86, q2 1.50546e+06
mass 4122.48, q2 1.04715e+07
mass 3667.64, q2 1.09979e+06
mass 3337.52, q2 1.97264e+06
mass 4922.63, q2 2.40932e+06
mass 4977.29, q2 6.27704e+06
mass 4426.52, q2 1.0541e+07
mass 5257.14, q2 9.40911e+06
mass 3483.15, q2 2.50532e+06
mass 3550.53, q2 8.82073e+06
mass 4499.81, q2 2.16857e+06
mass 5033.14, q2 6.91652e+06
mass 3322.27, q2 1.28406e+06
mass 3289.39, q2 1.82352e+06
mass 4178.21, q2 1.73356e+06
mass 3872.56, q2 3.70356e+06
mass 3447.71, q2 2.89436e+06
mass 4607.82, q2 3.28587e+06
mass 5024.14, q2 8.37368e+06
mass 3512.84, q2 3.24044e+06
mass 4124.46, q2 3.3571e+06
mass 4110.59, q2 1.27476e+06
mass 4130.03, q2 1.04071e+07
mass 3491.17, q2 3.12942e+06
mass 3106.66, q2 1.77789e+06
mass 4581.9, q2 7.35834e+06
mass 3613.07, q2 2.16324e+06
mass 3611.87, q2 4.03986e+06
mass 3497.53, q2 1.47956e+06
mass 3584.49, q2 8.95719e+06
mass 4557.26, q2 8.60859e+06
mass 5183.25, q2 1.04943e+07
mass 4759.57, q2 264782
mass 3340.69, q2 7.33244e+06
mass 3544.66, q2 9.1118e+06
mass 4051.71, q2 1.039e+07
mass 4291.01, q2 6.77799e+06
mass 3345.86, q2 1.3717e+06
mass 3557.05, q2 1.88301e+06
mass 4388.53, q2 686928
mass 4239.37, q2 3.65555e+06
mass 3425.03, q2 943195
mass 5044.7, q2 8.99893e+06
mass 4787.6, q2 4.99009e+06
mass 3519.05, q2 7.93195e+06
mass 4375.98, q2 9.9297e+06
mass 4590.81, q2 1.89604e+06
mass 3522.84, q2 9.70404e+06
mass 3744.52, q2 4.45463e+06
mass 4333.57, q2 4.64357e+06
mass 4961.57, q2 1.37671e+06
mass 4177.44, q2 6.5176e+06
mass 5053.29, q2 3.21938e+06
mass 3975.76, q2 1.06364e+07
mass 3493.58, q2 3.9879e+06
mass 3401.61, q2 5.71592e+06
mass 3271.96, q2 2.08051e+06
mass 4402.74, q2 1.0358e+07
mass 4622.62, q2 1.61232e+06
mass 4067.9, q2 4.39511e+06
mass 3925.65, q2 1.35674e+06
mass 5058.22, q2 8.32331e+06
mass 3815.33, q2 3.24108e+06
mass 4239.19, q2 673496
mass 4582.79, q2 600295
mass 3870.54, q2 1.06357e+07
mass 4617.02, q2 2.67791e+06
mass 4211.05, q2 8.59826e+06
mass 5129.54, q2 592282
mass 3975.4, q2 1.74786e+06
mass 3327.38, q2 7.46406e+06
mass 5199.57, q2 8.22981e+06
mass 4006.26, q2 1.04798e+07
mass 3473.46, q2 9.25997e+06
mass 4027.65, q2 4.57786e+06
mass 4582.07, q2 7.50385e+06
mass 3892.77, q2 1.06169e+07
mass 4017.16, q2 8.99112e+06
mass 3943.98, q2 4.84043e+06
mass 3672.35, q2 2.25932e+06
mass 4565.78, q2 1.05845e+07
mass 3962.2, q2 9.45262e+06
mass 3525.69, q2 644494
mass 3938.95, q2 1.04359e+07
mass 3463.37, q2 3.36167e+06
mass 3559.84, q2 9.17171e+06
mass 3317.96, q2 7.84305e+06
mass 3493.12, q2 7.0842e+06
mass 4995.56, q2 4.15241e+06
mass 5326.04, q2 8.26218e+06
mass 3883.74, q2 1.11915e+06
mass 4467.65, q2 6.37484e+06
mass 4782.45, q2 1.02145e+07
mass 4378.06, q2 1.02746e+07
mass 4139.93, q2 1.02693e+07
mass 5071.78, q2 2.34795e+06
mass 3761.89, q2 1.05417e+06
mass 3547.72, q2 2.48069e+06
mass 3545.23, q2 2.12726e+06
mass 5261.96, q2 373138
mass 3554.16, q2 9.94243e+06
mass 3940.41, q2 5.24568e+06
mass 4278.72, q2 810689
mass 4541.31, q2 3.15306e+06
mass 3664.9, q2 1.39944e+06
mass 3992.82, q2 3.90599e+06
mass 3654.13, q2 1.27887e+06
mass 4502.42, q2 6.26606e+06
mass 5141.48, q2 9.28608e+06
mass 3786.53, q2 9.77672e+06
mass 4045.58, q2 8.55418e+06
mass 5158.5, q2 537830
mass 5191, q2 3.01523e+06
mass 4795.43, q2 2.25298e+06
mass 3284.82, q2 1.82857e+06
mass 3749.4, q2 2.74368e+06
mass 5360.72, q2 3.59492e+06
mass 3853.08, q2 4.91181e+06
mass 3261.36, q2 6.73773e+06
mass 3839.59, q2 8.18566e+06
mass 3370.82, q2 1.36748e+06
mass 3868.1, q2 6.53628e+06
mass 3708.26, q2 4.0317e+06
mass 4735.88, q2 9.84621e+06
mass 3772.98, q2 6.00789e+06
mass 3148.1, q2 2.14662e+06
mass 3617.21, q2 1.8884e+06
mass 3961.76, q2 1.32292e+06
mass 3792.63, q2 4.66929e+06
mass 4818.49, q2 4.11644e+06
mass 4156.57, q2 2.45904e+06
mass 3823.85, q2 1.357e+06
mass 4300.58, q2 1.86373e+06
mass 4425.2, q2 8.4615e+06
mass 3554.99, q2 6.00388e+06
mass 4837.8, q2 2.70005e+06
mass 4296.81, q2 1.11264e+06
mass 4075.56, q2 1.37486e+06
mass 3213.34, q2 1.30991e+06
mass 4709.28, q2 7.11886e+06
mass 4624.33, q2 5.80047e+06
mass 3234.57, q2 7.72581e+06
mass 3743.97, q2 1.02986e+07
mass 3518.49, q2 8.93173e+06
mass 4717.36, q2 1.03708e+07
mass 4239.74, q2 1.01954e+07
mass 4846.12, q2 1.03708e+07
mass 3494.38, q2 1.50832e+06
mass 3556.37, q2 8.7551e+06
mass 4730.54, q2 1.00857e+07
mass 4787.98, q2 1.03989e+07
mass 3525.59, q2 1.16766e+06
mass 3336.85, q2 4.07336e+06
mass 3838.45, q2 9.87371e+06
mass 4176.1, q2 2.78314e+06
mass 4415.45, q2 1.08276e+06
mass 3498.73, q2 6.37351e+06
mass 3816.48, q2 2.73921e+06
mass 4251.63, q2 1.05615e+07
mass 4363.99, q2 9.77264e+06
mass 4364.79, q2 879071
mass 3652.65, q2 2.55432e+06
mass 5228.05, q2 2.58521e+06
mass 4006.72, q2 2.79244e+06
mass 3711.95, q2 2.52262e+06
mass 3494.6, q2 1.08419e+06
mass 4231.88, q2 1.30575e+06
mass 3924.03, q2 2.13856e+06
mass 3802.52, q2 5.52614e+06
mass 5137, q2 274271
mass 3487.47, q2 6.98858e+06
mass 5348.65, q2 9.15904e+06
mass 4039.75, q2 6.16702e+06
mass 3919.65, q2 6.30186e+06
mass 3835.02, q2 8.14498e+06
mass 3296.89, q2 6.69353e+06
mass 3388.85, q2 6.99014e+06
mass 4399.73, q2 1.02775e+07
mass 4017.51, q2 2.39344e+06
mass 3461.17, q2 2.77596e+06
mass 3979.45, q2 9.71803e+06
mass 3437.29, q2 8.87024e+06
mass 3830.25, q2 7.55887e+06
mass 3576.24, q2 4.11208e+06
mass 3307.5, q2 3.56259e+06
mass 4716.44, q2 5.63552e+06
mass 3713.83, q2 9.41514e+06
mass 3544.95, q2 9.74164e+06
mass 4105.06, q2 579052
mass 4567.35, q2 4.26476e+06
mass 3537.82, q2 445364
mass 3496.55, q2 8.87047e+06
mass 3317.36, q2 573162
mass 4072.95, q2 5.05974e+06
mass 4600.22, q2 1.01083e+07
mass 3737.27, q2 8.09699e+06
mass 4300.23, q2 3.18861e+06
mass 3469.25, q2 9.50529e+06
mass 4220.81, q2 1.45621e+06
mass 4682.6, q2 5.62109e+06
mass 4028.14, q2 4.71446e+06
mass 4197.07, q2 9.61607e+06
mass 4251.87, q2 9.05719e+06
mass 4970.44, q2 5.29349e+06
mass 4419.92, q2 2.23759e+06
mass 4946.22, q2 9.79616e+06
mass 4920.3, q2 5.00755e+06
mass 4230.51, q2 1.05343e+07
mass 3274.97, q2 2.01207e+06
mass 4233.92, q2 3.2727e+06
mass 4084.03, q2 7.1019e+06
mass 4149.68, q2 1.01219e+07
mass 3622.5, q2 9.70063e+06
mass 5249.37, q2 3.99317e+06
mass 3779.26, q2 1.00297e+07
mass 3648.75, q2 5.94167e+06
mass 3541.7, q2 9.761e+06
mass 3938.36, q2 1.45562e+06
mass 4439.47, q2 9.30268e+06
mass 5015.51, q2 6.76452e+06
mass 3265.43, q2 7.47274e+06
mass 3470.06, q2 1.65198e+06
mass 3745.67, q2 8.88075e+06
mass 3828.29, q2 1.03032e+07
mass 3615.97, q2 9.7614e+06
mass 4133.35, q2 8.73934e+06
mass 3308.91, q2 8.35639e+06
mass 3916.14, q2 9.24757e+06
mass 3912.32, q2 7.08343e+06
mass 4064.16, q2 873366
mass 4992.48, q2 4.99708e+06
mass 3580.01, q2 7.10419e+06
mass 4896, q2 1.04519e+07
mass 4621.49, q2 3.31473e+06
mass 3342.76, q2 9.2987e+06
mass 4154.9, q2 6.46849e+06
mass 3705.65, q2 3.59024e+06
mass 4966.67, q2 2.31211e+06
mass 5076.5, q2 2.94203e+06
mass 3184.84, q2 6.31404e+06
mass 4178.65, q2 5.61505e+06
mass 3949.59, q2 9.8981e+06
mass 4768.74, q2 7.70617e+06
mass 3704.97, q2 4.5863e+06
mass 4507.22, q2 3.16225e+06
mass 3775.16, q2 2.96537e+06
mass 3326.99, q2 1.86541e+06
mass 3974.29, q2 4.01796e+06
mass 4453.26, q2 1.99983e+06
mass 3698.46, q2 4.40318e+06
mass 4467.21, q2 1.75394e+06
mass 4479.42, q2 6.30244e+06
mass 4843.07, q2 7.66558e+06
mass 3301.16, q2 4.40119e+06
mass 4831.79, q2 1.01676e+07
mass 4048.42, q2 6.15479e+06
mass 4485.56, q2 2.11349e+06
mass 3300.63, q2 400721
mass 4329.37, q2 1.4655e+06
mass 3653.91, q2 4.6537e+06
mass 3522.79, q2 8.68572e+06
mass 3410.94, q2 7.66331e+06
mass 4201.74, q2 1.04556e+07
mass 4104.63, q2 8.14378e+06
mass 3624.72, q2 3.64596e+06
mass 3745.53, q2 2.17755e+06
mass 4040.94, q2 7.56063e+06
mass 4069.14, q2 6.49612e+06
mass 4011.05, q2 7.78051e+06
mass 3907.35, q2 1.31379e+06
mass 3522.25, q2 8.80333e+06
mass 4187.4, q2 1.04587e+07
mass 3341.99, q2 8.5073e+06
mass 3952.6, q2 5.91426e+06
mass 3529.79, q2 1.04264e+07
mass 4073.24, q2 8.81569e+06
mass 4461.61, q2 1.0472e+07
mass 4313.16, q2 1.86307e+06
mass 4770.25, q2 6.24626e+06
mass 5175.83, q2 2.51758e+06
mass 3747.15, q2 1.92032e+06
mass 5170.68, q2 9.72427e+06
mass 3990.98, q2 712151
mass 4566.67, q2 1.05727e+07
mass 3758.49, q2 9.51065e+06
mass 3306.99, q2 7.61102e+06
mass 3482.96, q2 2.47447e+06
mass 3187.3, q2 7.01051e+06
mass 4992.25, q2 8.80513e+06
mass 3792.92, q2 2.28245e+06
mass 3956.39, q2 1.18497e+06
mass 3335.86, q2 8.86362e+06
mass 3371.59, q2 1.06163e+06
mass 3735.32, q2 877138
mass 4167.15, q2 5.47855e+06
mass 4263.09, q2 2.70153e+06
mass 3831.84, q2 1.00442e+07
mass 3780.01, q2 9.85421e+06
mass 4480.89, q2 4.57645e+06
mass 3365.86, q2 8.33485e+06
mass 3187, q2 7.64757e+06
mass 3911.37, q2 1.3432e+06
mass 3392.55, q2 1.24711e+06
mass 3647.14, q2 4.59444e+06
mass 4560.09, q2 1.04864e+07
mass 4901.62, q2 3.9519e+06
mass 3772.06, q2 1.02576e+07
mass 3856.38, q2 4.10639e+06
mass 4724.58, q2 278731
mass 4550.76, q2 9.69695e+06
mass 3995.78, q2 1.02447e+07
mass 3572.13, q2 6.91574e+06
mass 4019.47, q2 1.03444e+07
mass 3939.58, q2 7.1912e+06
mass 3595.52, q2 934442
mass 3369.54, q2 2.47466e+06
mass 4265.42, q2 8.41751e+06
mass 4762.36, q2 9.86223e+06
mass 4929.24, q2 9.63881e+06
mass 3788.7, q2 2.08968e+06
mass 5198.12, q2 5.10216e+06
mass 3205.18, q2 1.35426e+06
mass 3703.84, q2 3.67124e+06
mass 3350.17, q2 5.62587e+06
mass 4335.42, q2 468442
mass 4219.05, q2 9.10212e+06
mass 4344.44, q2 2.94359e+06
mass 5060.21, q2 2.99622e+06
mass 3869.11, q2 9.97766e+06
mass 4167.2, q2 7.75514e+06
mass 3895.57, q2 1.80183e+06
mass 3616.47, q2 9.33454e+06
mass 4821.44, q2 4.82961e+06
mass 3678.36, q2 837981
mass 3571.96, q2 5.30393e+06
mass 4512.11, q2 1.03468e+07
mass 3921.58, q2 9.86105e+06
mass 3517.31, q2 4.93931e+06
mass 3767.73, q2 1.9919e+06
mass 3516.15, q2 8.30024e+06
mass 4233.31, q2 9.54415e+06
mass 3329.89, q2 1.05963e+06
mass 4052.26, q2 1.04945e+07
mass 4595.19, q2 1.01356e+07
mass 3566.35, q2 9.71365e+06
mass 3952.24, q2 9.41978e+06
mass 3326.45, q2 7.57941e+06
mass 4467.12, q2 1.61007e+06
mass 3909.16, q2 760236
mass 3370.87, q2 8.54019e+06
mass 4324.18, q2 224905
mass 3642.34, q2 9.34192e+06
mass 5093.63, q2 2.87634e+06
mass 3606.8, q2 1.02946e+06
mass 3601.5, q2 4.25577e+06
mass 3621.91, q2 2.38795e+06
mass 5077.44, q2 368877
mass 3132.41, q2 6.3223e+06
mass 3626.32, q2 1.87916e+06
mass 3671.63, q2 3.50292e+06
mass 4495.05, q2 1.05401e+07
mass 3916.12, q2 7.3075e+06
mass 3741.4, q2 1.00462e+07
mass 3442.14, q2 1.06773e+06
mass 3505.31, q2 3.95521e+06
mass 3924.55, q2 8.43549e+06
mass 3402.33, q2 1.55064e+06
mass 3872.18, q2 469387
mass 5099.34, q2 8.5823e+06
mass 4121.32, q2 6.27406e+06
mass 3429.61, q2 3.93147e+06
mass 5285.27, q2 474679
mass 4697.89, q2 1.68901e+06
mass 3922.56, q2 673763
mass 6567.35, q2 -879824
mass 4657.83, q2 1.04681e+07
mass 3206.35, q2 2.37305e+06
mass 3308.08, q2 2.31292e+06
mass 3070.6, q2 1.10043e+06
mass 3652.81, q2 3.54764e+06
mass 3709.56, q2 5.46636e+06
mass 4266.98, q2 1.89299e+06
mass 4282.17, q2 3.61428e+06
mass 4803.38, q2 1.01436e+07
mass 4798.93, q2 9.23857e+06
mass 4380.95, q2 1.22505e+06
mass 5199.81, q2 747475
mass 4368.81, q2 2.33797e+06
mass 3507.89, q2 548736
mass 3341.57, q2 7.56168e+06
mass 3383.74, q2 1.28178e+06
mass 5018.88, q2 9.31589e+06
mass 3776.14, q2 1.71964e+06
mass 4267.84, q2 9.852e+06
mass 4568.82, q2 2.87491e+06
mass 4102.32, q2 4.82876e+06
mass 4257.08, q2 7.42142e+06
mass 4091.71, q2 1.01566e+07
mass 4257.45, q2 1.05664e+07
mass 3391.13, q2 4.38761e+06
mass 3272.89, q2 1.15091e+06
mass 3790.8, q2 6.22637e+06
mass 5285.79, q2 9.68519e+06
mass 3477.54, q2 6.01309e+06
mass 3154.12, q2 1.53771e+06
mass 5245.55, q2 2.45326e+06
mass 3745.79, q2 7.61972e+06
mass 4023.87, q2 1.01101e+07
mass 4076.26, q2 516427
mass 4690.56, q2 1.00563e+07
mass 4585.63, q2 3.32714e+06
mass 3670.51, q2 1.19783e+06
mass 3694.22, q2 3.13728e+06
mass 3333.56, q2 3.80546e+06
mass 4212.42, q2 5.70401e+06
mass 4575.7, q2 2.10265e+06
mass 4285.07, q2 1.01914e+07
mass 4276.11, q2 1.01037e+07
mass 4547.28, q2 1.4147e+06
mass 4013.99, q2 2.94332e+06
mass 3857.36, q2 2.72131e+06
mass 3920.04, q2 795786
mass 4401.24, q2 1.04129e+07
mass 4972.83, q2 853344
mass 4348.86, q2 1.04981e+07
mass 3636.88, q2 2.68228e+06
mass 3687.65, q2 1.49648e+06
mass 3596.22, q2 2.49039e+06
mass 4316.76, q2 331910
mass 4469.38, q2 1.01961e+07
mass 4649.68, q2 5.49002e+06
mass 4583.18, q2 8.25428e+06
mass 3627, q2 9.00335e+06
mass 4045.74, q2 8.9155e+06
mass 4250.39, q2 3.78847e+06
mass 3354.33, q2 8.15708e+06
mass 3336.26, q2 8.4752e+06
mass 4927.42, q2 2.77999e+06
mass 4479.39, q2 1.93854e+06
mass 4202.71, q2 1.05014e+07
mass 3919.55, q2 7.03854e+06
mass 3172.83, q2 4.29565e+06
mass 3310.22, q2 5.82728e+06
mass 3697.06, q2 1.01801e+07
mass 3570.65, q2 9.64943e+06
mass 4339.65, q2 2.90232e+06
mass 4144.12, q2 1.06221e+07
mass 3136.99, q2 2.85185e+06
mass 3517.84, q2 614970
mass 7692.24, q2 -7.20169e+06
mass 3627.81, q2 4.90922e+06
mass 3949.79, q2 9.20694e+06
mass 4168.11, q2 9.25995e+06
mass 4262.15, q2 826856
mass 4604.18, q2 1.00726e+07
mass 3447.55, q2 5.3362e+06
mass 3151.57, q2 3.25594e+06
mass 3546.26, q2 1.60711e+06
mass 3701.55, q2 7.78356e+06
mass 4165.95, q2 957960
mass 3896.68, q2 2.39196e+06
mass 3648.19, q2 1.08009e+06
mass 3630.64, q2 2.59608e+06
mass 3520.25, q2 1.76659e+06
mass 5034.07, q2 3.37078e+06
mass 3527.12, q2 4.21537e+06
mass 3278.1, q2 948094
mass 3891.88, q2 1.11695e+06
mass 4606.66, q2 3.14876e+06
mass 3772.7, q2 8.77399e+06
mass 4368.99, q2 1.05633e+07
mass 3141.67, q2 5.24208e+06
mass 4408.43, q2 6.48446e+06
mass 3629.31, q2 1.92066e+06
mass 3792.68, q2 3.20165e+06
mass 3379.92, q2 7.322e+06
mass 3620.73, q2 8.31399e+06
mass 3351.84, q2 1.75846e+06
mass 4290.5, q2 2.80766e+06
mass 3371.69, q2 2.82336e+06
mass 4015.06, q2 1.05608e+07
mass 5124.08, q2 9.02096e+06
mass 3745.76, q2 1.80854e+06
mass 3415.93, q2 1.87524e+06
mass 3568.97, q2 9.90577e+06
mass 3497.31, q2 2.78933e+06
mass 4071.35, q2 3.37234e+06
mass 4016.08, q2 3.83484e+06
mass 4962.77, q2 9.76033e+06
mass 3885.63, q2 1.00736e+07
mass 4264, q2 2.15643e+06
mass 5266.95, q2 965599
mass 5160.03, q2 9.93955e+06
mass 5194.2, q2 963772
mass 3876.23, q2 1.00524e+07
mass 3664.51, q2 9.49117e+06
mass 4493.55, q2 4.85107e+06
mass 5251.66, q2 7.68898e+06
mass 3394.98, q2 6.65391e+06
mass 3591.18, q2 3.78379e+06
mass 3561.13, q2 8.99501e+06
mass 3950.59, q2 5.98821e+06
mass 4228.33, q2 6.08978e+06
mass 3327.32, q2 6.99586e+06
mass 4234.32, q2 7.59398e+06
mass 3719.55, q2 8.10139e+06
mass 3747.7, q2 1.26615e+06
mass 3601.02, q2 4.16448e+06
mass 4699.99, q2 2.78396e+06
mass 3158.06, q2 8.91716e+06
mass 3700.11, q2 542997
mass 3763.41, q2 2.97648e+06
mass 5157.2, q2 7.47532e+06
mass 4561.09, q2 3.81186e+06
mass 3860.14, q2 2.77329e+06
mass 3997.87, q2 9.33192e+06
mass 3981.56, q2 9.841e+06
mass 4804.95, q2 1.01119e+07
RooDataSet::dataset[m_{D_{s}#mu}] = 1984 entries
RooDataSet::datasetQ[m_{D_{s}#mu},q^{2}] = 1984 entries
RooDataSet::datasetE[m_{D_{s}#mu},E_{#mu}] = 1984 entries
RooDataSet::datasetM[m_{D_{s}#mu},mm^2] = 1984 entries
RooDataSet::datasetQP[m_{D_{s}#mu},q^{2}] = 1984 entries
RooDataSet::datasetQM[m_{D_{s}#mu},q^{2}] = 1984 entries
All events processed
