
[1mRooFit v3.60 -- Developed by Wouter Verkerke and David Kirkby[0m 
                Copyright (C) 2000-2013 NIKHEF, University of California & Stanford University
                All rights reserved, please read http://roofit.sourceforge.net/license.txt

 11 ./Templater
 11 -in
 11 -conf
 11 -flag
 11 -mc
 11 -newmc
 11 -mat
 ::: Setting Fit Parameters from config/config_NorBin_IsoPIDCut_Q2.txt file ::: 
Read value :: 0 :: for param :: applyTauCut
 ::: Setting Fit Parameters from config/config_NorBin_IsoPIDCut_Q2.txt file ::: 
Read value :: 0 :: for param :: applyBMCut
 ::: Setting Fit Parameters from config/config_NorBin_IsoPIDCut_Q2.txt file ::: 
Read value :: 1 :: for param :: applyIsoCut
 ::: Setting Fit Parameters from config/config_NorBin_IsoPIDCut_Q2.txt file ::: 
Read value :: 125 :: for param :: nBinsMass
 ::: Setting Fit Parameters from config/config_NorBin_IsoPIDCut_Q2.txt file ::: 
Read value :: 20 :: for param :: nBinsQsq
 ::: Setting Fit Parameters from config/config_NorBin_IsoPIDCut_Q2.txt file ::: 
Read value :: 20 :: for param :: nBinsEmu
 ::: Setting Fit Parameters from config/config_NorBin_IsoPIDCut_Q2.txt file ::: 
Read value :: 20 :: for param :: nBinsMMsq
 ::: Setting Fit Parameters from config/config_NorBin_IsoPIDCut_Q2.txt file ::: 
Read value :: 0 :: for param :: doPhiPi
Setting output 
 Entering Do Template 
-------------------------
Set LHCb Style - Feb 2012
-------------------------
Going to write output file :: output/RootOutp_MCAll_NorBIsoPIDCutSignal_Bs0Ds0staMu.root
 /eos/lhcb/user/r/rvazquez/RDS/MC09/MC09_DsMuNu.root
TFile**		/eos/lhcb/user/r/rvazquez/RDS/MC09/MC09_DsMuNu.root	
 TFile*		/eos/lhcb/user/r/rvazquez/RDS/MC09/MC09_DsMuNu.root	
  KEY: TDirectoryFile	B2DsMuNuTuple;1	B2DsMuNuTuple
  KEY: TDirectoryFile	B2DsMuNuSSTuple;1	B2DsMuNuSSTuple
  KEY: TDirectoryFile	B2DsMuNuTupleFake;1	B2DsMuNuTupleFake
  KEY: TDirectoryFile	B2DsMuNuSSTupleFake;1	B2DsMuNuSSTupleFake
192045
--- ... Processing event: 0
--- ... Processing event: 10000
--- ... Processing event: 20000
--- ... Processing event: 30000
--- ... Processing event: 40000
--- ... Processing event: 50000
--- ... Processing event: 60000
--- ... Processing event: 70000
--- ... Processing event: 80000
--- ... Processing event: 90000
--- ... Processing event: 100000
--- ... Processing event: 110000
--- ... Processing event: 120000
--- ... Processing event: 130000
--- ... Processing event: 140000
--- ... Processing event: 150000
--- ... Processing event: 160000
--- ... Processing event: 170000
--- ... Processing event: 180000
--- ... Processing event: 190000
RooDataSet::dataset[m_{D_{s}#mu}] = 10435 entries
RooDataSet::datasetQ[m_{D_{s}#mu},q^{2}] = 10435 entries
RooDataSet::datasetE[m_{D_{s}#mu},E_{#mu}] = 10435 entries
RooDataSet::datasetM[m_{D_{s}#mu},mm^2] = 10435 entries
